




<!DOCTYPE html>
<html>
<head>
	<meta charset='UTF-8' /> 
	<meta name='description' content='' />
	<meta name='robots' content='noodp, noydir' />
	<meta name='viewport' content='width=device-width, initial-scale=1' />
	<meta id="timeStampFormat" name="timeStampFormat" content='MMM d, yyyy hh:mm:ss a'/>
	
        <link href='http://fonts.googleapis.com/css?family=Source+Sans+Pro:400,600' rel='stylesheet' type='text/css' />
        <link href="http://fonts.googleapis.com/icon?family=Material+Icons" rel="stylesheet" />
        <link href='http://cdn.jsdelivr.net/gh/extent-framework/extent-github-cdn@ff53917fbbdb5ef820abbbe4d199a6942dc771ff/v3html/css/extent.css' type='text/css' rel='stylesheet' />
	
	<title></title>

	<style type='text/css'>
		/* json-tree */
		.jstBracket,.jstComma,.jstValue{white-space:pre-wrap}.jstValue{font-size:10px;font-weight:400;font-family:"Lucida Console",Monaco,monospace}.jstProperty{color:#666;word-wrap:break-word}.jstBool{color:#2525CC}.jstNum{color:#D036D0}.jstNull{color:gray}.jstStr{color:#2DB669}.jstFold:after{content:' -';cursor:pointer}.jstExpand{white-space:normal}.jstExpand:after{content:' +';cursor:pointer}.jstFolded{white-space:normal!important}.jstHiddenBlock{display:none}
			
	</style>
	
	<script type="text/javascript">
		/*! json-tree - v0.2.2 - 2017-09-25, MIT LICENSE */
		var JSONTree=function(){var n={"&":"&amp;","<":"&lt;",">":"&gt;",'"':"&quot;","'":"&#x27;","/":"&#x2F;"},t=0,r=0;this.create=function(n,t){return r+=1,N(u(n,0,!1),{class:"jstValue"})};var e=function(t){return t.replace(/[&<>'"]/g,function(t){return n[t]})},s=function(){return r+"_"+t++},u=function(n,t,r){if(null===n)return f(r?t:0);switch(typeof n){case"boolean":return l(n,r?t:0);case"number":return i(n,r?t:0);case"string":return o(n,r?t:0);default:return n instanceof Array?a(n,t,r):c(n,t,r)}},c=function(n,t,r){var e=s(),u=Object.keys(n).map(function(r){return j(r,n[r],t+1,!0)}).join(m()),c=[g("{",r?t:0,e),N(u,{id:e}),p("}",t)].join("\n");return N(c,{})},a=function(n,t,r){var e=s(),c=n.map(function(n){return u(n,t+1,!0)}).join(m());return[g("[",r?t:0,e),N(c,{id:e}),p("]",t)].join("\n")},o=function(n,t){var r=e(JSON.stringify(n));return N(v(r,t),{class:"jstStr"})},i=function(n,t){return N(v(n,t),{class:"jstNum"})},l=function(n,t){return N(v(n,t),{class:"jstBool"})},f=function(n){return N(v("null",n),{class:"jstNull"})},j=function(n,t,r){var s=v(e(JSON.stringify(n))+": ",r),c=N(u(t,r,!1),{});return N(s+c,{class:"jstProperty"})},m=function(){return N(",\n",{class:"jstComma"})},N=function(n,t){return d("span",t,n)},d=function(n,t,r){return"<"+n+Object.keys(t).map(function(n){return" "+n+'="'+t[n]+'"'}).join("")+">"+r+"</"+n+">"},g=function(n,t,r){return N(v(n,t),{class:"jstBracket"})+N("",{class:"jstFold",onclick:"JSONTree.toggle('"+r+"')"})};this.toggle=function(n){var t=document.getElementById(n),r=t.parentNode,e=t.previousElementSibling;""===t.className?(t.className="jstHiddenBlock",r.className="jstFolded",e.className="jstExpand"):(t.className="",r.className="",e.className="jstFold")};var p=function(n,t){return N(v(n,t),{})},v=function(n,t){return Array(2*t+1).join(" ")+n};return this}();
	</script>
</head>
	<body class='extent standard default hide-overflow bdd-report'>
		<div id='theme-selector' alt='Click to toggle theme. To enable by default, use theme configuration.' title='Click to toggle theme. To enable by default, use theme configuration.'>
			<span><i class='material-icons'>desktop_windows</i></span>
		</div>
<nav>
	<div class="nav-wrapper">
        <a href="#!" class="brand-logo black"><img src="http://cdn.jsdelivr.net/gh/extent-framework/extent-github-cdn@ff53917fbbdb5ef820abbbe4d199a6942dc771ff/commons/img/logo.png"></a>
		<!-- slideout menu -->
		<ul id='slide-out' class='side-nav fixed hide-on-med-and-down'>
			<li class='waves-effect active'><a href='#!' view='test-view' onclick="configureView(0);chartsView('test');"><i class='material-icons'>dashboard</i></a></li>
			<li class='waves-effect'><a href='#!' view='category-view' onclick="configureView(1)"><i class='material-icons'>label_outline</i></a></li>
			<li class='waves-effect'><a href='#!' view='exception-view' onclick="configureView(2)"><i class='material-icons'>bug_report</i></a></li>
			<li class='waves-effect'><a href='#!' onclick="configureView(-1);chartsView('dashboard');" view='dashboard-view'><i class='material-icons'>track_changes</i></a></li>
		</ul>
		<!-- report name -->
		<span class='report-name'></span>
		<!-- report headline -->
		<span class='report-headline'></span>
		<!-- nav-right -->
		<ul id='nav-mobile' class='right hide-on-med-and-down nav-right'>
			<a href='#!'>
			<span class='label blue darken-3 suite-start-time'>sep. 12, 2024 02:40:38 a. m.</span>
			</a>
		</ul>
	</div>
</nav>		<!-- container -->
		<div class='container'>
<div id='test-view' class='view'>
	<section id='controls'>
		<div class='controls grey lighten-4'>
			<!-- test toggle -->
			<div class='chip transparent'>
				<a class='dropdown-button tests-toggle' data-activates='tests-toggle' data-constrainwidth='true' data-beloworigin='true' data-hover='true' href='#'>
				<i class='material-icons'>warning</i> Status
				</a>
				<ul id='tests-toggle' class='dropdown-content'>
										<li status='pass'><a href='#!'>Pass <i class='material-icons green-text'>check_circle</i></a></li>
					<li status='fail'><a href='#!'>Fail <i class='material-icons red-text'>cancel</i></a></li>
					<li class='divider'></li>
					<li status='clear' clear='true'><a href='#!'>Clear Filters <i class='material-icons'>clear</i></a></li>
				</ul>
			</div>
			<!-- test toggle -->
			<!-- category toggle -->
			<div class='chip transparent'>
				<a class='dropdown-button category-toggle' data-activates='category-toggle' data-constrainwidth='false' data-beloworigin='true' data-hover='true' href='#'>
				<i class='material-icons'>local_offer</i> Category
				</a>
				<ul id='category-toggle' class='dropdown-content'>
					<li><a href='#'>@run</a></li>
					<li class='divider'></li>
					<li class='clear'><a href='#!' clear='true'>Clear Filters</a></li>
				</ul>
			</div>
			<!-- category toggle -->
			<!-- clear filters -->
			<div class='chip transparent hide'>
				<a class='' id='clear-filters' alt='Clear Filters' title='Clear Filters'>
				<i class='material-icons'>close</i> Clear
				</a>
			</div>
			<!-- clear filters -->
			<!-- enable dashboard -->
			<div id='toggle-test-view-charts' class='chip transparent'>
				<a class='pink-text' id='enable-dashboard' alt='Enable Dashboard' title='Enable Dashboard'>
				<i class='material-icons'>track_changes</i> Dashboard
				</a>
			</div>
			<!-- enable dashboard -->
			<!-- search -->
			<div class='chip transparent' alt='Search Tests' title='Search Tests'>
				<a href="#" class='search-div'>
				<i class='material-icons'>search</i> Search
				</a>
				<div class='input-field left hide'>
					<input id='search-tests' type='text' class='validate browser-default' placeholder='Search Tests...'>
				</div>
			</div>
			<!-- search -->
		</div>
	</section>

<div id='test-view-charts' class='subview-full'>
    <div id='charts-row' class='row nm-v nm-h'>
        <div class='col s12 m4 l4 np-h'>
            <div class='card-panel nm-v'>
                <div class='left panel-name'>Features</div>
                <div class='chart-box' style="max-height:94px;">
                    <canvas id='parent-analysis' width='90' height='70'></canvas>
                </div>
                <div class='block text-small'>
                    <span class='tooltipped' data-position='top' data-tooltip='$50%'>
                    <span class='strong'>2</span> features passed</span>
                </div>
                <div class='block text-small'>
                    <span class='strong tooltipped' data-position='top' data-tooltip='50%'>
                    2</span> features failed, 
                    <span class='strong tooltipped' data-position='top' data-tooltip='0%'>
                    0</span> skipped
                </div>
            </div>
        </div>
        <div class='col s12 m4 l4 np-h'>
            <div class='card-panel nm-v'>
                <div class='left panel-name'>Scenarios</div>
                <div class='chart-box' style="max-height:94px;">
                    <canvas id='child-analysis' width='90' height='70'></canvas>
                </div>
                <div class='block text-small'>
                    <span class='tooltipped' data-position='top' data-tooltip='72%'>
                    <span class='strong'>21</span> scenarios passed</span>
                </div>
                <div class='block text-small'>
                    <span class='strong tooltipped' data-position='top' data-tooltip='27%'>
                    8</span> scenarios failed, 
                    <span class='strong tooltipped' data-position='top' data-tooltip='0%'>
                    0</span> skipped, 
                    <span class='strong tooltipped' data-position='top' data-tooltip='0%'>
                    0</span> others
                </div>
            </div>
        </div>
        <div class='col s12 m4 l4 np-h'>
            <div class='card-panel nm-v'>
                <div class='left panel-name'>Steps</div>
                <div class='chart-box' style="max-height:94px;">
                    <canvas id='grandchild-analysis' width='90' height='70'></canvas>
                </div>
                <div class='block text-small'>
                    <span class='tooltipped' data-position='top' data-tooltip='89%'>
                    <span class='strong'>196</span> steps passed</span>
                </div>
                <div class='block text-small'>
                    <span class='strong tooltipped' data-position='top' data-tooltip='3%'>
                    8</span> steps failed, 
                    <span class='strong tooltipped' data-position='top' data-tooltip='6%'>
                    14</span> skipped, 
                    <span class='strong tooltipped' data-position='top' data-tooltip='0%'>
                    0</span> others
                </div>
            </div>
        </div>
    </div>
    <div id="timeline-chart" class="row nm-v nm-h">
        <div class="col s12 m12 l12 np-h">
            <div class="card-panel">
                <div class='left panel-name'>Timeline (seconds)</div>
                <div class="chart-box" style="width:98%;max-height:145px;">
                    <canvas id="timeline" height="120"></canvas>
                </div>
            </div>
        </div>
    </div>
</div>	
	<div class='subview-left left'>
		<div class='view-summary'>
			<ul id='test-collection' class='test-collection'>
				<li class='test displayed active has-leaf pass' status='pass' bdd='true' test-id='1'>
					<div class='test-heading'>
						<span class='test-name'>Checkout feature</span>
						<span class='test-time'>sep. 12, 2024 02:40:38 a. m.</span>
						<span class='test-status right pass'>Pass</span>
					</div>
					<div class='test-content hide'>
<div class="sr-filters bdd-filters">
	<a class="btn-floating waves-effect waves-light pass green" title="pass"><i class='material-icons'>check_circle</i></a>
	<a class="btn-floating waves-effect waves-light fail red" title="fail"><i class='material-icons'>cancel</i></a>
	<a class="btn-floating waves-effect waves-light skip blue" title="skip"><i class='material-icons'>redo</i></a>
	<a class="btn-floating waves-effect waves-light clear grey" title="clear"><i class='material-icons'>clear</i></a>
</div>

<div class='scenario node' test-id='2' status='pass'>

	<span class='duration right label'>00 00 02.275</span>
	<div class="bdd-test">
		<div class="scenario-name"><span class='status pass' title='Pass'><i class='material-icons'>check_circle</i></span> Scenario: Checkout a purchase</div>
	</div>
	
	
	
	<ul class='steps'>
		<li test-id='3' class='node given Pass' status='Pass'>
			<div class="step-name" title="(stepDefinitions.CommonSteps.goToSauceDemoPage())"><span class='status pass' title='Pass'><i class='material-icons'>check_circle</i></span>Given I am in sauce demo web page</div>


		</li>
		<li test-id='4' class='node when Pass' status='Pass'>
			<div class="step-name" title="(stepDefinitions.LoginSteps.setUserName(java.lang.String))"><span class='status pass' title='Pass'><i class='material-icons'>check_circle</i></span>When I set the user name text box with "standard_user"</div>


		</li>
		<li test-id='5' class='node and Pass' status='Pass'>
			<div class="step-name" title="(stepDefinitions.LoginSteps.setPassword(java.lang.String))"><span class='status pass' title='Pass'><i class='material-icons'>check_circle</i></span>And I set the password text box with "secret_sauce"</div>


		</li>
		<li test-id='6' class='node and Pass' status='Pass'>
			<div class="step-name" title="(stepDefinitions.LoginSteps.clickOnLogin())"><span class='status pass' title='Pass'><i class='material-icons'>check_circle</i></span>And I click on the login button</div>


		</li>
		<li test-id='7' class='node given Pass' status='Pass'>
			<div class="step-name" title="(stepDefinitions.HomeSteps.verifyHomePageIsDisplayed())"><span class='status pass' title='Pass'><i class='material-icons'>check_circle</i></span>Given The home page should be displayed</div>


		</li>
		<li test-id='8' class='node when Pass' status='Pass'>
			<div class="step-name" title="(stepDefinitions.HomeSteps.addProductToCart(java.lang.String))"><span class='status pass' title='Pass'><i class='material-icons'>check_circle</i></span>When I add to the cart the product "Sauce Labs Backpack"</div>


		</li>
		<li test-id='9' class='node and Pass' status='Pass'>
			<div class="step-name" title="(stepDefinitions.HomeSteps.clickOnCartIcon())"><span class='status pass' title='Pass'><i class='material-icons'>check_circle</i></span>And I click on the cart button</div>


		</li>
		<li test-id='10' class='node and Pass' status='Pass'>
			<div class="step-name" title="(stepDefinitions.YourCartSteps.clickOnCheckoutButton())"><span class='status pass' title='Pass'><i class='material-icons'>check_circle</i></span>And I click on the checkout button</div>


		</li>
		<li test-id='11' class='node and Pass' status='Pass'>
			<div class="step-name" title="(stepDefinitions.YourInformationSteps.fillCheckoutInformation(io.cucumber.datatable.DataTable))"><span class='status pass' title='Pass'><i class='material-icons'>check_circle</i></span>And I fill the checkout information with</div>


					<div class="node-step"><table class='markup-table table '><tr><td>Mauricio</td><td>Viscarra</td><td>00000</td></tr></table></div>
		</li>
		<li test-id='12' class='node and Pass' status='Pass'>
			<div class="step-name" title="(stepDefinitions.YourInformationSteps.clickOnContinueButton())"><span class='status pass' title='Pass'><i class='material-icons'>check_circle</i></span>And I click on continue button</div>


		</li>
		<li test-id='13' class='node and Pass' status='Pass'>
			<div class="step-name" title="(stepDefinitions.OverviewSteps.clickOnContinueButton())"><span class='status pass' title='Pass'><i class='material-icons'>check_circle</i></span>And I click on finish button</div>


		</li>
		<li test-id='14' class='node then Pass' status='Pass'>
			<div class="step-name" title="(stepDefinitions.CheckoutCompleteSteps.verifyCheckoutCompleteMessage(java.lang.String))"><span class='status pass' title='Pass'><i class='material-icons'>check_circle</i></span>Then A message that says "Thank you for your order!" should be displayed</div>


		</li>
	</ul>
</div>
<div class='scenario node' test-id='15' status='pass'>

	<span class='duration right label'>00 00 00.290</span>
	<div class="bdd-test">
		<div class="scenario-name"><span class='status pass' title='Pass'><i class='material-icons'>check_circle</i></span> Scenario: Checkout with empty fields</div>
	</div>
	
	
	
	<ul class='steps'>
		<li test-id='16' class='node given Pass' status='Pass'>
			<div class="step-name" title="(stepDefinitions.CommonSteps.goToSauceDemoPage())"><span class='status pass' title='Pass'><i class='material-icons'>check_circle</i></span>Given I am in sauce demo web page</div>


		</li>
		<li test-id='17' class='node when Pass' status='Pass'>
			<div class="step-name" title="(stepDefinitions.LoginSteps.setUserName(java.lang.String))"><span class='status pass' title='Pass'><i class='material-icons'>check_circle</i></span>When I set the user name text box with "standard_user"</div>


		</li>
		<li test-id='18' class='node and Pass' status='Pass'>
			<div class="step-name" title="(stepDefinitions.LoginSteps.setPassword(java.lang.String))"><span class='status pass' title='Pass'><i class='material-icons'>check_circle</i></span>And I set the password text box with "secret_sauce"</div>


		</li>
		<li test-id='19' class='node and Pass' status='Pass'>
			<div class="step-name" title="(stepDefinitions.LoginSteps.clickOnLogin())"><span class='status pass' title='Pass'><i class='material-icons'>check_circle</i></span>And I click on the login button</div>


		</li>
		<li test-id='20' class='node given Pass' status='Pass'>
			<div class="step-name" title="(stepDefinitions.HomeSteps.verifyHomePageIsDisplayed())"><span class='status pass' title='Pass'><i class='material-icons'>check_circle</i></span>Given The home page should be displayed</div>


		</li>
		<li test-id='21' class='node when Pass' status='Pass'>
			<div class="step-name" title="(stepDefinitions.HomeSteps.addProductToCart(java.lang.String))"><span class='status pass' title='Pass'><i class='material-icons'>check_circle</i></span>When I add to the cart the product "Sauce Labs Backpack"</div>


		</li>
		<li test-id='22' class='node and Pass' status='Pass'>
			<div class="step-name" title="(stepDefinitions.HomeSteps.clickOnCartIcon())"><span class='status pass' title='Pass'><i class='material-icons'>check_circle</i></span>And I click on the cart button</div>


		</li>
		<li test-id='23' class='node and Pass' status='Pass'>
			<div class="step-name" title="(stepDefinitions.YourCartSteps.clickOnCheckoutButton())"><span class='status pass' title='Pass'><i class='material-icons'>check_circle</i></span>And I click on the checkout button</div>


		</li>
		<li test-id='24' class='node and Pass' status='Pass'>
			<div class="step-name" title="(stepDefinitions.YourInformationSteps.clickOnContinueButton())"><span class='status pass' title='Pass'><i class='material-icons'>check_circle</i></span>And I click on continue button</div>


		</li>
		<li test-id='25' class='node then Pass' status='Pass'>
			<div class="step-name" title="(stepDefinitions.YourInformationSteps.checkErrorMessage(java.lang.String))"><span class='status pass' title='Pass'><i class='material-icons'>check_circle</i></span>Then An error message that says "Error: First Name is required" should be displayed</div>


		</li>
	</ul>
</div>
<div class='scenario node' test-id='26' status='pass'>

	<span class='duration right label'>00 00 00.403</span>
	<div class="bdd-test">
		<div class="scenario-name"><span class='status pass' title='Pass'><i class='material-icons'>check_circle</i></span> Scenario: Cancel a purchase</div>
	</div>
	
	
	
	<ul class='steps'>
		<li test-id='27' class='node given Pass' status='Pass'>
			<div class="step-name" title="(stepDefinitions.CommonSteps.goToSauceDemoPage())"><span class='status pass' title='Pass'><i class='material-icons'>check_circle</i></span>Given I am in sauce demo web page</div>


		</li>
		<li test-id='28' class='node when Pass' status='Pass'>
			<div class="step-name" title="(stepDefinitions.LoginSteps.setUserName(java.lang.String))"><span class='status pass' title='Pass'><i class='material-icons'>check_circle</i></span>When I set the user name text box with "standard_user"</div>


		</li>
		<li test-id='29' class='node and Pass' status='Pass'>
			<div class="step-name" title="(stepDefinitions.LoginSteps.setPassword(java.lang.String))"><span class='status pass' title='Pass'><i class='material-icons'>check_circle</i></span>And I set the password text box with "secret_sauce"</div>


		</li>
		<li test-id='30' class='node and Pass' status='Pass'>
			<div class="step-name" title="(stepDefinitions.LoginSteps.clickOnLogin())"><span class='status pass' title='Pass'><i class='material-icons'>check_circle</i></span>And I click on the login button</div>


		</li>
		<li test-id='31' class='node given Pass' status='Pass'>
			<div class="step-name" title="(stepDefinitions.HomeSteps.verifyHomePageIsDisplayed())"><span class='status pass' title='Pass'><i class='material-icons'>check_circle</i></span>Given The home page should be displayed</div>


		</li>
		<li test-id='32' class='node when Pass' status='Pass'>
			<div class="step-name" title="(stepDefinitions.HomeSteps.addProductToCart(java.lang.String))"><span class='status pass' title='Pass'><i class='material-icons'>check_circle</i></span>When I add to the cart the product "Sauce Labs Onesie"</div>


		</li>
		<li test-id='33' class='node and Pass' status='Pass'>
			<div class="step-name" title="(stepDefinitions.HomeSteps.clickOnCartIcon())"><span class='status pass' title='Pass'><i class='material-icons'>check_circle</i></span>And I click on the cart button</div>


		</li>
		<li test-id='34' class='node and Pass' status='Pass'>
			<div class="step-name" title="(stepDefinitions.YourCartSteps.clickOnCheckoutButton())"><span class='status pass' title='Pass'><i class='material-icons'>check_circle</i></span>And I click on the checkout button</div>


		</li>
		<li test-id='35' class='node and Pass' status='Pass'>
			<div class="step-name" title="(stepDefinitions.YourInformationSteps.fillCheckoutInformation(io.cucumber.datatable.DataTable))"><span class='status pass' title='Pass'><i class='material-icons'>check_circle</i></span>And I fill the checkout information with</div>


					<div class="node-step"><table class='markup-table table '><tr><td>Mauricio</td><td>Viscarra</td><td>00000</td></tr></table></div>
		</li>
		<li test-id='36' class='node and Pass' status='Pass'>
			<div class="step-name" title="(stepDefinitions.YourInformationSteps.clickOnContinueButton())"><span class='status pass' title='Pass'><i class='material-icons'>check_circle</i></span>And I click on continue button</div>


		</li>
		<li test-id='37' class='node and Pass' status='Pass'>
			<div class="step-name" title="(stepDefinitions.OverviewSteps.clickOnCancelButton())"><span class='status pass' title='Pass'><i class='material-icons'>check_circle</i></span>And I click on cancel button</div>


		</li>
		<li test-id='38' class='node then Pass' status='Pass'>
			<div class="step-name" title="(stepDefinitions.HomeSteps.verifyHomePageIsDisplayed())"><span class='status pass' title='Pass'><i class='material-icons'>check_circle</i></span>Then The home page should be displayed</div>


		</li>
	</ul>
</div>
					</div>
				</li>
				<li class='test displayed active has-leaf fail' status='fail' bdd='true' test-id='39'>
					<div class='test-heading'>
						<span class='test-name'>Home page</span>
						<span class='test-time'>sep. 12, 2024 02:40:41 a. m.</span>
						<span class='test-status right fail'>Fail</span>
					</div>
					<div class='test-content hide'>
<div class="sr-filters bdd-filters">
	<a class="btn-floating waves-effect waves-light pass green" title="pass"><i class='material-icons'>check_circle</i></a>
	<a class="btn-floating waves-effect waves-light fail red" title="fail"><i class='material-icons'>cancel</i></a>
	<a class="btn-floating waves-effect waves-light skip blue" title="skip"><i class='material-icons'>redo</i></a>
	<a class="btn-floating waves-effect waves-light clear grey" title="clear"><i class='material-icons'>clear</i></a>
</div>

<div class='scenario outline node' test-id='40' status='pass'>

	<span class='duration right label'>00 00 00.684</span>
	<div class="bdd-test">
		<div class="scenario-name"><span class='status pass' title='Pass'><i class='material-icons'>check_circle</i></span> Scenario Outline: Verify that all products are displayed</div>
	</div>
	
		<div class='node-desc'><br><br><table class='markup-table table '><tr><td>products</td></tr><tr><td>Sauce Labs Backpack</td></tr><tr><td>Sauce Labs Bike Light</td></tr><tr><td>Sauce Labs Bolt T-Shirt</td></tr><tr><td>Sauce Labs Onesie</td></tr></table></div>
	
	
	<ul class='steps'>
		<li test-id='41' class='node scenario Pass' status='Pass'>
			<div class="step-name" title="()"><span class='status pass' title='Pass'><i class='material-icons'>check_circle</i></span>Verify that all products are displayed</div>


			<ul class='gc steps'>
				<li test-id='42' class='gc given Pass' status='Pass'>
					<h6 class="step-name" title="stepDefinitions.CommonSteps.goToSauceDemoPage()"><span class='status pass' title='Pass'><i class='material-icons'>check_circle</i></span>Given I am in sauce demo web page</h6>

				</li>
				<li test-id='43' class='gc when Pass' status='Pass'>
					<h6 class="step-name" title="stepDefinitions.LoginSteps.setUserName(java.lang.String)"><span class='status pass' title='Pass'><i class='material-icons'>check_circle</i></span>When I set the user name text box with "standard_user"</h6>

				</li>
				<li test-id='44' class='gc and Pass' status='Pass'>
					<h6 class="step-name" title="stepDefinitions.LoginSteps.setPassword(java.lang.String)"><span class='status pass' title='Pass'><i class='material-icons'>check_circle</i></span>And I set the password text box with "secret_sauce"</h6>

				</li>
				<li test-id='45' class='gc and Pass' status='Pass'>
					<h6 class="step-name" title="stepDefinitions.LoginSteps.clickOnLogin()"><span class='status pass' title='Pass'><i class='material-icons'>check_circle</i></span>And I click on the login button</h6>

				</li>
				<li test-id='46' class='gc when Pass' status='Pass'>
					<h6 class="step-name" title="stepDefinitions.HomeSteps.verifyHomePageIsDisplayed()"><span class='status pass' title='Pass'><i class='material-icons'>check_circle</i></span>When The home page should be displayed</h6>

				</li>
				<li test-id='47' class='gc then Pass' status='Pass'>
					<h6 class="step-name" title="stepDefinitions.HomeSteps.verifyProductIsDisplayed(java.lang.String)"><span class='status pass' title='Pass'><i class='material-icons'>check_circle</i></span>Then The product "Sauce Labs Backpack" should be displayed in the home page</h6>

				</li>
			</ul>
		</li>
		<li test-id='48' class='node scenario Pass' status='Pass'>
			<div class="step-name" title="()"><span class='status pass' title='Pass'><i class='material-icons'>check_circle</i></span>Verify that all products are displayed</div>


			<ul class='gc steps'>
				<li test-id='49' class='gc given Pass' status='Pass'>
					<h6 class="step-name" title="stepDefinitions.CommonSteps.goToSauceDemoPage()"><span class='status pass' title='Pass'><i class='material-icons'>check_circle</i></span>Given I am in sauce demo web page</h6>

				</li>
				<li test-id='50' class='gc when Pass' status='Pass'>
					<h6 class="step-name" title="stepDefinitions.LoginSteps.setUserName(java.lang.String)"><span class='status pass' title='Pass'><i class='material-icons'>check_circle</i></span>When I set the user name text box with "standard_user"</h6>

				</li>
				<li test-id='51' class='gc and Pass' status='Pass'>
					<h6 class="step-name" title="stepDefinitions.LoginSteps.setPassword(java.lang.String)"><span class='status pass' title='Pass'><i class='material-icons'>check_circle</i></span>And I set the password text box with "secret_sauce"</h6>

				</li>
				<li test-id='52' class='gc and Pass' status='Pass'>
					<h6 class="step-name" title="stepDefinitions.LoginSteps.clickOnLogin()"><span class='status pass' title='Pass'><i class='material-icons'>check_circle</i></span>And I click on the login button</h6>

				</li>
				<li test-id='53' class='gc when Pass' status='Pass'>
					<h6 class="step-name" title="stepDefinitions.HomeSteps.verifyHomePageIsDisplayed()"><span class='status pass' title='Pass'><i class='material-icons'>check_circle</i></span>When The home page should be displayed</h6>

				</li>
				<li test-id='54' class='gc then Pass' status='Pass'>
					<h6 class="step-name" title="stepDefinitions.HomeSteps.verifyProductIsDisplayed(java.lang.String)"><span class='status pass' title='Pass'><i class='material-icons'>check_circle</i></span>Then The product "Sauce Labs Bike Light" should be displayed in the home page</h6>

				</li>
			</ul>
		</li>
		<li test-id='55' class='node scenario Pass' status='Pass'>
			<div class="step-name" title="()"><span class='status pass' title='Pass'><i class='material-icons'>check_circle</i></span>Verify that all products are displayed</div>


			<ul class='gc steps'>
				<li test-id='56' class='gc given Pass' status='Pass'>
					<h6 class="step-name" title="stepDefinitions.CommonSteps.goToSauceDemoPage()"><span class='status pass' title='Pass'><i class='material-icons'>check_circle</i></span>Given I am in sauce demo web page</h6>

				</li>
				<li test-id='57' class='gc when Pass' status='Pass'>
					<h6 class="step-name" title="stepDefinitions.LoginSteps.setUserName(java.lang.String)"><span class='status pass' title='Pass'><i class='material-icons'>check_circle</i></span>When I set the user name text box with "standard_user"</h6>

				</li>
				<li test-id='58' class='gc and Pass' status='Pass'>
					<h6 class="step-name" title="stepDefinitions.LoginSteps.setPassword(java.lang.String)"><span class='status pass' title='Pass'><i class='material-icons'>check_circle</i></span>And I set the password text box with "secret_sauce"</h6>

				</li>
				<li test-id='59' class='gc and Pass' status='Pass'>
					<h6 class="step-name" title="stepDefinitions.LoginSteps.clickOnLogin()"><span class='status pass' title='Pass'><i class='material-icons'>check_circle</i></span>And I click on the login button</h6>

				</li>
				<li test-id='60' class='gc when Pass' status='Pass'>
					<h6 class="step-name" title="stepDefinitions.HomeSteps.verifyHomePageIsDisplayed()"><span class='status pass' title='Pass'><i class='material-icons'>check_circle</i></span>When The home page should be displayed</h6>

				</li>
				<li test-id='61' class='gc then Pass' status='Pass'>
					<h6 class="step-name" title="stepDefinitions.HomeSteps.verifyProductIsDisplayed(java.lang.String)"><span class='status pass' title='Pass'><i class='material-icons'>check_circle</i></span>Then The product "Sauce Labs Bolt T-Shirt" should be displayed in the home page</h6>

				</li>
			</ul>
		</li>
		<li test-id='62' class='node scenario Pass' status='Pass'>
			<div class="step-name" title="()"><span class='status pass' title='Pass'><i class='material-icons'>check_circle</i></span>Verify that all products are displayed</div>


			<ul class='gc steps'>
				<li test-id='63' class='gc given Pass' status='Pass'>
					<h6 class="step-name" title="stepDefinitions.CommonSteps.goToSauceDemoPage()"><span class='status pass' title='Pass'><i class='material-icons'>check_circle</i></span>Given I am in sauce demo web page</h6>

				</li>
				<li test-id='64' class='gc when Pass' status='Pass'>
					<h6 class="step-name" title="stepDefinitions.LoginSteps.setUserName(java.lang.String)"><span class='status pass' title='Pass'><i class='material-icons'>check_circle</i></span>When I set the user name text box with "standard_user"</h6>

				</li>
				<li test-id='65' class='gc and Pass' status='Pass'>
					<h6 class="step-name" title="stepDefinitions.LoginSteps.setPassword(java.lang.String)"><span class='status pass' title='Pass'><i class='material-icons'>check_circle</i></span>And I set the password text box with "secret_sauce"</h6>

				</li>
				<li test-id='66' class='gc and Pass' status='Pass'>
					<h6 class="step-name" title="stepDefinitions.LoginSteps.clickOnLogin()"><span class='status pass' title='Pass'><i class='material-icons'>check_circle</i></span>And I click on the login button</h6>

				</li>
				<li test-id='67' class='gc when Pass' status='Pass'>
					<h6 class="step-name" title="stepDefinitions.HomeSteps.verifyHomePageIsDisplayed()"><span class='status pass' title='Pass'><i class='material-icons'>check_circle</i></span>When The home page should be displayed</h6>

				</li>
				<li test-id='68' class='gc then Pass' status='Pass'>
					<h6 class="step-name" title="stepDefinitions.HomeSteps.verifyProductIsDisplayed(java.lang.String)"><span class='status pass' title='Pass'><i class='material-icons'>check_circle</i></span>Then The product "Sauce Labs Onesie" should be displayed in the home page</h6>

				</li>
			</ul>
		</li>
	</ul>
</div>
<div class='scenario node' test-id='69' status='pass'>

	<span class='duration right label'>00 00 00.230</span>
	<div class="bdd-test">
		<div class="scenario-name"><span class='status pass' title='Pass'><i class='material-icons'>check_circle</i></span> Scenario: Verify filter high to low price works</div>
	</div>
	
	
	
	<ul class='steps'>
		<li test-id='70' class='node given Pass' status='Pass'>
			<div class="step-name" title="(stepDefinitions.CommonSteps.goToSauceDemoPage())"><span class='status pass' title='Pass'><i class='material-icons'>check_circle</i></span>Given I am in sauce demo web page</div>


		</li>
		<li test-id='71' class='node when Pass' status='Pass'>
			<div class="step-name" title="(stepDefinitions.LoginSteps.setUserName(java.lang.String))"><span class='status pass' title='Pass'><i class='material-icons'>check_circle</i></span>When I set the user name text box with "standard_user"</div>


		</li>
		<li test-id='72' class='node and Pass' status='Pass'>
			<div class="step-name" title="(stepDefinitions.LoginSteps.setPassword(java.lang.String))"><span class='status pass' title='Pass'><i class='material-icons'>check_circle</i></span>And I set the password text box with "secret_sauce"</div>


		</li>
		<li test-id='73' class='node and Pass' status='Pass'>
			<div class="step-name" title="(stepDefinitions.LoginSteps.clickOnLogin())"><span class='status pass' title='Pass'><i class='material-icons'>check_circle</i></span>And I click on the login button</div>


		</li>
		<li test-id='74' class='node when Pass' status='Pass'>
			<div class="step-name" title="(stepDefinitions.HomeSteps.clickOnFilter())"><span class='status pass' title='Pass'><i class='material-icons'>check_circle</i></span>When I select high to low on the filter</div>


		</li>
		<li test-id='75' class='node then Pass' status='Pass'>
			<div class="step-name" title="(stepDefinitions.HomeSteps.verifyOrderOfProducts())"><span class='status pass' title='Pass'><i class='material-icons'>check_circle</i></span>Then The products should be in order from high to low</div>


		</li>
	</ul>
</div>
<div class='scenario node' test-id='76' status='pass'>

	<span class='duration right label'>00 00 00.210</span>
	<div class="bdd-test">
		<div class="scenario-name"><span class='status pass' title='Pass'><i class='material-icons'>check_circle</i></span> Scenario: Verify filter Z to A price works</div>
	</div>
	
	
	
	<ul class='steps'>
		<li test-id='77' class='node given Pass' status='Pass'>
			<div class="step-name" title="(stepDefinitions.CommonSteps.goToSauceDemoPage())"><span class='status pass' title='Pass'><i class='material-icons'>check_circle</i></span>Given I am in sauce demo web page</div>


		</li>
		<li test-id='78' class='node when Pass' status='Pass'>
			<div class="step-name" title="(stepDefinitions.LoginSteps.setUserName(java.lang.String))"><span class='status pass' title='Pass'><i class='material-icons'>check_circle</i></span>When I set the user name text box with "standard_user"</div>


		</li>
		<li test-id='79' class='node and Pass' status='Pass'>
			<div class="step-name" title="(stepDefinitions.LoginSteps.setPassword(java.lang.String))"><span class='status pass' title='Pass'><i class='material-icons'>check_circle</i></span>And I set the password text box with "secret_sauce"</div>


		</li>
		<li test-id='80' class='node and Pass' status='Pass'>
			<div class="step-name" title="(stepDefinitions.LoginSteps.clickOnLogin())"><span class='status pass' title='Pass'><i class='material-icons'>check_circle</i></span>And I click on the login button</div>


		</li>
		<li test-id='81' class='node when Pass' status='Pass'>
			<div class="step-name" title="(stepDefinitions.HomeSteps.clickOnFilterZtoA())"><span class='status pass' title='Pass'><i class='material-icons'>check_circle</i></span>When I select Z to A on the filter</div>


		</li>
		<li test-id='82' class='node then Pass' status='Pass'>
			<div class="step-name" title="(stepDefinitions.HomeSteps.verifyOrderOfProductsZtoA())"><span class='status pass' title='Pass'><i class='material-icons'>check_circle</i></span>Then The products should be in order from Z to A</div>


		</li>
	</ul>
</div>
<div class='scenario outline node' test-id='83' status='fail'>

	<span class='duration right label'>00 00 00.702</span>
	<div class="bdd-test">
		<div class="scenario-name"><span class='status fail' title='Fail'><i class='material-icons'>cancel</i></span> Scenario Outline: Verify that all products can be added to the cart</div>
	</div>
	
		<div class='node-desc'><br><br><table class='markup-table table '><tr><td>products</td></tr><tr><td>Sauce Labs Backpack</td></tr><tr><td>Sauce Labs Bike Light</td></tr><tr><td>Sauce Labs Bolt T-Shirt</td></tr><tr><td>Sauce Labs Onesie</td></tr></table></div>
	
	
	<ul class='steps'>
		<li test-id='84' class='node scenario Fail' status='Fail'>
			<div class="step-name" title="()"><span class='status fail' title='Fail'><i class='material-icons'>cancel</i></span>Verify that all products can be added to the cart</div>

				<div class='category-list'>
						<span class='category label'>@run</span>
				</div>

			<ul class='gc steps'>
				<li test-id='85' class='gc given Pass' status='Pass'>
					<h6 class="step-name" title="stepDefinitions.CommonSteps.goToSauceDemoPage()"><span class='status pass' title='Pass'><i class='material-icons'>check_circle</i></span>Given I am in sauce demo web page</h6>

				</li>
				<li test-id='86' class='gc when Pass' status='Pass'>
					<h6 class="step-name" title="stepDefinitions.LoginSteps.setUserName(java.lang.String)"><span class='status pass' title='Pass'><i class='material-icons'>check_circle</i></span>When I set the user name text box with "standard_user"</h6>

				</li>
				<li test-id='87' class='gc and Pass' status='Pass'>
					<h6 class="step-name" title="stepDefinitions.LoginSteps.setPassword(java.lang.String)"><span class='status pass' title='Pass'><i class='material-icons'>check_circle</i></span>And I set the password text box with "secret_sauce"</h6>

				</li>
				<li test-id='88' class='gc and Pass' status='Pass'>
					<h6 class="step-name" title="stepDefinitions.LoginSteps.clickOnLogin()"><span class='status pass' title='Pass'><i class='material-icons'>check_circle</i></span>And I click on the login button</h6>

				</li>
				<li test-id='89' class='gc when Pass' status='Pass'>
					<h6 class="step-name" title="stepDefinitions.HomeSteps.verifyHomePageIsDisplayed()"><span class='status pass' title='Pass'><i class='material-icons'>check_circle</i></span>When The home page should be displayed</h6>

				</li>
				<li test-id='90' class='gc and Fail' status='Fail'>
					<h6 class="step-name" title="stepDefinitions.HomeSteps.addProductToCart(java.lang.String)"><span class='status fail' title='Fail'><i class='material-icons'>cancel</i></span>And I add to the cart the product "Sauce Labs Backpack"</h6>

							<textarea disabled class="code-block">org.openqa.selenium.NoSuchElementException: no such element: Unable to locate element: {"method":"css selector","selector":"#add\-to\-cart\-sauce\-labs\-backpack"}
  (Session info: chrome=128.0.6613.137)
For documentation on this error, please visit: https://www.selenium.dev/documentation/webdriver/troubleshooting/errors#no-such-element-exception
Build info: version: '4.24.0', revision: '748ffc9bc3'
System info: os.name: 'Windows 11', os.arch: 'amd64', os.version: '10.0', java.version: '17.0.12'
Driver info: org.openqa.selenium.chrome.ChromeDriver
Command: [f84048ad9640a85113507f9a6fdfa9a4, findElement {using=id, value=add-to-cart-sauce-labs-backpack}]
Capabilities {acceptInsecureCerts: false, browserName: chrome, browserVersion: 128.0.6613.137, chrome: {chromedriverVersion: 128.0.6613.137 (fe621c5aa2d..., userDataDir: C:\Users\Sebas\AppData\Loca...}, fedcm:accounts: true, goog:chromeOptions: {debuggerAddress: localhost:61217}, networkConnectionEnabled: false, pageLoadStrategy: normal, platformName: windows, proxy: Proxy(), se:cdp: ws://localhost:61217/devtoo..., se:cdpVersion: 128.0.6613.137, setWindowRect: true, strictFileInteractability: false, timeouts: {implicit: 0, pageLoad: 300000, script: 30000}, unhandledPromptBehavior: dismiss and notify, webauthn:extension:credBlob: true, webauthn:extension:largeBlob: true, webauthn:extension:minPinLength: true, webauthn:extension:prf: true, webauthn:virtualAuthenticators: true}
Session ID: f84048ad9640a85113507f9a6fdfa9a4
	at java.base/jdk.internal.reflect.NativeConstructorAccessorImpl.newInstance0(Native Method)
	at java.base/jdk.internal.reflect.NativeConstructorAccessorImpl.newInstance(NativeConstructorAccessorImpl.java:77)
	at java.base/jdk.internal.reflect.DelegatingConstructorAccessorImpl.newInstance(DelegatingConstructorAccessorImpl.java:45)
	at java.base/java.lang.reflect.Constructor.newInstanceWithCaller(Constructor.java:500)
	at java.base/java.lang.reflect.Constructor.newInstance(Constructor.java:481)
	at org.openqa.selenium.remote.ErrorCodec.decode(ErrorCodec.java:167)
	at org.openqa.selenium.remote.codec.w3c.W3CHttpResponseCodec.decode(W3CHttpResponseCodec.java:138)
	at org.openqa.selenium.remote.codec.w3c.W3CHttpResponseCodec.decode(W3CHttpResponseCodec.java:50)
	at org.openqa.selenium.remote.HttpCommandExecutor.execute(HttpCommandExecutor.java:190)
	at org.openqa.selenium.remote.service.DriverCommandExecutor.invokeExecute(DriverCommandExecutor.java:216)
	at org.openqa.selenium.remote.service.DriverCommandExecutor.execute(DriverCommandExecutor.java:174)
	at org.openqa.selenium.remote.RemoteWebDriver.execute(RemoteWebDriver.java:545)
	at org.openqa.selenium.remote.ElementLocation$ElementFinder$2.findElement(ElementLocation.java:165)
	at org.openqa.selenium.remote.ElementLocation.findElement(ElementLocation.java:59)
	at org.openqa.selenium.remote.RemoteWebDriver.findElement(RemoteWebDriver.java:368)
	at org.openqa.selenium.remote.RemoteWebDriver.findElement(RemoteWebDriver.java:362)
	at pages.HomePage.addProductToCart(HomePage.java:47)
	at stepDefinitions.HomeSteps.addProductToCart(HomeSteps.java:24)
	at ✽.I add to the cart the product "Sauce Labs Backpack"(file:///C:/Users/Sebas/Downloads/SauceDemoAuto/src/test/resources/home.feature:28)
</textarea>
				</li>
				<li test-id='91' class='gc then Skip' status='Skip'>
					<h6 class="step-name" title="stepDefinitions.HomeSteps.verifyCartIconNumber(java.lang.String)"><span class='status skip' title='Skip'><i class='material-icons'>redo</i></span>Then The cart icon should display "1"</h6>

							<div class="node-step">Step skipped</div>
				</li>
				<li test-id='92' class='gc and Skip' status='Skip'>
					<h6 class="step-name" title="stepDefinitions.HomeSteps.removeProductFromCart(java.lang.String)"><span class='status skip' title='Skip'><i class='material-icons'>redo</i></span>And I remove the product "Sauce Labs Backpack" from the cart</h6>

							<div class="node-step">Step skipped</div>
				</li>
			</ul>
		</li>
		<li test-id='93' class='node scenario Fail' status='Fail'>
			<div class="step-name" title="()"><span class='status fail' title='Fail'><i class='material-icons'>cancel</i></span>Verify that all products can be added to the cart</div>

				<div class='category-list'>
						<span class='category label'>@run</span>
				</div>

			<ul class='gc steps'>
				<li test-id='94' class='gc given Pass' status='Pass'>
					<h6 class="step-name" title="stepDefinitions.CommonSteps.goToSauceDemoPage()"><span class='status pass' title='Pass'><i class='material-icons'>check_circle</i></span>Given I am in sauce demo web page</h6>

				</li>
				<li test-id='95' class='gc when Pass' status='Pass'>
					<h6 class="step-name" title="stepDefinitions.LoginSteps.setUserName(java.lang.String)"><span class='status pass' title='Pass'><i class='material-icons'>check_circle</i></span>When I set the user name text box with "standard_user"</h6>

				</li>
				<li test-id='96' class='gc and Pass' status='Pass'>
					<h6 class="step-name" title="stepDefinitions.LoginSteps.setPassword(java.lang.String)"><span class='status pass' title='Pass'><i class='material-icons'>check_circle</i></span>And I set the password text box with "secret_sauce"</h6>

				</li>
				<li test-id='97' class='gc and Pass' status='Pass'>
					<h6 class="step-name" title="stepDefinitions.LoginSteps.clickOnLogin()"><span class='status pass' title='Pass'><i class='material-icons'>check_circle</i></span>And I click on the login button</h6>

				</li>
				<li test-id='98' class='gc when Pass' status='Pass'>
					<h6 class="step-name" title="stepDefinitions.HomeSteps.verifyHomePageIsDisplayed()"><span class='status pass' title='Pass'><i class='material-icons'>check_circle</i></span>When The home page should be displayed</h6>

				</li>
				<li test-id='99' class='gc and Pass' status='Pass'>
					<h6 class="step-name" title="stepDefinitions.HomeSteps.addProductToCart(java.lang.String)"><span class='status pass' title='Pass'><i class='material-icons'>check_circle</i></span>And I add to the cart the product "Sauce Labs Bike Light"</h6>

				</li>
				<li test-id='100' class='gc then Fail' status='Fail'>
					<h6 class="step-name" title="stepDefinitions.HomeSteps.verifyCartIconNumber(java.lang.String)"><span class='status fail' title='Fail'><i class='material-icons'>cancel</i></span>Then The cart icon should display "1"</h6>

							<textarea disabled class="code-block">org.opentest4j.AssertionFailedError: expected: <true> but was: <false>
	at org.junit.jupiter.api.AssertionFailureBuilder.build(AssertionFailureBuilder.java:151)
	at org.junit.jupiter.api.AssertionFailureBuilder.buildAndThrow(AssertionFailureBuilder.java:132)
	at org.junit.jupiter.api.AssertTrue.failNotTrue(AssertTrue.java:63)
	at org.junit.jupiter.api.AssertTrue.assertTrue(AssertTrue.java:36)
	at org.junit.jupiter.api.AssertTrue.assertTrue(AssertTrue.java:31)
	at org.junit.jupiter.api.Assertions.assertTrue(Assertions.java:183)
	at stepDefinitions.HomeSteps.verifyCartIconNumber(HomeSteps.java:29)
	at ✽.The cart icon should display "1"(file:///C:/Users/Sebas/Downloads/SauceDemoAuto/src/test/resources/home.feature:29)
</textarea>
				</li>
				<li test-id='101' class='gc and Skip' status='Skip'>
					<h6 class="step-name" title="stepDefinitions.HomeSteps.removeProductFromCart(java.lang.String)"><span class='status skip' title='Skip'><i class='material-icons'>redo</i></span>And I remove the product "Sauce Labs Bike Light" from the cart</h6>

							<div class="node-step">Step skipped</div>
				</li>
			</ul>
		</li>
		<li test-id='102' class='node scenario Fail' status='Fail'>
			<div class="step-name" title="()"><span class='status fail' title='Fail'><i class='material-icons'>cancel</i></span>Verify that all products can be added to the cart</div>

				<div class='category-list'>
						<span class='category label'>@run</span>
				</div>

			<ul class='gc steps'>
				<li test-id='103' class='gc given Pass' status='Pass'>
					<h6 class="step-name" title="stepDefinitions.CommonSteps.goToSauceDemoPage()"><span class='status pass' title='Pass'><i class='material-icons'>check_circle</i></span>Given I am in sauce demo web page</h6>

				</li>
				<li test-id='104' class='gc when Pass' status='Pass'>
					<h6 class="step-name" title="stepDefinitions.LoginSteps.setUserName(java.lang.String)"><span class='status pass' title='Pass'><i class='material-icons'>check_circle</i></span>When I set the user name text box with "standard_user"</h6>

				</li>
				<li test-id='105' class='gc and Pass' status='Pass'>
					<h6 class="step-name" title="stepDefinitions.LoginSteps.setPassword(java.lang.String)"><span class='status pass' title='Pass'><i class='material-icons'>check_circle</i></span>And I set the password text box with "secret_sauce"</h6>

				</li>
				<li test-id='106' class='gc and Pass' status='Pass'>
					<h6 class="step-name" title="stepDefinitions.LoginSteps.clickOnLogin()"><span class='status pass' title='Pass'><i class='material-icons'>check_circle</i></span>And I click on the login button</h6>

				</li>
				<li test-id='107' class='gc when Pass' status='Pass'>
					<h6 class="step-name" title="stepDefinitions.HomeSteps.verifyHomePageIsDisplayed()"><span class='status pass' title='Pass'><i class='material-icons'>check_circle</i></span>When The home page should be displayed</h6>

				</li>
				<li test-id='108' class='gc and Pass' status='Pass'>
					<h6 class="step-name" title="stepDefinitions.HomeSteps.addProductToCart(java.lang.String)"><span class='status pass' title='Pass'><i class='material-icons'>check_circle</i></span>And I add to the cart the product "Sauce Labs Bolt T-Shirt"</h6>

				</li>
				<li test-id='109' class='gc then Fail' status='Fail'>
					<h6 class="step-name" title="stepDefinitions.HomeSteps.verifyCartIconNumber(java.lang.String)"><span class='status fail' title='Fail'><i class='material-icons'>cancel</i></span>Then The cart icon should display "1"</h6>

							<textarea disabled class="code-block">org.opentest4j.AssertionFailedError: expected: <true> but was: <false>
	at org.junit.jupiter.api.AssertionFailureBuilder.build(AssertionFailureBuilder.java:151)
	at org.junit.jupiter.api.AssertionFailureBuilder.buildAndThrow(AssertionFailureBuilder.java:132)
	at org.junit.jupiter.api.AssertTrue.failNotTrue(AssertTrue.java:63)
	at org.junit.jupiter.api.AssertTrue.assertTrue(AssertTrue.java:36)
	at org.junit.jupiter.api.AssertTrue.assertTrue(AssertTrue.java:31)
	at org.junit.jupiter.api.Assertions.assertTrue(Assertions.java:183)
	at stepDefinitions.HomeSteps.verifyCartIconNumber(HomeSteps.java:29)
	at ✽.The cart icon should display "1"(file:///C:/Users/Sebas/Downloads/SauceDemoAuto/src/test/resources/home.feature:29)
</textarea>
				</li>
				<li test-id='110' class='gc and Skip' status='Skip'>
					<h6 class="step-name" title="stepDefinitions.HomeSteps.removeProductFromCart(java.lang.String)"><span class='status skip' title='Skip'><i class='material-icons'>redo</i></span>And I remove the product "Sauce Labs Bolt T-Shirt" from the cart</h6>

							<div class="node-step">Step skipped</div>
				</li>
			</ul>
		</li>
		<li test-id='111' class='node scenario Fail' status='Fail'>
			<div class="step-name" title="()"><span class='status fail' title='Fail'><i class='material-icons'>cancel</i></span>Verify that all products can be added to the cart</div>

				<div class='category-list'>
						<span class='category label'>@run</span>
				</div>

			<ul class='gc steps'>
				<li test-id='112' class='gc given Pass' status='Pass'>
					<h6 class="step-name" title="stepDefinitions.CommonSteps.goToSauceDemoPage()"><span class='status pass' title='Pass'><i class='material-icons'>check_circle</i></span>Given I am in sauce demo web page</h6>

				</li>
				<li test-id='113' class='gc when Pass' status='Pass'>
					<h6 class="step-name" title="stepDefinitions.LoginSteps.setUserName(java.lang.String)"><span class='status pass' title='Pass'><i class='material-icons'>check_circle</i></span>When I set the user name text box with "standard_user"</h6>

				</li>
				<li test-id='114' class='gc and Pass' status='Pass'>
					<h6 class="step-name" title="stepDefinitions.LoginSteps.setPassword(java.lang.String)"><span class='status pass' title='Pass'><i class='material-icons'>check_circle</i></span>And I set the password text box with "secret_sauce"</h6>

				</li>
				<li test-id='115' class='gc and Pass' status='Pass'>
					<h6 class="step-name" title="stepDefinitions.LoginSteps.clickOnLogin()"><span class='status pass' title='Pass'><i class='material-icons'>check_circle</i></span>And I click on the login button</h6>

				</li>
				<li test-id='116' class='gc when Pass' status='Pass'>
					<h6 class="step-name" title="stepDefinitions.HomeSteps.verifyHomePageIsDisplayed()"><span class='status pass' title='Pass'><i class='material-icons'>check_circle</i></span>When The home page should be displayed</h6>

				</li>
				<li test-id='117' class='gc and Fail' status='Fail'>
					<h6 class="step-name" title="stepDefinitions.HomeSteps.addProductToCart(java.lang.String)"><span class='status fail' title='Fail'><i class='material-icons'>cancel</i></span>And I add to the cart the product "Sauce Labs Onesie"</h6>

							<textarea disabled class="code-block">org.openqa.selenium.NoSuchElementException: no such element: Unable to locate element: {"method":"css selector","selector":"#add\-to\-cart\-sauce\-labs\-onesie"}
  (Session info: chrome=128.0.6613.137)
For documentation on this error, please visit: https://www.selenium.dev/documentation/webdriver/troubleshooting/errors#no-such-element-exception
Build info: version: '4.24.0', revision: '748ffc9bc3'
System info: os.name: 'Windows 11', os.arch: 'amd64', os.version: '10.0', java.version: '17.0.12'
Driver info: org.openqa.selenium.chrome.ChromeDriver
Command: [f84048ad9640a85113507f9a6fdfa9a4, findElement {using=id, value=add-to-cart-sauce-labs-onesie}]
Capabilities {acceptInsecureCerts: false, browserName: chrome, browserVersion: 128.0.6613.137, chrome: {chromedriverVersion: 128.0.6613.137 (fe621c5aa2d..., userDataDir: C:\Users\Sebas\AppData\Loca...}, fedcm:accounts: true, goog:chromeOptions: {debuggerAddress: localhost:61217}, networkConnectionEnabled: false, pageLoadStrategy: normal, platformName: windows, proxy: Proxy(), se:cdp: ws://localhost:61217/devtoo..., se:cdpVersion: 128.0.6613.137, setWindowRect: true, strictFileInteractability: false, timeouts: {implicit: 0, pageLoad: 300000, script: 30000}, unhandledPromptBehavior: dismiss and notify, webauthn:extension:credBlob: true, webauthn:extension:largeBlob: true, webauthn:extension:minPinLength: true, webauthn:extension:prf: true, webauthn:virtualAuthenticators: true}
Session ID: f84048ad9640a85113507f9a6fdfa9a4
	at java.base/jdk.internal.reflect.NativeConstructorAccessorImpl.newInstance0(Native Method)
	at java.base/jdk.internal.reflect.NativeConstructorAccessorImpl.newInstance(NativeConstructorAccessorImpl.java:77)
	at java.base/jdk.internal.reflect.DelegatingConstructorAccessorImpl.newInstance(DelegatingConstructorAccessorImpl.java:45)
	at java.base/java.lang.reflect.Constructor.newInstanceWithCaller(Constructor.java:500)
	at java.base/java.lang.reflect.Constructor.newInstance(Constructor.java:481)
	at org.openqa.selenium.remote.ErrorCodec.decode(ErrorCodec.java:167)
	at org.openqa.selenium.remote.codec.w3c.W3CHttpResponseCodec.decode(W3CHttpResponseCodec.java:138)
	at org.openqa.selenium.remote.codec.w3c.W3CHttpResponseCodec.decode(W3CHttpResponseCodec.java:50)
	at org.openqa.selenium.remote.HttpCommandExecutor.execute(HttpCommandExecutor.java:190)
	at org.openqa.selenium.remote.service.DriverCommandExecutor.invokeExecute(DriverCommandExecutor.java:216)
	at org.openqa.selenium.remote.service.DriverCommandExecutor.execute(DriverCommandExecutor.java:174)
	at org.openqa.selenium.remote.RemoteWebDriver.execute(RemoteWebDriver.java:545)
	at org.openqa.selenium.remote.ElementLocation$ElementFinder$2.findElement(ElementLocation.java:165)
	at org.openqa.selenium.remote.ElementLocation.findElement(ElementLocation.java:59)
	at org.openqa.selenium.remote.RemoteWebDriver.findElement(RemoteWebDriver.java:368)
	at org.openqa.selenium.remote.RemoteWebDriver.findElement(RemoteWebDriver.java:362)
	at pages.HomePage.addProductToCart(HomePage.java:47)
	at stepDefinitions.HomeSteps.addProductToCart(HomeSteps.java:24)
	at ✽.I add to the cart the product "Sauce Labs Onesie"(file:///C:/Users/Sebas/Downloads/SauceDemoAuto/src/test/resources/home.feature:28)
</textarea>
				</li>
				<li test-id='118' class='gc then Skip' status='Skip'>
					<h6 class="step-name" title="stepDefinitions.HomeSteps.verifyCartIconNumber(java.lang.String)"><span class='status skip' title='Skip'><i class='material-icons'>redo</i></span>Then The cart icon should display "1"</h6>

							<div class="node-step">Step skipped</div>
				</li>
				<li test-id='119' class='gc and Skip' status='Skip'>
					<h6 class="step-name" title="stepDefinitions.HomeSteps.removeProductFromCart(java.lang.String)"><span class='status skip' title='Skip'><i class='material-icons'>redo</i></span>And I remove the product "Sauce Labs Onesie" from the cart</h6>

							<div class="node-step">Step skipped</div>
				</li>
			</ul>
		</li>
	</ul>
</div>
					</div>
				</li>
				<li class='test displayed active has-leaf pass' status='pass' bdd='true' test-id='120'>
					<div class='test-heading'>
						<span class='test-name'>Login Sauce Demo App</span>
						<span class='test-time'>sep. 12, 2024 02:40:43 a. m.</span>
						<span class='test-status right pass'>Pass</span>
					</div>
					<div class='test-content hide'>
<div class="sr-filters bdd-filters">
	<a class="btn-floating waves-effect waves-light pass green" title="pass"><i class='material-icons'>check_circle</i></a>
	<a class="btn-floating waves-effect waves-light fail red" title="fail"><i class='material-icons'>cancel</i></a>
	<a class="btn-floating waves-effect waves-light skip blue" title="skip"><i class='material-icons'>redo</i></a>
	<a class="btn-floating waves-effect waves-light clear grey" title="clear"><i class='material-icons'>clear</i></a>
</div>

<div class='scenario node' test-id='121' status='pass'>

	<span class='duration right label'>00 00 00.151</span>
	<div class="bdd-test">
		<div class="scenario-name"><span class='status pass' title='Pass'><i class='material-icons'>check_circle</i></span> Scenario: Login into Sauce Demo with valid credentials</div>
	</div>
	
	
	
	<ul class='steps'>
		<li test-id='122' class='node given Pass' status='Pass'>
			<div class="step-name" title="(stepDefinitions.CommonSteps.goToSauceDemoPage())"><span class='status pass' title='Pass'><i class='material-icons'>check_circle</i></span>Given I am in sauce demo web page</div>


		</li>
		<li test-id='123' class='node given Pass' status='Pass'>
			<div class="step-name" title="(stepDefinitions.LoginSteps.setUserName(java.lang.String))"><span class='status pass' title='Pass'><i class='material-icons'>check_circle</i></span>Given I set the user name text box with "standard_user"</div>


		</li>
		<li test-id='124' class='node and Pass' status='Pass'>
			<div class="step-name" title="(stepDefinitions.LoginSteps.setPassword(java.lang.String))"><span class='status pass' title='Pass'><i class='material-icons'>check_circle</i></span>And I set the password text box with "secret_sauce"</div>


		</li>
		<li test-id='125' class='node when Pass' status='Pass'>
			<div class="step-name" title="(stepDefinitions.LoginSteps.clickOnLogin())"><span class='status pass' title='Pass'><i class='material-icons'>check_circle</i></span>When I click on the login button</div>


		</li>
		<li test-id='126' class='node then Pass' status='Pass'>
			<div class="step-name" title="(stepDefinitions.HomeSteps.verifyHomePageIsDisplayed())"><span class='status pass' title='Pass'><i class='material-icons'>check_circle</i></span>Then The home page should be displayed</div>


		</li>
	</ul>
</div>
<div class='scenario node' test-id='127' status='pass'>

	<span class='duration right label'>00 00 00.152</span>
	<div class="bdd-test">
		<div class="scenario-name"><span class='status pass' title='Pass'><i class='material-icons'>check_circle</i></span> Scenario: Login into Sauce Demo with invalid credentials</div>
	</div>
	
	
	
	<ul class='steps'>
		<li test-id='128' class='node given Pass' status='Pass'>
			<div class="step-name" title="(stepDefinitions.CommonSteps.goToSauceDemoPage())"><span class='status pass' title='Pass'><i class='material-icons'>check_circle</i></span>Given I am in sauce demo web page</div>


		</li>
		<li test-id='129' class='node given Pass' status='Pass'>
			<div class="step-name" title="(stepDefinitions.LoginSteps.setUserName(java.lang.String))"><span class='status pass' title='Pass'><i class='material-icons'>check_circle</i></span>Given I set the user name text box with "invalid_user"</div>


		</li>
		<li test-id='130' class='node and Pass' status='Pass'>
			<div class="step-name" title="(stepDefinitions.LoginSteps.setPassword(java.lang.String))"><span class='status pass' title='Pass'><i class='material-icons'>check_circle</i></span>And I set the password text box with "invalid_password"</div>


		</li>
		<li test-id='131' class='node when Pass' status='Pass'>
			<div class="step-name" title="(stepDefinitions.LoginSteps.clickOnLogin())"><span class='status pass' title='Pass'><i class='material-icons'>check_circle</i></span>When I click on the login button</div>


		</li>
		<li test-id='132' class='node then Pass' status='Pass'>
			<div class="step-name" title="(stepDefinitions.LoginSteps.verifyErrorMessage(java.lang.String))"><span class='status pass' title='Pass'><i class='material-icons'>check_circle</i></span>Then A error message that says "Epic sadface: Username and password do not match any user in this service" should be displayed</div>


		</li>
	</ul>
</div>
<div class='scenario outline node' test-id='133' status='pass'>

	<span class='duration right label'>00 00 00.292</span>
	<div class="bdd-test">
		<div class="scenario-name"><span class='status pass' title='Pass'><i class='material-icons'>check_circle</i></span> Scenario Outline: Login into Sauce Demo with valid credentials</div>
	</div>
	
		<div class='node-desc'><br><br><table class='markup-table table '><tr><td>user</td><td>password</td></tr><tr><td>standard_user</td><td>secret_sauce</td></tr><tr><td>problem_user</td><td>secret_sauce</td></tr></table></div>
	
	
	<ul class='steps'>
		<li test-id='134' class='node scenario Pass' status='Pass'>
			<div class="step-name" title="()"><span class='status pass' title='Pass'><i class='material-icons'>check_circle</i></span>Login into Sauce Demo with valid credentials</div>


			<ul class='gc steps'>
				<li test-id='135' class='gc given Pass' status='Pass'>
					<h6 class="step-name" title="stepDefinitions.CommonSteps.goToSauceDemoPage()"><span class='status pass' title='Pass'><i class='material-icons'>check_circle</i></span>Given I am in sauce demo web page</h6>

				</li>
				<li test-id='136' class='gc given Pass' status='Pass'>
					<h6 class="step-name" title="stepDefinitions.LoginSteps.setUserName(java.lang.String)"><span class='status pass' title='Pass'><i class='material-icons'>check_circle</i></span>Given I set the user name text box with "standard_user"</h6>

				</li>
				<li test-id='137' class='gc and Pass' status='Pass'>
					<h6 class="step-name" title="stepDefinitions.LoginSteps.setPassword(java.lang.String)"><span class='status pass' title='Pass'><i class='material-icons'>check_circle</i></span>And I set the password text box with "secret_sauce"</h6>

				</li>
				<li test-id='138' class='gc when Pass' status='Pass'>
					<h6 class="step-name" title="stepDefinitions.LoginSteps.clickOnLogin()"><span class='status pass' title='Pass'><i class='material-icons'>check_circle</i></span>When I click on the login button</h6>

				</li>
				<li test-id='139' class='gc then Pass' status='Pass'>
					<h6 class="step-name" title="stepDefinitions.HomeSteps.verifyHomePageIsDisplayed()"><span class='status pass' title='Pass'><i class='material-icons'>check_circle</i></span>Then The home page should be displayed</h6>

				</li>
			</ul>
		</li>
		<li test-id='140' class='node scenario Pass' status='Pass'>
			<div class="step-name" title="()"><span class='status pass' title='Pass'><i class='material-icons'>check_circle</i></span>Login into Sauce Demo with valid credentials</div>


			<ul class='gc steps'>
				<li test-id='141' class='gc given Pass' status='Pass'>
					<h6 class="step-name" title="stepDefinitions.CommonSteps.goToSauceDemoPage()"><span class='status pass' title='Pass'><i class='material-icons'>check_circle</i></span>Given I am in sauce demo web page</h6>

				</li>
				<li test-id='142' class='gc given Pass' status='Pass'>
					<h6 class="step-name" title="stepDefinitions.LoginSteps.setUserName(java.lang.String)"><span class='status pass' title='Pass'><i class='material-icons'>check_circle</i></span>Given I set the user name text box with "problem_user"</h6>

				</li>
				<li test-id='143' class='gc and Pass' status='Pass'>
					<h6 class="step-name" title="stepDefinitions.LoginSteps.setPassword(java.lang.String)"><span class='status pass' title='Pass'><i class='material-icons'>check_circle</i></span>And I set the password text box with "secret_sauce"</h6>

				</li>
				<li test-id='144' class='gc when Pass' status='Pass'>
					<h6 class="step-name" title="stepDefinitions.LoginSteps.clickOnLogin()"><span class='status pass' title='Pass'><i class='material-icons'>check_circle</i></span>When I click on the login button</h6>

				</li>
				<li test-id='145' class='gc then Pass' status='Pass'>
					<h6 class="step-name" title="stepDefinitions.HomeSteps.verifyHomePageIsDisplayed()"><span class='status pass' title='Pass'><i class='material-icons'>check_circle</i></span>Then The home page should be displayed</h6>

				</li>
			</ul>
		</li>
	</ul>
</div>
<div class='scenario outline node' test-id='146' status='pass'>

	<span class='duration right label'>00 00 00.583</span>
	<div class="bdd-test">
		<div class="scenario-name"><span class='status pass' title='Pass'><i class='material-icons'>check_circle</i></span> Scenario Outline: Login into Sauce Demo with invalid credentials</div>
	</div>
	
		<div class='node-desc'><br><br><table class='markup-table table '><tr><td>user</td><td>password</td></tr><tr><td>standard_user1</td><td>secret_sauce3</td></tr><tr><td>problem_user2</td><td>secret_sauce4</td></tr><tr><td>standard_user9</td><td>secret_sauce</td></tr><tr><td>problem_user8</td><td>secret_sauce9</td></tr></table></div>
	
	
	<ul class='steps'>
		<li test-id='147' class='node scenario Pass' status='Pass'>
			<div class="step-name" title="()"><span class='status pass' title='Pass'><i class='material-icons'>check_circle</i></span>Login into Sauce Demo with invalid credentials</div>

				<div class='category-list'>
						<span class='category label'>@run</span>
				</div>

			<ul class='gc steps'>
				<li test-id='148' class='gc given Pass' status='Pass'>
					<h6 class="step-name" title="stepDefinitions.CommonSteps.goToSauceDemoPage()"><span class='status pass' title='Pass'><i class='material-icons'>check_circle</i></span>Given I am in sauce demo web page</h6>

				</li>
				<li test-id='149' class='gc given Pass' status='Pass'>
					<h6 class="step-name" title="stepDefinitions.LoginSteps.setUserName(java.lang.String)"><span class='status pass' title='Pass'><i class='material-icons'>check_circle</i></span>Given I set the user name text box with "standard_user1"</h6>

				</li>
				<li test-id='150' class='gc and Pass' status='Pass'>
					<h6 class="step-name" title="stepDefinitions.LoginSteps.setPassword(java.lang.String)"><span class='status pass' title='Pass'><i class='material-icons'>check_circle</i></span>And I set the password text box with "secret_sauce3"</h6>

				</li>
				<li test-id='151' class='gc when Pass' status='Pass'>
					<h6 class="step-name" title="stepDefinitions.LoginSteps.clickOnLogin()"><span class='status pass' title='Pass'><i class='material-icons'>check_circle</i></span>When I click on the login button</h6>

				</li>
				<li test-id='152' class='gc then Pass' status='Pass'>
					<h6 class="step-name" title="stepDefinitions.LoginSteps.verifyErrorMessage(java.lang.String)"><span class='status pass' title='Pass'><i class='material-icons'>check_circle</i></span>Then A error message that says "Epic sadface: Username and password do not match any user in this service" should be displayed</h6>

				</li>
			</ul>
		</li>
		<li test-id='153' class='node scenario Pass' status='Pass'>
			<div class="step-name" title="()"><span class='status pass' title='Pass'><i class='material-icons'>check_circle</i></span>Login into Sauce Demo with invalid credentials</div>

				<div class='category-list'>
						<span class='category label'>@run</span>
				</div>

			<ul class='gc steps'>
				<li test-id='154' class='gc given Pass' status='Pass'>
					<h6 class="step-name" title="stepDefinitions.CommonSteps.goToSauceDemoPage()"><span class='status pass' title='Pass'><i class='material-icons'>check_circle</i></span>Given I am in sauce demo web page</h6>

				</li>
				<li test-id='155' class='gc given Pass' status='Pass'>
					<h6 class="step-name" title="stepDefinitions.LoginSteps.setUserName(java.lang.String)"><span class='status pass' title='Pass'><i class='material-icons'>check_circle</i></span>Given I set the user name text box with "problem_user2"</h6>

				</li>
				<li test-id='156' class='gc and Pass' status='Pass'>
					<h6 class="step-name" title="stepDefinitions.LoginSteps.setPassword(java.lang.String)"><span class='status pass' title='Pass'><i class='material-icons'>check_circle</i></span>And I set the password text box with "secret_sauce4"</h6>

				</li>
				<li test-id='157' class='gc when Pass' status='Pass'>
					<h6 class="step-name" title="stepDefinitions.LoginSteps.clickOnLogin()"><span class='status pass' title='Pass'><i class='material-icons'>check_circle</i></span>When I click on the login button</h6>

				</li>
				<li test-id='158' class='gc then Pass' status='Pass'>
					<h6 class="step-name" title="stepDefinitions.LoginSteps.verifyErrorMessage(java.lang.String)"><span class='status pass' title='Pass'><i class='material-icons'>check_circle</i></span>Then A error message that says "Epic sadface: Username and password do not match any user in this service" should be displayed</h6>

				</li>
			</ul>
		</li>
		<li test-id='159' class='node scenario Pass' status='Pass'>
			<div class="step-name" title="()"><span class='status pass' title='Pass'><i class='material-icons'>check_circle</i></span>Login into Sauce Demo with invalid credentials</div>

				<div class='category-list'>
						<span class='category label'>@run</span>
				</div>

			<ul class='gc steps'>
				<li test-id='160' class='gc given Pass' status='Pass'>
					<h6 class="step-name" title="stepDefinitions.CommonSteps.goToSauceDemoPage()"><span class='status pass' title='Pass'><i class='material-icons'>check_circle</i></span>Given I am in sauce demo web page</h6>

				</li>
				<li test-id='161' class='gc given Pass' status='Pass'>
					<h6 class="step-name" title="stepDefinitions.LoginSteps.setUserName(java.lang.String)"><span class='status pass' title='Pass'><i class='material-icons'>check_circle</i></span>Given I set the user name text box with "standard_user9"</h6>

				</li>
				<li test-id='162' class='gc and Pass' status='Pass'>
					<h6 class="step-name" title="stepDefinitions.LoginSteps.setPassword(java.lang.String)"><span class='status pass' title='Pass'><i class='material-icons'>check_circle</i></span>And I set the password text box with "secret_sauce"</h6>

				</li>
				<li test-id='163' class='gc when Pass' status='Pass'>
					<h6 class="step-name" title="stepDefinitions.LoginSteps.clickOnLogin()"><span class='status pass' title='Pass'><i class='material-icons'>check_circle</i></span>When I click on the login button</h6>

				</li>
				<li test-id='164' class='gc then Pass' status='Pass'>
					<h6 class="step-name" title="stepDefinitions.LoginSteps.verifyErrorMessage(java.lang.String)"><span class='status pass' title='Pass'><i class='material-icons'>check_circle</i></span>Then A error message that says "Epic sadface: Username and password do not match any user in this service" should be displayed</h6>

				</li>
			</ul>
		</li>
		<li test-id='165' class='node scenario Pass' status='Pass'>
			<div class="step-name" title="()"><span class='status pass' title='Pass'><i class='material-icons'>check_circle</i></span>Login into Sauce Demo with invalid credentials</div>

				<div class='category-list'>
						<span class='category label'>@run</span>
				</div>

			<ul class='gc steps'>
				<li test-id='166' class='gc given Pass' status='Pass'>
					<h6 class="step-name" title="stepDefinitions.CommonSteps.goToSauceDemoPage()"><span class='status pass' title='Pass'><i class='material-icons'>check_circle</i></span>Given I am in sauce demo web page</h6>

				</li>
				<li test-id='167' class='gc given Pass' status='Pass'>
					<h6 class="step-name" title="stepDefinitions.LoginSteps.setUserName(java.lang.String)"><span class='status pass' title='Pass'><i class='material-icons'>check_circle</i></span>Given I set the user name text box with "problem_user8"</h6>

				</li>
				<li test-id='168' class='gc and Pass' status='Pass'>
					<h6 class="step-name" title="stepDefinitions.LoginSteps.setPassword(java.lang.String)"><span class='status pass' title='Pass'><i class='material-icons'>check_circle</i></span>And I set the password text box with "secret_sauce9"</h6>

				</li>
				<li test-id='169' class='gc when Pass' status='Pass'>
					<h6 class="step-name" title="stepDefinitions.LoginSteps.clickOnLogin()"><span class='status pass' title='Pass'><i class='material-icons'>check_circle</i></span>When I click on the login button</h6>

				</li>
				<li test-id='170' class='gc then Pass' status='Pass'>
					<h6 class="step-name" title="stepDefinitions.LoginSteps.verifyErrorMessage(java.lang.String)"><span class='status pass' title='Pass'><i class='material-icons'>check_circle</i></span>Then A error message that says "Epic sadface: Username and password do not match any user in this service" should be displayed</h6>

				</li>
			</ul>
		</li>
	</ul>
</div>
					</div>
				</li>
				<li class='test displayed active has-leaf fail' status='fail' bdd='true' test-id='171'>
					<div class='test-heading'>
						<span class='test-name'>Product page</span>
						<span class='test-time'>sep. 12, 2024 02:40:44 a. m.</span>
						<span class='test-status right fail'>Fail</span>
					</div>
					<div class='test-content hide'>
<div class="sr-filters bdd-filters">
	<a class="btn-floating waves-effect waves-light pass green" title="pass"><i class='material-icons'>check_circle</i></a>
	<a class="btn-floating waves-effect waves-light fail red" title="fail"><i class='material-icons'>cancel</i></a>
	<a class="btn-floating waves-effect waves-light skip blue" title="skip"><i class='material-icons'>redo</i></a>
	<a class="btn-floating waves-effect waves-light clear grey" title="clear"><i class='material-icons'>clear</i></a>
</div>

<div class='scenario outline node' test-id='172' status='fail'>

	<span class='duration right label'>00 00 00.849</span>
	<div class="bdd-test">
		<div class="scenario-name"><span class='status fail' title='Fail'><i class='material-icons'>cancel</i></span> Scenario Outline: Verify add product to cart from the product page</div>
	</div>
	
		<div class='node-desc'><br><br><table class='markup-table table '><tr><td>productName</td></tr><tr><td>"Sauce Labs Bike Light"</td></tr><tr><td>"Sauce Labs Bolt T-Shirt"</td></tr><tr><td>"Sauce Labs Onesie"</td></tr><tr><td>"Sauce Labs Backpack"</td></tr></table></div>
	
	
	<ul class='steps'>
		<li test-id='173' class='node scenario Fail' status='Fail'>
			<div class="step-name" title="()"><span class='status fail' title='Fail'><i class='material-icons'>cancel</i></span>Verify add product to cart from the product page</div>


			<ul class='gc steps'>
				<li test-id='174' class='gc given Pass' status='Pass'>
					<h6 class="step-name" title="stepDefinitions.CommonSteps.goToSauceDemoPage()"><span class='status pass' title='Pass'><i class='material-icons'>check_circle</i></span>Given I am in sauce demo web page</h6>

				</li>
				<li test-id='175' class='gc when Pass' status='Pass'>
					<h6 class="step-name" title="stepDefinitions.LoginSteps.setUserName(java.lang.String)"><span class='status pass' title='Pass'><i class='material-icons'>check_circle</i></span>When I set the user name text box with "standard_user"</h6>

				</li>
				<li test-id='176' class='gc and Pass' status='Pass'>
					<h6 class="step-name" title="stepDefinitions.LoginSteps.setPassword(java.lang.String)"><span class='status pass' title='Pass'><i class='material-icons'>check_circle</i></span>And I set the password text box with "secret_sauce"</h6>

				</li>
				<li test-id='177' class='gc and Pass' status='Pass'>
					<h6 class="step-name" title="stepDefinitions.LoginSteps.clickOnLogin()"><span class='status pass' title='Pass'><i class='material-icons'>check_circle</i></span>And I click on the login button</h6>

				</li>
				<li test-id='178' class='gc given Pass' status='Pass'>
					<h6 class="step-name" title="stepDefinitions.HomeSteps.verifyHomePageIsDisplayed()"><span class='status pass' title='Pass'><i class='material-icons'>check_circle</i></span>Given The home page should be displayed</h6>

				</li>
				<li test-id='179' class='gc and Pass' status='Pass'>
					<h6 class="step-name" title="stepDefinitions.HomeSteps.clickOnProductName(java.lang.String)"><span class='status pass' title='Pass'><i class='material-icons'>check_circle</i></span>And i click on "Sauce Labs Bike Light"</h6>

				</li>
				<li test-id='180' class='gc then Pass' status='Pass'>
					<h6 class="step-name" title="stepDefinitions.ProductSteps.verifyProductPage(java.lang.String)"><span class='status pass' title='Pass'><i class='material-icons'>check_circle</i></span>Then the product page of "Sauce Labs Bike Light" should be displayed</h6>

				</li>
				<li test-id='181' class='gc when Fail' status='Fail'>
					<h6 class="step-name" title="stepDefinitions.ProductSteps.clickOnAddProduct()"><span class='status fail' title='Fail'><i class='material-icons'>cancel</i></span>When I click on add product button</h6>

							<textarea disabled class="code-block">org.openqa.selenium.NoSuchElementException: no such element: Unable to locate element: {"method":"css selector","selector":"#add\-to\-cart"}
  (Session info: chrome=128.0.6613.137)
For documentation on this error, please visit: https://www.selenium.dev/documentation/webdriver/troubleshooting/errors#no-such-element-exception
Build info: version: '4.24.0', revision: '748ffc9bc3'
System info: os.name: 'Windows 11', os.arch: 'amd64', os.version: '10.0', java.version: '17.0.12'
Driver info: org.openqa.selenium.chrome.ChromeDriver
Command: [f84048ad9640a85113507f9a6fdfa9a4, findElement {using=id, value=add-to-cart}]
Capabilities {acceptInsecureCerts: false, browserName: chrome, browserVersion: 128.0.6613.137, chrome: {chromedriverVersion: 128.0.6613.137 (fe621c5aa2d..., userDataDir: C:\Users\Sebas\AppData\Loca...}, fedcm:accounts: true, goog:chromeOptions: {debuggerAddress: localhost:61217}, networkConnectionEnabled: false, pageLoadStrategy: normal, platformName: windows, proxy: Proxy(), se:cdp: ws://localhost:61217/devtoo..., se:cdpVersion: 128.0.6613.137, setWindowRect: true, strictFileInteractability: false, timeouts: {implicit: 0, pageLoad: 300000, script: 30000}, unhandledPromptBehavior: dismiss and notify, webauthn:extension:credBlob: true, webauthn:extension:largeBlob: true, webauthn:extension:minPinLength: true, webauthn:extension:prf: true, webauthn:virtualAuthenticators: true}
Session ID: f84048ad9640a85113507f9a6fdfa9a4
	at java.base/jdk.internal.reflect.NativeConstructorAccessorImpl.newInstance0(Native Method)
	at java.base/jdk.internal.reflect.NativeConstructorAccessorImpl.newInstance(NativeConstructorAccessorImpl.java:77)
	at java.base/jdk.internal.reflect.DelegatingConstructorAccessorImpl.newInstance(DelegatingConstructorAccessorImpl.java:45)
	at java.base/java.lang.reflect.Constructor.newInstanceWithCaller(Constructor.java:500)
	at java.base/java.lang.reflect.Constructor.newInstance(Constructor.java:481)
	at org.openqa.selenium.remote.ErrorCodec.decode(ErrorCodec.java:167)
	at org.openqa.selenium.remote.codec.w3c.W3CHttpResponseCodec.decode(W3CHttpResponseCodec.java:138)
	at org.openqa.selenium.remote.codec.w3c.W3CHttpResponseCodec.decode(W3CHttpResponseCodec.java:50)
	at org.openqa.selenium.remote.HttpCommandExecutor.execute(HttpCommandExecutor.java:190)
	at org.openqa.selenium.remote.service.DriverCommandExecutor.invokeExecute(DriverCommandExecutor.java:216)
	at org.openqa.selenium.remote.service.DriverCommandExecutor.execute(DriverCommandExecutor.java:174)
	at org.openqa.selenium.remote.RemoteWebDriver.execute(RemoteWebDriver.java:545)
	at org.openqa.selenium.remote.ElementLocation$ElementFinder$2.findElement(ElementLocation.java:165)
	at org.openqa.selenium.remote.ElementLocation.findElement(ElementLocation.java:59)
	at org.openqa.selenium.remote.RemoteWebDriver.findElement(RemoteWebDriver.java:368)
	at org.openqa.selenium.remote.RemoteWebDriver.findElement(RemoteWebDriver.java:362)
	at org.openqa.selenium.support.pagefactory.DefaultElementLocator.findElement(DefaultElementLocator.java:68)
	at org.openqa.selenium.support.pagefactory.internal.LocatingElementHandler.invoke(LocatingElementHandler.java:38)
	at jdk.proxy2/jdk.proxy2.$Proxy18.click(Unknown Source)
	at pages.ProductPage.ClickAddToCart(ProductPage.java:28)
	at stepDefinitions.ProductSteps.clickOnAddProduct(ProductSteps.java:17)
	at ✽.I click on add product button(file:///C:/Users/Sebas/Downloads/SauceDemoAuto/src/test/resources/product.feature:13)
</textarea>
				</li>
				<li test-id='182' class='gc then Skip' status='Skip'>
					<h6 class="step-name" title="stepDefinitions.HomeSteps.verifyCartIconNumber(java.lang.String)"><span class='status skip' title='Skip'><i class='material-icons'>redo</i></span>Then The cart icon should display "1"</h6>

							<div class="node-step">Step skipped</div>
				</li>
				<li test-id='183' class='gc and Skip' status='Skip'>
					<h6 class="step-name" title="stepDefinitions.ProductSteps.clickOnRemoveButton()"><span class='status skip' title='Skip'><i class='material-icons'>redo</i></span>And I click on remove product button</h6>

							<div class="node-step">Step skipped</div>
				</li>
			</ul>
		</li>
		<li test-id='184' class='node scenario Fail' status='Fail'>
			<div class="step-name" title="()"><span class='status fail' title='Fail'><i class='material-icons'>cancel</i></span>Verify add product to cart from the product page</div>


			<ul class='gc steps'>
				<li test-id='185' class='gc given Pass' status='Pass'>
					<h6 class="step-name" title="stepDefinitions.CommonSteps.goToSauceDemoPage()"><span class='status pass' title='Pass'><i class='material-icons'>check_circle</i></span>Given I am in sauce demo web page</h6>

				</li>
				<li test-id='186' class='gc when Pass' status='Pass'>
					<h6 class="step-name" title="stepDefinitions.LoginSteps.setUserName(java.lang.String)"><span class='status pass' title='Pass'><i class='material-icons'>check_circle</i></span>When I set the user name text box with "standard_user"</h6>

				</li>
				<li test-id='187' class='gc and Pass' status='Pass'>
					<h6 class="step-name" title="stepDefinitions.LoginSteps.setPassword(java.lang.String)"><span class='status pass' title='Pass'><i class='material-icons'>check_circle</i></span>And I set the password text box with "secret_sauce"</h6>

				</li>
				<li test-id='188' class='gc and Pass' status='Pass'>
					<h6 class="step-name" title="stepDefinitions.LoginSteps.clickOnLogin()"><span class='status pass' title='Pass'><i class='material-icons'>check_circle</i></span>And I click on the login button</h6>

				</li>
				<li test-id='189' class='gc given Pass' status='Pass'>
					<h6 class="step-name" title="stepDefinitions.HomeSteps.verifyHomePageIsDisplayed()"><span class='status pass' title='Pass'><i class='material-icons'>check_circle</i></span>Given The home page should be displayed</h6>

				</li>
				<li test-id='190' class='gc and Pass' status='Pass'>
					<h6 class="step-name" title="stepDefinitions.HomeSteps.clickOnProductName(java.lang.String)"><span class='status pass' title='Pass'><i class='material-icons'>check_circle</i></span>And i click on "Sauce Labs Bolt T-Shirt"</h6>

				</li>
				<li test-id='191' class='gc then Pass' status='Pass'>
					<h6 class="step-name" title="stepDefinitions.ProductSteps.verifyProductPage(java.lang.String)"><span class='status pass' title='Pass'><i class='material-icons'>check_circle</i></span>Then the product page of "Sauce Labs Bolt T-Shirt" should be displayed</h6>

				</li>
				<li test-id='192' class='gc when Fail' status='Fail'>
					<h6 class="step-name" title="stepDefinitions.ProductSteps.clickOnAddProduct()"><span class='status fail' title='Fail'><i class='material-icons'>cancel</i></span>When I click on add product button</h6>

							<textarea disabled class="code-block">org.openqa.selenium.NoSuchElementException: no such element: Unable to locate element: {"method":"css selector","selector":"#add\-to\-cart"}
  (Session info: chrome=128.0.6613.137)
For documentation on this error, please visit: https://www.selenium.dev/documentation/webdriver/troubleshooting/errors#no-such-element-exception
Build info: version: '4.24.0', revision: '748ffc9bc3'
System info: os.name: 'Windows 11', os.arch: 'amd64', os.version: '10.0', java.version: '17.0.12'
Driver info: org.openqa.selenium.chrome.ChromeDriver
Command: [f84048ad9640a85113507f9a6fdfa9a4, findElement {using=id, value=add-to-cart}]
Capabilities {acceptInsecureCerts: false, browserName: chrome, browserVersion: 128.0.6613.137, chrome: {chromedriverVersion: 128.0.6613.137 (fe621c5aa2d..., userDataDir: C:\Users\Sebas\AppData\Loca...}, fedcm:accounts: true, goog:chromeOptions: {debuggerAddress: localhost:61217}, networkConnectionEnabled: false, pageLoadStrategy: normal, platformName: windows, proxy: Proxy(), se:cdp: ws://localhost:61217/devtoo..., se:cdpVersion: 128.0.6613.137, setWindowRect: true, strictFileInteractability: false, timeouts: {implicit: 0, pageLoad: 300000, script: 30000}, unhandledPromptBehavior: dismiss and notify, webauthn:extension:credBlob: true, webauthn:extension:largeBlob: true, webauthn:extension:minPinLength: true, webauthn:extension:prf: true, webauthn:virtualAuthenticators: true}
Session ID: f84048ad9640a85113507f9a6fdfa9a4
	at java.base/jdk.internal.reflect.NativeConstructorAccessorImpl.newInstance0(Native Method)
	at java.base/jdk.internal.reflect.NativeConstructorAccessorImpl.newInstance(NativeConstructorAccessorImpl.java:77)
	at java.base/jdk.internal.reflect.DelegatingConstructorAccessorImpl.newInstance(DelegatingConstructorAccessorImpl.java:45)
	at java.base/java.lang.reflect.Constructor.newInstanceWithCaller(Constructor.java:500)
	at java.base/java.lang.reflect.Constructor.newInstance(Constructor.java:481)
	at org.openqa.selenium.remote.ErrorCodec.decode(ErrorCodec.java:167)
	at org.openqa.selenium.remote.codec.w3c.W3CHttpResponseCodec.decode(W3CHttpResponseCodec.java:138)
	at org.openqa.selenium.remote.codec.w3c.W3CHttpResponseCodec.decode(W3CHttpResponseCodec.java:50)
	at org.openqa.selenium.remote.HttpCommandExecutor.execute(HttpCommandExecutor.java:190)
	at org.openqa.selenium.remote.service.DriverCommandExecutor.invokeExecute(DriverCommandExecutor.java:216)
	at org.openqa.selenium.remote.service.DriverCommandExecutor.execute(DriverCommandExecutor.java:174)
	at org.openqa.selenium.remote.RemoteWebDriver.execute(RemoteWebDriver.java:545)
	at org.openqa.selenium.remote.ElementLocation$ElementFinder$2.findElement(ElementLocation.java:165)
	at org.openqa.selenium.remote.ElementLocation.findElement(ElementLocation.java:59)
	at org.openqa.selenium.remote.RemoteWebDriver.findElement(RemoteWebDriver.java:368)
	at org.openqa.selenium.remote.RemoteWebDriver.findElement(RemoteWebDriver.java:362)
	at org.openqa.selenium.support.pagefactory.DefaultElementLocator.findElement(DefaultElementLocator.java:68)
	at org.openqa.selenium.support.pagefactory.internal.LocatingElementHandler.invoke(LocatingElementHandler.java:38)
	at jdk.proxy2/jdk.proxy2.$Proxy18.click(Unknown Source)
	at pages.ProductPage.ClickAddToCart(ProductPage.java:28)
	at stepDefinitions.ProductSteps.clickOnAddProduct(ProductSteps.java:17)
	at ✽.I click on add product button(file:///C:/Users/Sebas/Downloads/SauceDemoAuto/src/test/resources/product.feature:13)
</textarea>
				</li>
				<li test-id='193' class='gc then Skip' status='Skip'>
					<h6 class="step-name" title="stepDefinitions.HomeSteps.verifyCartIconNumber(java.lang.String)"><span class='status skip' title='Skip'><i class='material-icons'>redo</i></span>Then The cart icon should display "1"</h6>

							<div class="node-step">Step skipped</div>
				</li>
				<li test-id='194' class='gc and Skip' status='Skip'>
					<h6 class="step-name" title="stepDefinitions.ProductSteps.clickOnRemoveButton()"><span class='status skip' title='Skip'><i class='material-icons'>redo</i></span>And I click on remove product button</h6>

							<div class="node-step">Step skipped</div>
				</li>
			</ul>
		</li>
		<li test-id='195' class='node scenario Fail' status='Fail'>
			<div class="step-name" title="()"><span class='status fail' title='Fail'><i class='material-icons'>cancel</i></span>Verify add product to cart from the product page</div>


			<ul class='gc steps'>
				<li test-id='196' class='gc given Pass' status='Pass'>
					<h6 class="step-name" title="stepDefinitions.CommonSteps.goToSauceDemoPage()"><span class='status pass' title='Pass'><i class='material-icons'>check_circle</i></span>Given I am in sauce demo web page</h6>

				</li>
				<li test-id='197' class='gc when Pass' status='Pass'>
					<h6 class="step-name" title="stepDefinitions.LoginSteps.setUserName(java.lang.String)"><span class='status pass' title='Pass'><i class='material-icons'>check_circle</i></span>When I set the user name text box with "standard_user"</h6>

				</li>
				<li test-id='198' class='gc and Pass' status='Pass'>
					<h6 class="step-name" title="stepDefinitions.LoginSteps.setPassword(java.lang.String)"><span class='status pass' title='Pass'><i class='material-icons'>check_circle</i></span>And I set the password text box with "secret_sauce"</h6>

				</li>
				<li test-id='199' class='gc and Pass' status='Pass'>
					<h6 class="step-name" title="stepDefinitions.LoginSteps.clickOnLogin()"><span class='status pass' title='Pass'><i class='material-icons'>check_circle</i></span>And I click on the login button</h6>

				</li>
				<li test-id='200' class='gc given Pass' status='Pass'>
					<h6 class="step-name" title="stepDefinitions.HomeSteps.verifyHomePageIsDisplayed()"><span class='status pass' title='Pass'><i class='material-icons'>check_circle</i></span>Given The home page should be displayed</h6>

				</li>
				<li test-id='201' class='gc and Pass' status='Pass'>
					<h6 class="step-name" title="stepDefinitions.HomeSteps.clickOnProductName(java.lang.String)"><span class='status pass' title='Pass'><i class='material-icons'>check_circle</i></span>And i click on "Sauce Labs Onesie"</h6>

				</li>
				<li test-id='202' class='gc then Pass' status='Pass'>
					<h6 class="step-name" title="stepDefinitions.ProductSteps.verifyProductPage(java.lang.String)"><span class='status pass' title='Pass'><i class='material-icons'>check_circle</i></span>Then the product page of "Sauce Labs Onesie" should be displayed</h6>

				</li>
				<li test-id='203' class='gc when Fail' status='Fail'>
					<h6 class="step-name" title="stepDefinitions.ProductSteps.clickOnAddProduct()"><span class='status fail' title='Fail'><i class='material-icons'>cancel</i></span>When I click on add product button</h6>

							<textarea disabled class="code-block">org.openqa.selenium.NoSuchElementException: no such element: Unable to locate element: {"method":"css selector","selector":"#add\-to\-cart"}
  (Session info: chrome=128.0.6613.137)
For documentation on this error, please visit: https://www.selenium.dev/documentation/webdriver/troubleshooting/errors#no-such-element-exception
Build info: version: '4.24.0', revision: '748ffc9bc3'
System info: os.name: 'Windows 11', os.arch: 'amd64', os.version: '10.0', java.version: '17.0.12'
Driver info: org.openqa.selenium.chrome.ChromeDriver
Command: [f84048ad9640a85113507f9a6fdfa9a4, findElement {using=id, value=add-to-cart}]
Capabilities {acceptInsecureCerts: false, browserName: chrome, browserVersion: 128.0.6613.137, chrome: {chromedriverVersion: 128.0.6613.137 (fe621c5aa2d..., userDataDir: C:\Users\Sebas\AppData\Loca...}, fedcm:accounts: true, goog:chromeOptions: {debuggerAddress: localhost:61217}, networkConnectionEnabled: false, pageLoadStrategy: normal, platformName: windows, proxy: Proxy(), se:cdp: ws://localhost:61217/devtoo..., se:cdpVersion: 128.0.6613.137, setWindowRect: true, strictFileInteractability: false, timeouts: {implicit: 0, pageLoad: 300000, script: 30000}, unhandledPromptBehavior: dismiss and notify, webauthn:extension:credBlob: true, webauthn:extension:largeBlob: true, webauthn:extension:minPinLength: true, webauthn:extension:prf: true, webauthn:virtualAuthenticators: true}
Session ID: f84048ad9640a85113507f9a6fdfa9a4
	at java.base/jdk.internal.reflect.NativeConstructorAccessorImpl.newInstance0(Native Method)
	at java.base/jdk.internal.reflect.NativeConstructorAccessorImpl.newInstance(NativeConstructorAccessorImpl.java:77)
	at java.base/jdk.internal.reflect.DelegatingConstructorAccessorImpl.newInstance(DelegatingConstructorAccessorImpl.java:45)
	at java.base/java.lang.reflect.Constructor.newInstanceWithCaller(Constructor.java:500)
	at java.base/java.lang.reflect.Constructor.newInstance(Constructor.java:481)
	at org.openqa.selenium.remote.ErrorCodec.decode(ErrorCodec.java:167)
	at org.openqa.selenium.remote.codec.w3c.W3CHttpResponseCodec.decode(W3CHttpResponseCodec.java:138)
	at org.openqa.selenium.remote.codec.w3c.W3CHttpResponseCodec.decode(W3CHttpResponseCodec.java:50)
	at org.openqa.selenium.remote.HttpCommandExecutor.execute(HttpCommandExecutor.java:190)
	at org.openqa.selenium.remote.service.DriverCommandExecutor.invokeExecute(DriverCommandExecutor.java:216)
	at org.openqa.selenium.remote.service.DriverCommandExecutor.execute(DriverCommandExecutor.java:174)
	at org.openqa.selenium.remote.RemoteWebDriver.execute(RemoteWebDriver.java:545)
	at org.openqa.selenium.remote.ElementLocation$ElementFinder$2.findElement(ElementLocation.java:165)
	at org.openqa.selenium.remote.ElementLocation.findElement(ElementLocation.java:59)
	at org.openqa.selenium.remote.RemoteWebDriver.findElement(RemoteWebDriver.java:368)
	at org.openqa.selenium.remote.RemoteWebDriver.findElement(RemoteWebDriver.java:362)
	at org.openqa.selenium.support.pagefactory.DefaultElementLocator.findElement(DefaultElementLocator.java:68)
	at org.openqa.selenium.support.pagefactory.internal.LocatingElementHandler.invoke(LocatingElementHandler.java:38)
	at jdk.proxy2/jdk.proxy2.$Proxy18.click(Unknown Source)
	at pages.ProductPage.ClickAddToCart(ProductPage.java:28)
	at stepDefinitions.ProductSteps.clickOnAddProduct(ProductSteps.java:17)
	at ✽.I click on add product button(file:///C:/Users/Sebas/Downloads/SauceDemoAuto/src/test/resources/product.feature:13)
</textarea>
				</li>
				<li test-id='204' class='gc then Skip' status='Skip'>
					<h6 class="step-name" title="stepDefinitions.HomeSteps.verifyCartIconNumber(java.lang.String)"><span class='status skip' title='Skip'><i class='material-icons'>redo</i></span>Then The cart icon should display "1"</h6>

							<div class="node-step">Step skipped</div>
				</li>
				<li test-id='205' class='gc and Skip' status='Skip'>
					<h6 class="step-name" title="stepDefinitions.ProductSteps.clickOnRemoveButton()"><span class='status skip' title='Skip'><i class='material-icons'>redo</i></span>And I click on remove product button</h6>

							<div class="node-step">Step skipped</div>
				</li>
			</ul>
		</li>
		<li test-id='206' class='node scenario Fail' status='Fail'>
			<div class="step-name" title="()"><span class='status fail' title='Fail'><i class='material-icons'>cancel</i></span>Verify add product to cart from the product page</div>


			<ul class='gc steps'>
				<li test-id='207' class='gc given Pass' status='Pass'>
					<h6 class="step-name" title="stepDefinitions.CommonSteps.goToSauceDemoPage()"><span class='status pass' title='Pass'><i class='material-icons'>check_circle</i></span>Given I am in sauce demo web page</h6>

				</li>
				<li test-id='208' class='gc when Pass' status='Pass'>
					<h6 class="step-name" title="stepDefinitions.LoginSteps.setUserName(java.lang.String)"><span class='status pass' title='Pass'><i class='material-icons'>check_circle</i></span>When I set the user name text box with "standard_user"</h6>

				</li>
				<li test-id='209' class='gc and Pass' status='Pass'>
					<h6 class="step-name" title="stepDefinitions.LoginSteps.setPassword(java.lang.String)"><span class='status pass' title='Pass'><i class='material-icons'>check_circle</i></span>And I set the password text box with "secret_sauce"</h6>

				</li>
				<li test-id='210' class='gc and Pass' status='Pass'>
					<h6 class="step-name" title="stepDefinitions.LoginSteps.clickOnLogin()"><span class='status pass' title='Pass'><i class='material-icons'>check_circle</i></span>And I click on the login button</h6>

				</li>
				<li test-id='211' class='gc given Pass' status='Pass'>
					<h6 class="step-name" title="stepDefinitions.HomeSteps.verifyHomePageIsDisplayed()"><span class='status pass' title='Pass'><i class='material-icons'>check_circle</i></span>Given The home page should be displayed</h6>

				</li>
				<li test-id='212' class='gc and Pass' status='Pass'>
					<h6 class="step-name" title="stepDefinitions.HomeSteps.clickOnProductName(java.lang.String)"><span class='status pass' title='Pass'><i class='material-icons'>check_circle</i></span>And i click on "Sauce Labs Backpack"</h6>

				</li>
				<li test-id='213' class='gc then Pass' status='Pass'>
					<h6 class="step-name" title="stepDefinitions.ProductSteps.verifyProductPage(java.lang.String)"><span class='status pass' title='Pass'><i class='material-icons'>check_circle</i></span>Then the product page of "Sauce Labs Backpack" should be displayed</h6>

				</li>
				<li test-id='214' class='gc when Fail' status='Fail'>
					<h6 class="step-name" title="stepDefinitions.ProductSteps.clickOnAddProduct()"><span class='status fail' title='Fail'><i class='material-icons'>cancel</i></span>When I click on add product button</h6>

							<textarea disabled class="code-block">org.openqa.selenium.NoSuchElementException: no such element: Unable to locate element: {"method":"css selector","selector":"#add\-to\-cart"}
  (Session info: chrome=128.0.6613.137)
For documentation on this error, please visit: https://www.selenium.dev/documentation/webdriver/troubleshooting/errors#no-such-element-exception
Build info: version: '4.24.0', revision: '748ffc9bc3'
System info: os.name: 'Windows 11', os.arch: 'amd64', os.version: '10.0', java.version: '17.0.12'
Driver info: org.openqa.selenium.chrome.ChromeDriver
Command: [f84048ad9640a85113507f9a6fdfa9a4, findElement {using=id, value=add-to-cart}]
Capabilities {acceptInsecureCerts: false, browserName: chrome, browserVersion: 128.0.6613.137, chrome: {chromedriverVersion: 128.0.6613.137 (fe621c5aa2d..., userDataDir: C:\Users\Sebas\AppData\Loca...}, fedcm:accounts: true, goog:chromeOptions: {debuggerAddress: localhost:61217}, networkConnectionEnabled: false, pageLoadStrategy: normal, platformName: windows, proxy: Proxy(), se:cdp: ws://localhost:61217/devtoo..., se:cdpVersion: 128.0.6613.137, setWindowRect: true, strictFileInteractability: false, timeouts: {implicit: 0, pageLoad: 300000, script: 30000}, unhandledPromptBehavior: dismiss and notify, webauthn:extension:credBlob: true, webauthn:extension:largeBlob: true, webauthn:extension:minPinLength: true, webauthn:extension:prf: true, webauthn:virtualAuthenticators: true}
Session ID: f84048ad9640a85113507f9a6fdfa9a4
	at java.base/jdk.internal.reflect.NativeConstructorAccessorImpl.newInstance0(Native Method)
	at java.base/jdk.internal.reflect.NativeConstructorAccessorImpl.newInstance(NativeConstructorAccessorImpl.java:77)
	at java.base/jdk.internal.reflect.DelegatingConstructorAccessorImpl.newInstance(DelegatingConstructorAccessorImpl.java:45)
	at java.base/java.lang.reflect.Constructor.newInstanceWithCaller(Constructor.java:500)
	at java.base/java.lang.reflect.Constructor.newInstance(Constructor.java:481)
	at org.openqa.selenium.remote.ErrorCodec.decode(ErrorCodec.java:167)
	at org.openqa.selenium.remote.codec.w3c.W3CHttpResponseCodec.decode(W3CHttpResponseCodec.java:138)
	at org.openqa.selenium.remote.codec.w3c.W3CHttpResponseCodec.decode(W3CHttpResponseCodec.java:50)
	at org.openqa.selenium.remote.HttpCommandExecutor.execute(HttpCommandExecutor.java:190)
	at org.openqa.selenium.remote.service.DriverCommandExecutor.invokeExecute(DriverCommandExecutor.java:216)
	at org.openqa.selenium.remote.service.DriverCommandExecutor.execute(DriverCommandExecutor.java:174)
	at org.openqa.selenium.remote.RemoteWebDriver.execute(RemoteWebDriver.java:545)
	at org.openqa.selenium.remote.ElementLocation$ElementFinder$2.findElement(ElementLocation.java:165)
	at org.openqa.selenium.remote.ElementLocation.findElement(ElementLocation.java:59)
	at org.openqa.selenium.remote.RemoteWebDriver.findElement(RemoteWebDriver.java:368)
	at org.openqa.selenium.remote.RemoteWebDriver.findElement(RemoteWebDriver.java:362)
	at org.openqa.selenium.support.pagefactory.DefaultElementLocator.findElement(DefaultElementLocator.java:68)
	at org.openqa.selenium.support.pagefactory.internal.LocatingElementHandler.invoke(LocatingElementHandler.java:38)
	at jdk.proxy2/jdk.proxy2.$Proxy18.click(Unknown Source)
	at pages.ProductPage.ClickAddToCart(ProductPage.java:28)
	at stepDefinitions.ProductSteps.clickOnAddProduct(ProductSteps.java:17)
	at ✽.I click on add product button(file:///C:/Users/Sebas/Downloads/SauceDemoAuto/src/test/resources/product.feature:13)
</textarea>
				</li>
				<li test-id='215' class='gc then Skip' status='Skip'>
					<h6 class="step-name" title="stepDefinitions.HomeSteps.verifyCartIconNumber(java.lang.String)"><span class='status skip' title='Skip'><i class='material-icons'>redo</i></span>Then The cart icon should display "1"</h6>

							<div class="node-step">Step skipped</div>
				</li>
				<li test-id='216' class='gc and Skip' status='Skip'>
					<h6 class="step-name" title="stepDefinitions.ProductSteps.clickOnRemoveButton()"><span class='status skip' title='Skip'><i class='material-icons'>redo</i></span>And I click on remove product button</h6>

							<div class="node-step">Step skipped</div>
				</li>
			</ul>
		</li>
	</ul>
</div>
<div class='scenario outline node' test-id='217' status='pass'>

	<span class='duration right label'>00 00 00.943</span>
	<div class="bdd-test">
		<div class="scenario-name"><span class='status pass' title='Pass'><i class='material-icons'>check_circle</i></span> Scenario Outline: Verify Back to products button</div>
	</div>
	
		<div class='node-desc'><br><br><table class='markup-table table '><tr><td>productName</td></tr><tr><td>"Sauce Labs Bike Light"</td></tr><tr><td>"Sauce Labs Bolt T-Shirt"</td></tr><tr><td>"Sauce Labs Onesie"</td></tr><tr><td>"Sauce Labs Backpack"</td></tr></table></div>
	
	
	<ul class='steps'>
		<li test-id='218' class='node scenario Pass' status='Pass'>
			<div class="step-name" title="()"><span class='status pass' title='Pass'><i class='material-icons'>check_circle</i></span>Verify Back to products button</div>


			<ul class='gc steps'>
				<li test-id='219' class='gc given Pass' status='Pass'>
					<h6 class="step-name" title="stepDefinitions.CommonSteps.goToSauceDemoPage()"><span class='status pass' title='Pass'><i class='material-icons'>check_circle</i></span>Given I am in sauce demo web page</h6>

				</li>
				<li test-id='220' class='gc when Pass' status='Pass'>
					<h6 class="step-name" title="stepDefinitions.LoginSteps.setUserName(java.lang.String)"><span class='status pass' title='Pass'><i class='material-icons'>check_circle</i></span>When I set the user name text box with "standard_user"</h6>

				</li>
				<li test-id='221' class='gc and Pass' status='Pass'>
					<h6 class="step-name" title="stepDefinitions.LoginSteps.setPassword(java.lang.String)"><span class='status pass' title='Pass'><i class='material-icons'>check_circle</i></span>And I set the password text box with "secret_sauce"</h6>

				</li>
				<li test-id='222' class='gc and Pass' status='Pass'>
					<h6 class="step-name" title="stepDefinitions.LoginSteps.clickOnLogin()"><span class='status pass' title='Pass'><i class='material-icons'>check_circle</i></span>And I click on the login button</h6>

				</li>
				<li test-id='223' class='gc given Pass' status='Pass'>
					<h6 class="step-name" title="stepDefinitions.HomeSteps.verifyHomePageIsDisplayed()"><span class='status pass' title='Pass'><i class='material-icons'>check_circle</i></span>Given The home page should be displayed</h6>

				</li>
				<li test-id='224' class='gc and Pass' status='Pass'>
					<h6 class="step-name" title="stepDefinitions.HomeSteps.clickOnProductName(java.lang.String)"><span class='status pass' title='Pass'><i class='material-icons'>check_circle</i></span>And i click on "Sauce Labs Bike Light"</h6>

				</li>
				<li test-id='225' class='gc then Pass' status='Pass'>
					<h6 class="step-name" title="stepDefinitions.ProductSteps.verifyProductPage(java.lang.String)"><span class='status pass' title='Pass'><i class='material-icons'>check_circle</i></span>Then the product page of "Sauce Labs Bike Light" should be displayed</h6>

				</li>
				<li test-id='226' class='gc and Pass' status='Pass'>
					<h6 class="step-name" title="stepDefinitions.ProductSteps.returnToHomePage()"><span class='status pass' title='Pass'><i class='material-icons'>check_circle</i></span>And I return to home page</h6>

				</li>
				<li test-id='227' class='gc given Pass' status='Pass'>
					<h6 class="step-name" title="stepDefinitions.HomeSteps.verifyHomePageIsDisplayed()"><span class='status pass' title='Pass'><i class='material-icons'>check_circle</i></span>Given The home page should be displayed</h6>

				</li>
			</ul>
		</li>
		<li test-id='228' class='node scenario Pass' status='Pass'>
			<div class="step-name" title="()"><span class='status pass' title='Pass'><i class='material-icons'>check_circle</i></span>Verify Back to products button</div>


			<ul class='gc steps'>
				<li test-id='229' class='gc given Pass' status='Pass'>
					<h6 class="step-name" title="stepDefinitions.CommonSteps.goToSauceDemoPage()"><span class='status pass' title='Pass'><i class='material-icons'>check_circle</i></span>Given I am in sauce demo web page</h6>

				</li>
				<li test-id='230' class='gc when Pass' status='Pass'>
					<h6 class="step-name" title="stepDefinitions.LoginSteps.setUserName(java.lang.String)"><span class='status pass' title='Pass'><i class='material-icons'>check_circle</i></span>When I set the user name text box with "standard_user"</h6>

				</li>
				<li test-id='231' class='gc and Pass' status='Pass'>
					<h6 class="step-name" title="stepDefinitions.LoginSteps.setPassword(java.lang.String)"><span class='status pass' title='Pass'><i class='material-icons'>check_circle</i></span>And I set the password text box with "secret_sauce"</h6>

				</li>
				<li test-id='232' class='gc and Pass' status='Pass'>
					<h6 class="step-name" title="stepDefinitions.LoginSteps.clickOnLogin()"><span class='status pass' title='Pass'><i class='material-icons'>check_circle</i></span>And I click on the login button</h6>

				</li>
				<li test-id='233' class='gc given Pass' status='Pass'>
					<h6 class="step-name" title="stepDefinitions.HomeSteps.verifyHomePageIsDisplayed()"><span class='status pass' title='Pass'><i class='material-icons'>check_circle</i></span>Given The home page should be displayed</h6>

				</li>
				<li test-id='234' class='gc and Pass' status='Pass'>
					<h6 class="step-name" title="stepDefinitions.HomeSteps.clickOnProductName(java.lang.String)"><span class='status pass' title='Pass'><i class='material-icons'>check_circle</i></span>And i click on "Sauce Labs Bolt T-Shirt"</h6>

				</li>
				<li test-id='235' class='gc then Pass' status='Pass'>
					<h6 class="step-name" title="stepDefinitions.ProductSteps.verifyProductPage(java.lang.String)"><span class='status pass' title='Pass'><i class='material-icons'>check_circle</i></span>Then the product page of "Sauce Labs Bolt T-Shirt" should be displayed</h6>

				</li>
				<li test-id='236' class='gc and Pass' status='Pass'>
					<h6 class="step-name" title="stepDefinitions.ProductSteps.returnToHomePage()"><span class='status pass' title='Pass'><i class='material-icons'>check_circle</i></span>And I return to home page</h6>

				</li>
				<li test-id='237' class='gc given Pass' status='Pass'>
					<h6 class="step-name" title="stepDefinitions.HomeSteps.verifyHomePageIsDisplayed()"><span class='status pass' title='Pass'><i class='material-icons'>check_circle</i></span>Given The home page should be displayed</h6>

				</li>
			</ul>
		</li>
		<li test-id='238' class='node scenario Pass' status='Pass'>
			<div class="step-name" title="()"><span class='status pass' title='Pass'><i class='material-icons'>check_circle</i></span>Verify Back to products button</div>


			<ul class='gc steps'>
				<li test-id='239' class='gc given Pass' status='Pass'>
					<h6 class="step-name" title="stepDefinitions.CommonSteps.goToSauceDemoPage()"><span class='status pass' title='Pass'><i class='material-icons'>check_circle</i></span>Given I am in sauce demo web page</h6>

				</li>
				<li test-id='240' class='gc when Pass' status='Pass'>
					<h6 class="step-name" title="stepDefinitions.LoginSteps.setUserName(java.lang.String)"><span class='status pass' title='Pass'><i class='material-icons'>check_circle</i></span>When I set the user name text box with "standard_user"</h6>

				</li>
				<li test-id='241' class='gc and Pass' status='Pass'>
					<h6 class="step-name" title="stepDefinitions.LoginSteps.setPassword(java.lang.String)"><span class='status pass' title='Pass'><i class='material-icons'>check_circle</i></span>And I set the password text box with "secret_sauce"</h6>

				</li>
				<li test-id='242' class='gc and Pass' status='Pass'>
					<h6 class="step-name" title="stepDefinitions.LoginSteps.clickOnLogin()"><span class='status pass' title='Pass'><i class='material-icons'>check_circle</i></span>And I click on the login button</h6>

				</li>
				<li test-id='243' class='gc given Pass' status='Pass'>
					<h6 class="step-name" title="stepDefinitions.HomeSteps.verifyHomePageIsDisplayed()"><span class='status pass' title='Pass'><i class='material-icons'>check_circle</i></span>Given The home page should be displayed</h6>

				</li>
				<li test-id='244' class='gc and Pass' status='Pass'>
					<h6 class="step-name" title="stepDefinitions.HomeSteps.clickOnProductName(java.lang.String)"><span class='status pass' title='Pass'><i class='material-icons'>check_circle</i></span>And i click on "Sauce Labs Onesie"</h6>

				</li>
				<li test-id='245' class='gc then Pass' status='Pass'>
					<h6 class="step-name" title="stepDefinitions.ProductSteps.verifyProductPage(java.lang.String)"><span class='status pass' title='Pass'><i class='material-icons'>check_circle</i></span>Then the product page of "Sauce Labs Onesie" should be displayed</h6>

				</li>
				<li test-id='246' class='gc and Pass' status='Pass'>
					<h6 class="step-name" title="stepDefinitions.ProductSteps.returnToHomePage()"><span class='status pass' title='Pass'><i class='material-icons'>check_circle</i></span>And I return to home page</h6>

				</li>
				<li test-id='247' class='gc given Pass' status='Pass'>
					<h6 class="step-name" title="stepDefinitions.HomeSteps.verifyHomePageIsDisplayed()"><span class='status pass' title='Pass'><i class='material-icons'>check_circle</i></span>Given The home page should be displayed</h6>

				</li>
			</ul>
		</li>
		<li test-id='248' class='node scenario Pass' status='Pass'>
			<div class="step-name" title="()"><span class='status pass' title='Pass'><i class='material-icons'>check_circle</i></span>Verify Back to products button</div>


			<ul class='gc steps'>
				<li test-id='249' class='gc given Pass' status='Pass'>
					<h6 class="step-name" title="stepDefinitions.CommonSteps.goToSauceDemoPage()"><span class='status pass' title='Pass'><i class='material-icons'>check_circle</i></span>Given I am in sauce demo web page</h6>

				</li>
				<li test-id='250' class='gc when Pass' status='Pass'>
					<h6 class="step-name" title="stepDefinitions.LoginSteps.setUserName(java.lang.String)"><span class='status pass' title='Pass'><i class='material-icons'>check_circle</i></span>When I set the user name text box with "standard_user"</h6>

				</li>
				<li test-id='251' class='gc and Pass' status='Pass'>
					<h6 class="step-name" title="stepDefinitions.LoginSteps.setPassword(java.lang.String)"><span class='status pass' title='Pass'><i class='material-icons'>check_circle</i></span>And I set the password text box with "secret_sauce"</h6>

				</li>
				<li test-id='252' class='gc and Pass' status='Pass'>
					<h6 class="step-name" title="stepDefinitions.LoginSteps.clickOnLogin()"><span class='status pass' title='Pass'><i class='material-icons'>check_circle</i></span>And I click on the login button</h6>

				</li>
				<li test-id='253' class='gc given Pass' status='Pass'>
					<h6 class="step-name" title="stepDefinitions.HomeSteps.verifyHomePageIsDisplayed()"><span class='status pass' title='Pass'><i class='material-icons'>check_circle</i></span>Given The home page should be displayed</h6>

				</li>
				<li test-id='254' class='gc and Pass' status='Pass'>
					<h6 class="step-name" title="stepDefinitions.HomeSteps.clickOnProductName(java.lang.String)"><span class='status pass' title='Pass'><i class='material-icons'>check_circle</i></span>And i click on "Sauce Labs Backpack"</h6>

				</li>
				<li test-id='255' class='gc then Pass' status='Pass'>
					<h6 class="step-name" title="stepDefinitions.ProductSteps.verifyProductPage(java.lang.String)"><span class='status pass' title='Pass'><i class='material-icons'>check_circle</i></span>Then the product page of "Sauce Labs Backpack" should be displayed</h6>

				</li>
				<li test-id='256' class='gc and Pass' status='Pass'>
					<h6 class="step-name" title="stepDefinitions.ProductSteps.returnToHomePage()"><span class='status pass' title='Pass'><i class='material-icons'>check_circle</i></span>And I return to home page</h6>

				</li>
				<li test-id='257' class='gc given Pass' status='Pass'>
					<h6 class="step-name" title="stepDefinitions.HomeSteps.verifyHomePageIsDisplayed()"><span class='status pass' title='Pass'><i class='material-icons'>check_circle</i></span>Given The home page should be displayed</h6>

				</li>
			</ul>
		</li>
	</ul>
</div>
					</div>
				</li>
			</ul>
		</div>
	</div>
	
	
	<!-- subview left -->
	<div class='subview-right left'>
		<div class='view-summary'>
			<div id='step-filters' class="right sr-filters">
				<a class="btn-floating waves-effect waves-light green" status="pass" alt="pass" title="pass"><i class="material-icons">check_circle</i></a>
				<a class="btn-floating waves-effect waves-light red" status="fail" alt="fail" title="fail"><i class="material-icons">cancel</i></a>
				<a class="btn-floating waves-effect waves-light red darken-4" status="fatal" alt="fatal" title="fatal"><i class="material-icons">cancel</i></a>
				<a class="btn-floating waves-effect waves-light pink text-lighten-1" status="error" alt="error" title="error"><i class="material-icons">error</i></a>
				<a class="btn-floating waves-effect waves-light orange" alt="warning" status="warning" title="warning"><i class="material-icons">warning</i></a>
				<a class="btn-floating waves-effect waves-light teal" status="skip" alt="skip" title="skip"><i class="material-icons">redo</i></a>
				<a class="btn-floating waves-effect waves-light grey" status="clear" alt="Clear filters" title="Clear filters"><i class="material-icons">clear</i></a>
			</div>
			<h5 class='test-name'></h5>
		</div>
	</div>
	<!-- subview right -->
</div>
<!-- test view --><div id='category-view' class='view hide'>
	<section id='controls'>
		<div class='controls grey lighten-4'>
			<!-- search -->
			<div class='chip transparent' alt='Search Tests' title='Search Tests'>
				<a href="#" class='search-div'>
				<i class='material-icons'>search</i> Search
				</a>
				<div class='input-field left hide'>
					<input id='search-tests' type='text' class='validate browser-default' placeholder='Search Tests...'>
				</div>
			</div>
			<!-- search -->
		</div>
	</section>
	<div class='subview-left left'>
		<div class='view-summary'>
			<ul id='category-collection' class='category-collection'>
				<li class='category displayed active'>
					<div class='category-heading'>
						<span class='category-name'>@run</span>
						<span class='category-status right'>
						<span class='label pass'>4</span>
						<span class='label fail'>4</span>
						</span>
					</div>
					<div class='category-content hide'>
						<div class='category-status-counts'>
							<span status="pass" class='label green accent-4 white-text'>Passed: 4</span>
							<span status="fail" class='label red lighten-1 white-text'>Failed: 4</span>
							
						</div>
						<div class='category-tests'>
							<table class='bordered table-results'>
								<thead>
									<tr>
										<th>Timestamp</th>
										<th>TestName</th>
										<th>Status</th>
									</tr>
								</thead>
								<tbody>
									<tr>
										<td>sep. 12, 2024 02:40:42 a. m.</td>
										<td class='linked' test-id='84'>Verify that all products can be added to the cart</td>
										<td><span class='test-status Fail'>Fail</span></td>
									</tr>
									<tr>
										<td>sep. 12, 2024 02:40:42 a. m.</td>
										<td class='linked' test-id='93'>Verify that all products can be added to the cart</td>
										<td><span class='test-status Fail'>Fail</span></td>
									</tr>
									<tr>
										<td>sep. 12, 2024 02:40:42 a. m.</td>
										<td class='linked' test-id='102'>Verify that all products can be added to the cart</td>
										<td><span class='test-status Fail'>Fail</span></td>
									</tr>
									<tr>
										<td>sep. 12, 2024 02:40:43 a. m.</td>
										<td class='linked' test-id='111'>Verify that all products can be added to the cart</td>
										<td><span class='test-status Fail'>Fail</span></td>
									</tr>
									<tr>
										<td>sep. 12, 2024 02:40:43 a. m.</td>
										<td class='linked' test-id='147'>Login into Sauce Demo with invalid credentials</td>
										<td><span class='test-status Pass'>Pass</span></td>
									</tr>
									<tr>
										<td>sep. 12, 2024 02:40:44 a. m.</td>
										<td class='linked' test-id='153'>Login into Sauce Demo with invalid credentials</td>
										<td><span class='test-status Pass'>Pass</span></td>
									</tr>
									<tr>
										<td>sep. 12, 2024 02:40:44 a. m.</td>
										<td class='linked' test-id='159'>Login into Sauce Demo with invalid credentials</td>
										<td><span class='test-status Pass'>Pass</span></td>
									</tr>
									<tr>
										<td>sep. 12, 2024 02:40:44 a. m.</td>
										<td class='linked' test-id='165'>Login into Sauce Demo with invalid credentials</td>
										<td><span class='test-status Pass'>Pass</span></td>
									</tr>
								</tbody>
							</table>
						</div>
					</div>
				</li>
			</ul>
		</div>
	</div>
	<div class='subview-right left'>
		<div class='view-summary'>
			<h5 class='category-name'></h5>
		</div>
	</div>
</div>
<!-- category view --><div id='exception-view' class='view hide'>
	<section id='controls'>
		<div class='controls grey lighten-4'>
			<!-- search -->
			<div class='chip transparent' alt='Search Tests' title='Search Tests'>
				<a href="#" class='search-div'>
				<i class='material-icons'>search</i> Search
				</a>
				<div class='input-field left hide'>
					<input id='search-tests' type='text' class='validate browser-default' placeholder='Search Tests...'>
				</div>
			</div>
			<!-- search -->
		</div>
	</section>
	<div class='subview-left left'>
		<div class='view-summary'>
			<ul id='exception-collection' class='exception-collection'>
				<li class='exception displayed active'>
					<div class='exception-heading'>
						<span class='exception-name'>org.opentest4j.AssertionFailedError</span>
						<span class='exception-count right'><span class='label red lighten-1 white-text'>2</span></span>
					</div>
					<div class='exception-content hide'>
						<div class='exception-tests'>
							<table class='bordered table-results'>
								<thead>
									<tr>
										<th>Timestamp</th>
										<th>TestName</th>
										<th>StackTrace</th>
									</tr>
								</thead>
								<tbody>
									<tr>
										<td>sep. 12, 2024 02:40:42 a. m.</td>
										<td class='linked' test-id='100'>Then The cart icon should display "1"</td>
										<td>
											<textarea disabled class="code-block">org.opentest4j.AssertionFailedError: expected: <true> but was: <false>
	at org.junit.jupiter.api.AssertionFailureBuilder.build(AssertionFailureBuilder.java:151)
	at org.junit.jupiter.api.AssertionFailureBuilder.buildAndThrow(AssertionFailureBuilder.java:132)
	at org.junit.jupiter.api.AssertTrue.failNotTrue(AssertTrue.java:63)
	at org.junit.jupiter.api.AssertTrue.assertTrue(AssertTrue.java:36)
	at org.junit.jupiter.api.AssertTrue.assertTrue(AssertTrue.java:31)
	at org.junit.jupiter.api.Assertions.assertTrue(Assertions.java:183)
	at stepDefinitions.HomeSteps.verifyCartIconNumber(HomeSteps.java:29)
	at ✽.The cart icon should display "1"(file:///C:/Users/Sebas/Downloads/SauceDemoAuto/src/test/resources/home.feature:29)
</textarea>
										</td>
									</tr>
									<tr>
										<td>sep. 12, 2024 02:40:43 a. m.</td>
										<td class='linked' test-id='109'>Then The cart icon should display "1"</td>
										<td>
											<textarea disabled class="code-block">org.opentest4j.AssertionFailedError: expected: <true> but was: <false>
	at org.junit.jupiter.api.AssertionFailureBuilder.build(AssertionFailureBuilder.java:151)
	at org.junit.jupiter.api.AssertionFailureBuilder.buildAndThrow(AssertionFailureBuilder.java:132)
	at org.junit.jupiter.api.AssertTrue.failNotTrue(AssertTrue.java:63)
	at org.junit.jupiter.api.AssertTrue.assertTrue(AssertTrue.java:36)
	at org.junit.jupiter.api.AssertTrue.assertTrue(AssertTrue.java:31)
	at org.junit.jupiter.api.Assertions.assertTrue(Assertions.java:183)
	at stepDefinitions.HomeSteps.verifyCartIconNumber(HomeSteps.java:29)
	at ✽.The cart icon should display "1"(file:///C:/Users/Sebas/Downloads/SauceDemoAuto/src/test/resources/home.feature:29)
</textarea>
										</td>
									</tr>
								</tbody>
							</table>
						</div>
					</div>
				</li>
				<li class='exception displayed active'>
					<div class='exception-heading'>
						<span class='exception-name'>org.openqa.selenium.NoSuchElementException</span>
						<span class='exception-count right'><span class='label red lighten-1 white-text'>6</span></span>
					</div>
					<div class='exception-content hide'>
						<div class='exception-tests'>
							<table class='bordered table-results'>
								<thead>
									<tr>
										<th>Timestamp</th>
										<th>TestName</th>
										<th>StackTrace</th>
									</tr>
								</thead>
								<tbody>
									<tr>
										<td>sep. 12, 2024 02:40:42 a. m.</td>
										<td class='linked' test-id='90'>And I add to the cart the product "Sauce Labs Backpack"</td>
										<td>
											<textarea disabled class="code-block">org.openqa.selenium.NoSuchElementException: no such element: Unable to locate element: {"method":"css selector","selector":"#add\-to\-cart\-sauce\-labs\-backpack"}
  (Session info: chrome=128.0.6613.137)
For documentation on this error, please visit: https://www.selenium.dev/documentation/webdriver/troubleshooting/errors#no-such-element-exception
Build info: version: '4.24.0', revision: '748ffc9bc3'
System info: os.name: 'Windows 11', os.arch: 'amd64', os.version: '10.0', java.version: '17.0.12'
Driver info: org.openqa.selenium.chrome.ChromeDriver
Command: [f84048ad9640a85113507f9a6fdfa9a4, findElement {using=id, value=add-to-cart-sauce-labs-backpack}]
Capabilities {acceptInsecureCerts: false, browserName: chrome, browserVersion: 128.0.6613.137, chrome: {chromedriverVersion: 128.0.6613.137 (fe621c5aa2d..., userDataDir: C:\Users\Sebas\AppData\Loca...}, fedcm:accounts: true, goog:chromeOptions: {debuggerAddress: localhost:61217}, networkConnectionEnabled: false, pageLoadStrategy: normal, platformName: windows, proxy: Proxy(), se:cdp: ws://localhost:61217/devtoo..., se:cdpVersion: 128.0.6613.137, setWindowRect: true, strictFileInteractability: false, timeouts: {implicit: 0, pageLoad: 300000, script: 30000}, unhandledPromptBehavior: dismiss and notify, webauthn:extension:credBlob: true, webauthn:extension:largeBlob: true, webauthn:extension:minPinLength: true, webauthn:extension:prf: true, webauthn:virtualAuthenticators: true}
Session ID: f84048ad9640a85113507f9a6fdfa9a4
	at java.base/jdk.internal.reflect.NativeConstructorAccessorImpl.newInstance0(Native Method)
	at java.base/jdk.internal.reflect.NativeConstructorAccessorImpl.newInstance(NativeConstructorAccessorImpl.java:77)
	at java.base/jdk.internal.reflect.DelegatingConstructorAccessorImpl.newInstance(DelegatingConstructorAccessorImpl.java:45)
	at java.base/java.lang.reflect.Constructor.newInstanceWithCaller(Constructor.java:500)
	at java.base/java.lang.reflect.Constructor.newInstance(Constructor.java:481)
	at org.openqa.selenium.remote.ErrorCodec.decode(ErrorCodec.java:167)
	at org.openqa.selenium.remote.codec.w3c.W3CHttpResponseCodec.decode(W3CHttpResponseCodec.java:138)
	at org.openqa.selenium.remote.codec.w3c.W3CHttpResponseCodec.decode(W3CHttpResponseCodec.java:50)
	at org.openqa.selenium.remote.HttpCommandExecutor.execute(HttpCommandExecutor.java:190)
	at org.openqa.selenium.remote.service.DriverCommandExecutor.invokeExecute(DriverCommandExecutor.java:216)
	at org.openqa.selenium.remote.service.DriverCommandExecutor.execute(DriverCommandExecutor.java:174)
	at org.openqa.selenium.remote.RemoteWebDriver.execute(RemoteWebDriver.java:545)
	at org.openqa.selenium.remote.ElementLocation$ElementFinder$2.findElement(ElementLocation.java:165)
	at org.openqa.selenium.remote.ElementLocation.findElement(ElementLocation.java:59)
	at org.openqa.selenium.remote.RemoteWebDriver.findElement(RemoteWebDriver.java:368)
	at org.openqa.selenium.remote.RemoteWebDriver.findElement(RemoteWebDriver.java:362)
	at pages.HomePage.addProductToCart(HomePage.java:47)
	at stepDefinitions.HomeSteps.addProductToCart(HomeSteps.java:24)
	at ✽.I add to the cart the product "Sauce Labs Backpack"(file:///C:/Users/Sebas/Downloads/SauceDemoAuto/src/test/resources/home.feature:28)
</textarea>
										</td>
									</tr>
									<tr>
										<td>sep. 12, 2024 02:40:43 a. m.</td>
										<td class='linked' test-id='117'>And I add to the cart the product "Sauce Labs Onesie"</td>
										<td>
											<textarea disabled class="code-block">org.openqa.selenium.NoSuchElementException: no such element: Unable to locate element: {"method":"css selector","selector":"#add\-to\-cart\-sauce\-labs\-backpack"}
  (Session info: chrome=128.0.6613.137)
For documentation on this error, please visit: https://www.selenium.dev/documentation/webdriver/troubleshooting/errors#no-such-element-exception
Build info: version: '4.24.0', revision: '748ffc9bc3'
System info: os.name: 'Windows 11', os.arch: 'amd64', os.version: '10.0', java.version: '17.0.12'
Driver info: org.openqa.selenium.chrome.ChromeDriver
Command: [f84048ad9640a85113507f9a6fdfa9a4, findElement {using=id, value=add-to-cart-sauce-labs-backpack}]
Capabilities {acceptInsecureCerts: false, browserName: chrome, browserVersion: 128.0.6613.137, chrome: {chromedriverVersion: 128.0.6613.137 (fe621c5aa2d..., userDataDir: C:\Users\Sebas\AppData\Loca...}, fedcm:accounts: true, goog:chromeOptions: {debuggerAddress: localhost:61217}, networkConnectionEnabled: false, pageLoadStrategy: normal, platformName: windows, proxy: Proxy(), se:cdp: ws://localhost:61217/devtoo..., se:cdpVersion: 128.0.6613.137, setWindowRect: true, strictFileInteractability: false, timeouts: {implicit: 0, pageLoad: 300000, script: 30000}, unhandledPromptBehavior: dismiss and notify, webauthn:extension:credBlob: true, webauthn:extension:largeBlob: true, webauthn:extension:minPinLength: true, webauthn:extension:prf: true, webauthn:virtualAuthenticators: true}
Session ID: f84048ad9640a85113507f9a6fdfa9a4
	at java.base/jdk.internal.reflect.NativeConstructorAccessorImpl.newInstance0(Native Method)
	at java.base/jdk.internal.reflect.NativeConstructorAccessorImpl.newInstance(NativeConstructorAccessorImpl.java:77)
	at java.base/jdk.internal.reflect.DelegatingConstructorAccessorImpl.newInstance(DelegatingConstructorAccessorImpl.java:45)
	at java.base/java.lang.reflect.Constructor.newInstanceWithCaller(Constructor.java:500)
	at java.base/java.lang.reflect.Constructor.newInstance(Constructor.java:481)
	at org.openqa.selenium.remote.ErrorCodec.decode(ErrorCodec.java:167)
	at org.openqa.selenium.remote.codec.w3c.W3CHttpResponseCodec.decode(W3CHttpResponseCodec.java:138)
	at org.openqa.selenium.remote.codec.w3c.W3CHttpResponseCodec.decode(W3CHttpResponseCodec.java:50)
	at org.openqa.selenium.remote.HttpCommandExecutor.execute(HttpCommandExecutor.java:190)
	at org.openqa.selenium.remote.service.DriverCommandExecutor.invokeExecute(DriverCommandExecutor.java:216)
	at org.openqa.selenium.remote.service.DriverCommandExecutor.execute(DriverCommandExecutor.java:174)
	at org.openqa.selenium.remote.RemoteWebDriver.execute(RemoteWebDriver.java:545)
	at org.openqa.selenium.remote.ElementLocation$ElementFinder$2.findElement(ElementLocation.java:165)
	at org.openqa.selenium.remote.ElementLocation.findElement(ElementLocation.java:59)
	at org.openqa.selenium.remote.RemoteWebDriver.findElement(RemoteWebDriver.java:368)
	at org.openqa.selenium.remote.RemoteWebDriver.findElement(RemoteWebDriver.java:362)
	at pages.HomePage.addProductToCart(HomePage.java:47)
	at stepDefinitions.HomeSteps.addProductToCart(HomeSteps.java:24)
	at ✽.I add to the cart the product "Sauce Labs Backpack"(file:///C:/Users/Sebas/Downloads/SauceDemoAuto/src/test/resources/home.feature:28)
</textarea>
										</td>
									</tr>
									<tr>
										<td>sep. 12, 2024 02:40:44 a. m.</td>
										<td class='linked' test-id='181'>When I click on add product button</td>
										<td>
											<textarea disabled class="code-block">org.openqa.selenium.NoSuchElementException: no such element: Unable to locate element: {"method":"css selector","selector":"#add\-to\-cart\-sauce\-labs\-backpack"}
  (Session info: chrome=128.0.6613.137)
For documentation on this error, please visit: https://www.selenium.dev/documentation/webdriver/troubleshooting/errors#no-such-element-exception
Build info: version: '4.24.0', revision: '748ffc9bc3'
System info: os.name: 'Windows 11', os.arch: 'amd64', os.version: '10.0', java.version: '17.0.12'
Driver info: org.openqa.selenium.chrome.ChromeDriver
Command: [f84048ad9640a85113507f9a6fdfa9a4, findElement {using=id, value=add-to-cart-sauce-labs-backpack}]
Capabilities {acceptInsecureCerts: false, browserName: chrome, browserVersion: 128.0.6613.137, chrome: {chromedriverVersion: 128.0.6613.137 (fe621c5aa2d..., userDataDir: C:\Users\Sebas\AppData\Loca...}, fedcm:accounts: true, goog:chromeOptions: {debuggerAddress: localhost:61217}, networkConnectionEnabled: false, pageLoadStrategy: normal, platformName: windows, proxy: Proxy(), se:cdp: ws://localhost:61217/devtoo..., se:cdpVersion: 128.0.6613.137, setWindowRect: true, strictFileInteractability: false, timeouts: {implicit: 0, pageLoad: 300000, script: 30000}, unhandledPromptBehavior: dismiss and notify, webauthn:extension:credBlob: true, webauthn:extension:largeBlob: true, webauthn:extension:minPinLength: true, webauthn:extension:prf: true, webauthn:virtualAuthenticators: true}
Session ID: f84048ad9640a85113507f9a6fdfa9a4
	at java.base/jdk.internal.reflect.NativeConstructorAccessorImpl.newInstance0(Native Method)
	at java.base/jdk.internal.reflect.NativeConstructorAccessorImpl.newInstance(NativeConstructorAccessorImpl.java:77)
	at java.base/jdk.internal.reflect.DelegatingConstructorAccessorImpl.newInstance(DelegatingConstructorAccessorImpl.java:45)
	at java.base/java.lang.reflect.Constructor.newInstanceWithCaller(Constructor.java:500)
	at java.base/java.lang.reflect.Constructor.newInstance(Constructor.java:481)
	at org.openqa.selenium.remote.ErrorCodec.decode(ErrorCodec.java:167)
	at org.openqa.selenium.remote.codec.w3c.W3CHttpResponseCodec.decode(W3CHttpResponseCodec.java:138)
	at org.openqa.selenium.remote.codec.w3c.W3CHttpResponseCodec.decode(W3CHttpResponseCodec.java:50)
	at org.openqa.selenium.remote.HttpCommandExecutor.execute(HttpCommandExecutor.java:190)
	at org.openqa.selenium.remote.service.DriverCommandExecutor.invokeExecute(DriverCommandExecutor.java:216)
	at org.openqa.selenium.remote.service.DriverCommandExecutor.execute(DriverCommandExecutor.java:174)
	at org.openqa.selenium.remote.RemoteWebDriver.execute(RemoteWebDriver.java:545)
	at org.openqa.selenium.remote.ElementLocation$ElementFinder$2.findElement(ElementLocation.java:165)
	at org.openqa.selenium.remote.ElementLocation.findElement(ElementLocation.java:59)
	at org.openqa.selenium.remote.RemoteWebDriver.findElement(RemoteWebDriver.java:368)
	at org.openqa.selenium.remote.RemoteWebDriver.findElement(RemoteWebDriver.java:362)
	at pages.HomePage.addProductToCart(HomePage.java:47)
	at stepDefinitions.HomeSteps.addProductToCart(HomeSteps.java:24)
	at ✽.I add to the cart the product "Sauce Labs Backpack"(file:///C:/Users/Sebas/Downloads/SauceDemoAuto/src/test/resources/home.feature:28)
</textarea>
										</td>
									</tr>
									<tr>
										<td>sep. 12, 2024 02:40:44 a. m.</td>
										<td class='linked' test-id='192'>When I click on add product button</td>
										<td>
											<textarea disabled class="code-block">org.openqa.selenium.NoSuchElementException: no such element: Unable to locate element: {"method":"css selector","selector":"#add\-to\-cart\-sauce\-labs\-backpack"}
  (Session info: chrome=128.0.6613.137)
For documentation on this error, please visit: https://www.selenium.dev/documentation/webdriver/troubleshooting/errors#no-such-element-exception
Build info: version: '4.24.0', revision: '748ffc9bc3'
System info: os.name: 'Windows 11', os.arch: 'amd64', os.version: '10.0', java.version: '17.0.12'
Driver info: org.openqa.selenium.chrome.ChromeDriver
Command: [f84048ad9640a85113507f9a6fdfa9a4, findElement {using=id, value=add-to-cart-sauce-labs-backpack}]
Capabilities {acceptInsecureCerts: false, browserName: chrome, browserVersion: 128.0.6613.137, chrome: {chromedriverVersion: 128.0.6613.137 (fe621c5aa2d..., userDataDir: C:\Users\Sebas\AppData\Loca...}, fedcm:accounts: true, goog:chromeOptions: {debuggerAddress: localhost:61217}, networkConnectionEnabled: false, pageLoadStrategy: normal, platformName: windows, proxy: Proxy(), se:cdp: ws://localhost:61217/devtoo..., se:cdpVersion: 128.0.6613.137, setWindowRect: true, strictFileInteractability: false, timeouts: {implicit: 0, pageLoad: 300000, script: 30000}, unhandledPromptBehavior: dismiss and notify, webauthn:extension:credBlob: true, webauthn:extension:largeBlob: true, webauthn:extension:minPinLength: true, webauthn:extension:prf: true, webauthn:virtualAuthenticators: true}
Session ID: f84048ad9640a85113507f9a6fdfa9a4
	at java.base/jdk.internal.reflect.NativeConstructorAccessorImpl.newInstance0(Native Method)
	at java.base/jdk.internal.reflect.NativeConstructorAccessorImpl.newInstance(NativeConstructorAccessorImpl.java:77)
	at java.base/jdk.internal.reflect.DelegatingConstructorAccessorImpl.newInstance(DelegatingConstructorAccessorImpl.java:45)
	at java.base/java.lang.reflect.Constructor.newInstanceWithCaller(Constructor.java:500)
	at java.base/java.lang.reflect.Constructor.newInstance(Constructor.java:481)
	at org.openqa.selenium.remote.ErrorCodec.decode(ErrorCodec.java:167)
	at org.openqa.selenium.remote.codec.w3c.W3CHttpResponseCodec.decode(W3CHttpResponseCodec.java:138)
	at org.openqa.selenium.remote.codec.w3c.W3CHttpResponseCodec.decode(W3CHttpResponseCodec.java:50)
	at org.openqa.selenium.remote.HttpCommandExecutor.execute(HttpCommandExecutor.java:190)
	at org.openqa.selenium.remote.service.DriverCommandExecutor.invokeExecute(DriverCommandExecutor.java:216)
	at org.openqa.selenium.remote.service.DriverCommandExecutor.execute(DriverCommandExecutor.java:174)
	at org.openqa.selenium.remote.RemoteWebDriver.execute(RemoteWebDriver.java:545)
	at org.openqa.selenium.remote.ElementLocation$ElementFinder$2.findElement(ElementLocation.java:165)
	at org.openqa.selenium.remote.ElementLocation.findElement(ElementLocation.java:59)
	at org.openqa.selenium.remote.RemoteWebDriver.findElement(RemoteWebDriver.java:368)
	at org.openqa.selenium.remote.RemoteWebDriver.findElement(RemoteWebDriver.java:362)
	at pages.HomePage.addProductToCart(HomePage.java:47)
	at stepDefinitions.HomeSteps.addProductToCart(HomeSteps.java:24)
	at ✽.I add to the cart the product "Sauce Labs Backpack"(file:///C:/Users/Sebas/Downloads/SauceDemoAuto/src/test/resources/home.feature:28)
</textarea>
										</td>
									</tr>
									<tr>
										<td>sep. 12, 2024 02:40:45 a. m.</td>
										<td class='linked' test-id='203'>When I click on add product button</td>
										<td>
											<textarea disabled class="code-block">org.openqa.selenium.NoSuchElementException: no such element: Unable to locate element: {"method":"css selector","selector":"#add\-to\-cart\-sauce\-labs\-backpack"}
  (Session info: chrome=128.0.6613.137)
For documentation on this error, please visit: https://www.selenium.dev/documentation/webdriver/troubleshooting/errors#no-such-element-exception
Build info: version: '4.24.0', revision: '748ffc9bc3'
System info: os.name: 'Windows 11', os.arch: 'amd64', os.version: '10.0', java.version: '17.0.12'
Driver info: org.openqa.selenium.chrome.ChromeDriver
Command: [f84048ad9640a85113507f9a6fdfa9a4, findElement {using=id, value=add-to-cart-sauce-labs-backpack}]
Capabilities {acceptInsecureCerts: false, browserName: chrome, browserVersion: 128.0.6613.137, chrome: {chromedriverVersion: 128.0.6613.137 (fe621c5aa2d..., userDataDir: C:\Users\Sebas\AppData\Loca...}, fedcm:accounts: true, goog:chromeOptions: {debuggerAddress: localhost:61217}, networkConnectionEnabled: false, pageLoadStrategy: normal, platformName: windows, proxy: Proxy(), se:cdp: ws://localhost:61217/devtoo..., se:cdpVersion: 128.0.6613.137, setWindowRect: true, strictFileInteractability: false, timeouts: {implicit: 0, pageLoad: 300000, script: 30000}, unhandledPromptBehavior: dismiss and notify, webauthn:extension:credBlob: true, webauthn:extension:largeBlob: true, webauthn:extension:minPinLength: true, webauthn:extension:prf: true, webauthn:virtualAuthenticators: true}
Session ID: f84048ad9640a85113507f9a6fdfa9a4
	at java.base/jdk.internal.reflect.NativeConstructorAccessorImpl.newInstance0(Native Method)
	at java.base/jdk.internal.reflect.NativeConstructorAccessorImpl.newInstance(NativeConstructorAccessorImpl.java:77)
	at java.base/jdk.internal.reflect.DelegatingConstructorAccessorImpl.newInstance(DelegatingConstructorAccessorImpl.java:45)
	at java.base/java.lang.reflect.Constructor.newInstanceWithCaller(Constructor.java:500)
	at java.base/java.lang.reflect.Constructor.newInstance(Constructor.java:481)
	at org.openqa.selenium.remote.ErrorCodec.decode(ErrorCodec.java:167)
	at org.openqa.selenium.remote.codec.w3c.W3CHttpResponseCodec.decode(W3CHttpResponseCodec.java:138)
	at org.openqa.selenium.remote.codec.w3c.W3CHttpResponseCodec.decode(W3CHttpResponseCodec.java:50)
	at org.openqa.selenium.remote.HttpCommandExecutor.execute(HttpCommandExecutor.java:190)
	at org.openqa.selenium.remote.service.DriverCommandExecutor.invokeExecute(DriverCommandExecutor.java:216)
	at org.openqa.selenium.remote.service.DriverCommandExecutor.execute(DriverCommandExecutor.java:174)
	at org.openqa.selenium.remote.RemoteWebDriver.execute(RemoteWebDriver.java:545)
	at org.openqa.selenium.remote.ElementLocation$ElementFinder$2.findElement(ElementLocation.java:165)
	at org.openqa.selenium.remote.ElementLocation.findElement(ElementLocation.java:59)
	at org.openqa.selenium.remote.RemoteWebDriver.findElement(RemoteWebDriver.java:368)
	at org.openqa.selenium.remote.RemoteWebDriver.findElement(RemoteWebDriver.java:362)
	at pages.HomePage.addProductToCart(HomePage.java:47)
	at stepDefinitions.HomeSteps.addProductToCart(HomeSteps.java:24)
	at ✽.I add to the cart the product "Sauce Labs Backpack"(file:///C:/Users/Sebas/Downloads/SauceDemoAuto/src/test/resources/home.feature:28)
</textarea>
										</td>
									</tr>
									<tr>
										<td>sep. 12, 2024 02:40:45 a. m.</td>
										<td class='linked' test-id='214'>When I click on add product button</td>
										<td>
											<textarea disabled class="code-block">org.openqa.selenium.NoSuchElementException: no such element: Unable to locate element: {"method":"css selector","selector":"#add\-to\-cart\-sauce\-labs\-backpack"}
  (Session info: chrome=128.0.6613.137)
For documentation on this error, please visit: https://www.selenium.dev/documentation/webdriver/troubleshooting/errors#no-such-element-exception
Build info: version: '4.24.0', revision: '748ffc9bc3'
System info: os.name: 'Windows 11', os.arch: 'amd64', os.version: '10.0', java.version: '17.0.12'
Driver info: org.openqa.selenium.chrome.ChromeDriver
Command: [f84048ad9640a85113507f9a6fdfa9a4, findElement {using=id, value=add-to-cart-sauce-labs-backpack}]
Capabilities {acceptInsecureCerts: false, browserName: chrome, browserVersion: 128.0.6613.137, chrome: {chromedriverVersion: 128.0.6613.137 (fe621c5aa2d..., userDataDir: C:\Users\Sebas\AppData\Loca...}, fedcm:accounts: true, goog:chromeOptions: {debuggerAddress: localhost:61217}, networkConnectionEnabled: false, pageLoadStrategy: normal, platformName: windows, proxy: Proxy(), se:cdp: ws://localhost:61217/devtoo..., se:cdpVersion: 128.0.6613.137, setWindowRect: true, strictFileInteractability: false, timeouts: {implicit: 0, pageLoad: 300000, script: 30000}, unhandledPromptBehavior: dismiss and notify, webauthn:extension:credBlob: true, webauthn:extension:largeBlob: true, webauthn:extension:minPinLength: true, webauthn:extension:prf: true, webauthn:virtualAuthenticators: true}
Session ID: f84048ad9640a85113507f9a6fdfa9a4
	at java.base/jdk.internal.reflect.NativeConstructorAccessorImpl.newInstance0(Native Method)
	at java.base/jdk.internal.reflect.NativeConstructorAccessorImpl.newInstance(NativeConstructorAccessorImpl.java:77)
	at java.base/jdk.internal.reflect.DelegatingConstructorAccessorImpl.newInstance(DelegatingConstructorAccessorImpl.java:45)
	at java.base/java.lang.reflect.Constructor.newInstanceWithCaller(Constructor.java:500)
	at java.base/java.lang.reflect.Constructor.newInstance(Constructor.java:481)
	at org.openqa.selenium.remote.ErrorCodec.decode(ErrorCodec.java:167)
	at org.openqa.selenium.remote.codec.w3c.W3CHttpResponseCodec.decode(W3CHttpResponseCodec.java:138)
	at org.openqa.selenium.remote.codec.w3c.W3CHttpResponseCodec.decode(W3CHttpResponseCodec.java:50)
	at org.openqa.selenium.remote.HttpCommandExecutor.execute(HttpCommandExecutor.java:190)
	at org.openqa.selenium.remote.service.DriverCommandExecutor.invokeExecute(DriverCommandExecutor.java:216)
	at org.openqa.selenium.remote.service.DriverCommandExecutor.execute(DriverCommandExecutor.java:174)
	at org.openqa.selenium.remote.RemoteWebDriver.execute(RemoteWebDriver.java:545)
	at org.openqa.selenium.remote.ElementLocation$ElementFinder$2.findElement(ElementLocation.java:165)
	at org.openqa.selenium.remote.ElementLocation.findElement(ElementLocation.java:59)
	at org.openqa.selenium.remote.RemoteWebDriver.findElement(RemoteWebDriver.java:368)
	at org.openqa.selenium.remote.RemoteWebDriver.findElement(RemoteWebDriver.java:362)
	at pages.HomePage.addProductToCart(HomePage.java:47)
	at stepDefinitions.HomeSteps.addProductToCart(HomeSteps.java:24)
	at ✽.I add to the cart the product "Sauce Labs Backpack"(file:///C:/Users/Sebas/Downloads/SauceDemoAuto/src/test/resources/home.feature:28)
</textarea>
										</td>
									</tr>
								</tbody>
							</table>
						</div>
					</div>
				</li>
			</ul>
		</div>
	</div>
	<div class='subview-right left'>
		<div class='view-summary'>
			<h5 class='exception-name'></h5>
		</div>
	</div>
</div>
<!-- exception view --><div id='dashboard-view' class='view hide'>
	<div class='card-panel transparent np-v'>
		<h5>Dashboard</h5>

		<div class='row'>
			<div class='col s2'>
				<div class='card-panel r'>
					Features
					<div class='panel-lead'>4</div>
				</div>
			</div>
			<div class='col s2'>
				<div class='card-panel r'>
					Scenarios
					<div class='panel-lead'>29</div>
				</div>
			</div>
			<div class='col s2'>
				<div class='card-panel r'>
					Steps
					<div class='panel-lead'>218</div>
				</div>
			</div>
			<div class='col s2'>
				<div class='card-panel r'>
					Start
					<div class='panel-lead'>sep. 12, 2024 02:40:38 a. m.</div>
				</div>
			</div>
			<div class='col s2'>
				<div class='card-panel r'>
			 		End
			 		<div class='panel-lead'>sep. 12, 2024 02:40:46 a. m.</div>
				</div>
			</div>
			<div class='col s2'>
				<div class='card-panel r'>
					Time Taken
					<div class='panel-lead'>00 00 08.165</div>
				</div>
			</div>
			<div class='col s6'>
				<div class='card-panel dashboard-categories'>
					<span class='right label cyan white-text'>Categories</span><p>&nbsp;</p>
					
					<table>
						<tr>
							<th>Name</th>
							<th>Passed</th>
							<th>Failed</th>
							<th>Skipped</th>
							<th>Passed %</th>
						</tr>
						<tr>
							<td>@run</td>
							<td>4</td>
							<td>4</td>
							<td>0</td>
							<td>
									50%
							</td>
						</tr>
					</table>
				</div>
			</div>
		</div>
	</div>
</div>
<!-- dashboard view -->
		</div>
		<!-- container -->
		<script>
			var statusGroup = {
                parentCount: 4,
				passParent: 2,
				failParent: 2,
				fatalParent: 0,
				errorParent: 0,
				warningParent: 0,
				skipParent: 0,
				childCount: 29,
				passChild: 21,
				failChild: 8,
				fatalChild: 0,
				errorChild: 0,
				warningChild: 0,
				skipChild: 0,
				infoChild: 0,
				grandChildCount: 218,
				passGrandChild: 196,
				failGrandChild: 8,
				fatalGrandChild: 0,
				errorGrandChild: 0,
				warningGrandChild: 0,
				skipGrandChild: 14,
				infoGrandChild: 0,
			};
			</script>
		
		<script>
			var timeline = {
			        "Checkout feature":2.98,"Home page":1.832,"Login Sauce Demo App":1.184,"Product page":1.793
			};
		</script>
		
		  <script src='http://cdn.jsdelivr.net/gh/extent-framework/extent-github-cdn@ff53917fbbdb5ef820abbbe4d199a6942dc771ff/v3html/js/extent.js' type='text/javascript'></script>
		
		
		<script type='text/javascript'>
				
		</script> 

	</body>
</html>