

<!DOCTYPE html>
<html>
<head>
<meta charset="UTF-8">
<meta name="viewport" content="width=device-width, initial-scale=1, shrink-to-fit=no">
<title></title>
<link rel="apple-touch-icon" href="https://cdn.jsdelivr.net/gh/extent-framework/extent-github-cdn@b00a2d0486596e73dd7326beacf352c639623a0e/commons/img/logo.png">
<link rel="shortcut icon" href="https://cdn.jsdelivr.net/gh/extent-framework/extent-github-cdn@b00a2d0486596e73dd7326beacf352c639623a0e/commons/img/logo.png">
<link href="https://cdn.jsdelivr.net/gh/extent-framework/extent-github-cdn@ce8b10435bcbae260c334c0d0c6b61d2c19b6168/spark/css/spark-style.css" rel="stylesheet" />
<link href="https://stackpath.bootstrapcdn.com/font-awesome/4.7.0/css/font-awesome.min.css" rel="stylesheet">
<script src="https://cdn.jsdelivr.net/gh/extent-framework/extent-github-cdn@7cc78ce/spark/js/jsontree.js"></script>
<style type="text/css"></style></head><body class="spa bdd-report standard">
  <div class="app">
    <div class="layout">
<div class="header navbar">
<div class="vheader">
<div class="nav-logo">
<a href="#">
<div class="logo" style="background-image: url('https://cdn.jsdelivr.net/gh/extent-framework/extent-github-cdn@b00a2d0486596e73dd7326beacf352c639623a0e/commons/img/logo.png')"></div>
</a>
</div>
<ul class="nav-left">
<li class="search-box">
<a class="search-toggle" href="#">
<i class="search-icon fa fa-search"></i>
<i class="search-icon-close fa fa-close"></i>
</a>
</li>
<li class="search-input"><input id="search-tests" class="form-control" type="text" placeholder="Search..."></li>
</ul>
<ul class="nav-right">
<li class="m-r-10">
<a href="#"><span class="badge badge-primary"></span></a>
</li>
<li class="m-r-10">
<a href="#"><span class="badge badge-primary">sep. 12, 2024 02:40:38 a. m.</span></a>
</li>
</ul>
</div>
</div><div class="side-nav">
<div class="side-nav-inner">
<ul class="side-nav-menu">
<li class="nav-item dropdown" onclick="toggleView('test-view')">
<a id="nav-test" class="dropdown-toggle" href="#">
<span class="ico"><i class="fa fa-list"></i></span>
</a>
</li>
<li class="nav-item dropdown" onclick="toggleView('exception-view')">
<a id="nav-exception" class="dropdown-toggle" href="#">
<span class="ico"><i class="fa fa-bug"></i></span>
</a>
</li>
<li class="nav-item dropdown" onclick="toggleView('category-view')">
<a id="nav-category" class="dropdown-toggle" href="#">
<span class="ico"><i class="fa fa-tag"></i></span>
</a>
</li>
<li class="nav-item dropdown" onclick="toggleView('dashboard-view')">
<a id="nav-dashboard" class="dropdown-toggle" href="#">
<span class="ico"><i class="fa fa-bar-chart"></i></span>
</a>
</li>
</ul>
</div>
</div>      <div class="vcontainer">
        <div class="main-content">
<div class="test-wrapper row view test-view">
  <div class="test-list">
    <div class="test-list-tools">
<ul class="tools pull-left">
<li><a href="#"><span class="font-size-14">Tests</span></a></li>
</ul>
<ul class="tools text-right">
<li class="dropdown">
<a href="#" class="dropdown-toggle" data-toggle="dropdown"><i class="fa fa-exclamation-circle"></i></a>
<ul id="status-toggle" class="dropdown-menu dropdown-md p-v-0">
<a class="dropdown-item" status="pass" href="#"><span>Pass</span><span class="status success"></span></a>
<a class="dropdown-item" status="fail" href="#"><span>Fail</span><span class="status danger"></span></a>
<div class="dropdown-divider"></div>
<a status="clear" class="dropdown-item" href="#"><span>Clear</span><span class="pull-right"><i class="fa fa-close"></i></span></a>
</ul>
</li>
<li class="dropdown">
<a href="#" class="dropdown-toggle" data-toggle="dropdown"><i class="fa fa-tag"></i></a>
<ul id="tag-toggle" class="dropdown-menu dropdown-md p-v-0">
<a class="dropdown-item" href="#">@run</a>
</ul>
</li>
</ul>
</div>    <div class="test-list-wrapper scrollable">
      <ul class="test-list-item">
        <li class="test-item"  status="pass" test-id="1"
          author=""
          tag=""
          device="">
          <div class="test-detail">
            <p class="name">Checkout feature</p>
            <p class="text-sm">
              <span>02:40:38</span> / <span>00:00:02:980</span>
              <span class="badge pass-bg log float-right">Pass</span>
            </p>
          </div>
          <div class="test-contents d-none">
<div class="detail-head">
<div class="p-v-10">
<div class="info">
<h5 class="test-status text-pass">Checkout feature</h5>
<span class='badge badge-success'>09.12.2024 02:40:38</span>
<span class='badge badge-danger'>09.12.2024 02:40:41</span>
<span class='badge badge-default'>00:00:02:980</span>
&middot; <span class='uri-anchor badge badge-default'>#test-id=1</span>
<span title='Skip to the next failed step' class='badge badge-danger pointer float-right ne ml-1'><i class="fa fa-fast-forward"></i></span>
<span title='Collapse all nodes' class='badge badge-default pointer float-right ct ml-1'><i class="fa fa-compress"></i></span>
<span title='Expand all nodes' class='badge badge-default pointer float-right et'><i class="fa fa-expand"></i></span>
</div>
<div class="m-t-10 m-l-5"></div>
</div>
</div>
<div class="accordion mt-4">
  <div class="card">
    <div class="card-header" role="tab">
      <div class="card-title">
        <div class="node" id="2"><span class="badge log pass-bg mr-2">Pass</span>Checkout a purchase</div>
      </div>
    </div>
        <div class="collapse">
          <div class="card-body">
              <div class="step pass-bg" title="stepDefinitions.CommonSteps.goToSauceDemoPage()">
                <span>Given I am in sauce demo web page</span>
      <div>
      </div>
              </div>
              <div class="step pass-bg" title="stepDefinitions.LoginSteps.setUserName(java.lang.String)">
                <span>When I set the user name text box with "standard_user"</span>
      <div>
      </div>
              </div>
              <div class="step pass-bg" title="stepDefinitions.LoginSteps.setPassword(java.lang.String)">
                <span>And I set the password text box with "secret_sauce"</span>
      <div>
      </div>
              </div>
              <div class="step pass-bg" title="stepDefinitions.LoginSteps.clickOnLogin()">
                <span>And I click on the login button</span>
      <div>
      </div>
              </div>
              <div class="step pass-bg" title="stepDefinitions.HomeSteps.verifyHomePageIsDisplayed()">
                <span>Given The home page should be displayed</span>
      <div>
      </div>
              </div>
              <div class="step pass-bg" title="stepDefinitions.HomeSteps.addProductToCart(java.lang.String)">
                <span>When I add to the cart the product "Sauce Labs Backpack"</span>
      <div>
      </div>
              </div>
              <div class="step pass-bg" title="stepDefinitions.HomeSteps.clickOnCartIcon()">
                <span>And I click on the cart button</span>
      <div>
      </div>
              </div>
              <div class="step pass-bg" title="stepDefinitions.YourCartSteps.clickOnCheckoutButton()">
                <span>And I click on the checkout button</span>
      <div>
      </div>
              </div>
              <div class="step pass-bg" title="stepDefinitions.YourInformationSteps.fillCheckoutInformation(io.cucumber.datatable.DataTable)">
                <span>And I fill the checkout information with</span>
      <div><table class='markup-table table '><tr><td>Mauricio</td><td>Viscarra</td><td>00000</td></tr></table>
      </div>
      <div>
      </div>
              </div>
              <div class="step pass-bg" title="stepDefinitions.YourInformationSteps.clickOnContinueButton()">
                <span>And I click on continue button</span>
      <div>
      </div>
              </div>
              <div class="step pass-bg" title="stepDefinitions.OverviewSteps.clickOnContinueButton()">
                <span>And I click on finish button</span>
      <div>
      </div>
              </div>
              <div class="step pass-bg" title="stepDefinitions.CheckoutCompleteSteps.verifyCheckoutCompleteMessage(java.lang.String)">
                <span>Then A message that says "Thank you for your order!" should be displayed</span>
      <div>
      </div>
              </div>
          </div>
        </div>
  </div>
  <div class="card">
    <div class="card-header" role="tab">
      <div class="card-title">
        <div class="node" id="15"><span class="badge log pass-bg mr-2">Pass</span>Checkout with empty fields</div>
      </div>
    </div>
        <div class="collapse">
          <div class="card-body">
              <div class="step pass-bg" title="stepDefinitions.CommonSteps.goToSauceDemoPage()">
                <span>Given I am in sauce demo web page</span>
      <div>
      </div>
              </div>
              <div class="step pass-bg" title="stepDefinitions.LoginSteps.setUserName(java.lang.String)">
                <span>When I set the user name text box with "standard_user"</span>
      <div>
      </div>
              </div>
              <div class="step pass-bg" title="stepDefinitions.LoginSteps.setPassword(java.lang.String)">
                <span>And I set the password text box with "secret_sauce"</span>
      <div>
      </div>
              </div>
              <div class="step pass-bg" title="stepDefinitions.LoginSteps.clickOnLogin()">
                <span>And I click on the login button</span>
      <div>
      </div>
              </div>
              <div class="step pass-bg" title="stepDefinitions.HomeSteps.verifyHomePageIsDisplayed()">
                <span>Given The home page should be displayed</span>
      <div>
      </div>
              </div>
              <div class="step pass-bg" title="stepDefinitions.HomeSteps.addProductToCart(java.lang.String)">
                <span>When I add to the cart the product "Sauce Labs Backpack"</span>
      <div>
      </div>
              </div>
              <div class="step pass-bg" title="stepDefinitions.HomeSteps.clickOnCartIcon()">
                <span>And I click on the cart button</span>
      <div>
      </div>
              </div>
              <div class="step pass-bg" title="stepDefinitions.YourCartSteps.clickOnCheckoutButton()">
                <span>And I click on the checkout button</span>
      <div>
      </div>
              </div>
              <div class="step pass-bg" title="stepDefinitions.YourInformationSteps.clickOnContinueButton()">
                <span>And I click on continue button</span>
      <div>
      </div>
              </div>
              <div class="step pass-bg" title="stepDefinitions.YourInformationSteps.checkErrorMessage(java.lang.String)">
                <span>Then An error message that says "Error: First Name is required" should be displayed</span>
      <div>
      </div>
              </div>
          </div>
        </div>
  </div>
  <div class="card">
    <div class="card-header" role="tab">
      <div class="card-title">
        <div class="node" id="26"><span class="badge log pass-bg mr-2">Pass</span>Cancel a purchase</div>
      </div>
    </div>
        <div class="collapse">
          <div class="card-body">
              <div class="step pass-bg" title="stepDefinitions.CommonSteps.goToSauceDemoPage()">
                <span>Given I am in sauce demo web page</span>
      <div>
      </div>
              </div>
              <div class="step pass-bg" title="stepDefinitions.LoginSteps.setUserName(java.lang.String)">
                <span>When I set the user name text box with "standard_user"</span>
      <div>
      </div>
              </div>
              <div class="step pass-bg" title="stepDefinitions.LoginSteps.setPassword(java.lang.String)">
                <span>And I set the password text box with "secret_sauce"</span>
      <div>
      </div>
              </div>
              <div class="step pass-bg" title="stepDefinitions.LoginSteps.clickOnLogin()">
                <span>And I click on the login button</span>
      <div>
      </div>
              </div>
              <div class="step pass-bg" title="stepDefinitions.HomeSteps.verifyHomePageIsDisplayed()">
                <span>Given The home page should be displayed</span>
      <div>
      </div>
              </div>
              <div class="step pass-bg" title="stepDefinitions.HomeSteps.addProductToCart(java.lang.String)">
                <span>When I add to the cart the product "Sauce Labs Onesie"</span>
      <div>
      </div>
              </div>
              <div class="step pass-bg" title="stepDefinitions.HomeSteps.clickOnCartIcon()">
                <span>And I click on the cart button</span>
      <div>
      </div>
              </div>
              <div class="step pass-bg" title="stepDefinitions.YourCartSteps.clickOnCheckoutButton()">
                <span>And I click on the checkout button</span>
      <div>
      </div>
              </div>
              <div class="step pass-bg" title="stepDefinitions.YourInformationSteps.fillCheckoutInformation(io.cucumber.datatable.DataTable)">
                <span>And I fill the checkout information with</span>
      <div><table class='markup-table table '><tr><td>Mauricio</td><td>Viscarra</td><td>00000</td></tr></table>
      </div>
      <div>
      </div>
              </div>
              <div class="step pass-bg" title="stepDefinitions.YourInformationSteps.clickOnContinueButton()">
                <span>And I click on continue button</span>
      <div>
      </div>
              </div>
              <div class="step pass-bg" title="stepDefinitions.OverviewSteps.clickOnCancelButton()">
                <span>And I click on cancel button</span>
      <div>
      </div>
              </div>
              <div class="step pass-bg" title="stepDefinitions.HomeSteps.verifyHomePageIsDisplayed()">
                <span>Then The home page should be displayed</span>
      <div>
      </div>
              </div>
          </div>
        </div>
  </div>
</div>
          </div>
        </li>
        <li class="test-item"  status="fail" test-id="39"
          author=""
          tag=""
          device="">
          <div class="test-detail">
            <p class="name">Home page</p>
            <p class="text-sm">
              <span>02:40:41</span> / <span>00:00:01:832</span>
              <span class="badge fail-bg log float-right">Fail</span>
            </p>
          </div>
          <div class="test-contents d-none">
<div class="detail-head">
<div class="p-v-10">
<div class="info">
<h5 class="test-status text-fail">Home page</h5>
<span class='badge badge-success'>09.12.2024 02:40:41</span>
<span class='badge badge-danger'>09.12.2024 02:40:43</span>
<span class='badge badge-default'>00:00:01:832</span>
&middot; <span class='uri-anchor badge badge-default'>#test-id=39</span>
<span title='Skip to the next failed step' class='badge badge-danger pointer float-right ne ml-1'><i class="fa fa-fast-forward"></i></span>
<span title='Collapse all nodes' class='badge badge-default pointer float-right ct ml-1'><i class="fa fa-compress"></i></span>
<span title='Expand all nodes' class='badge badge-default pointer float-right et'><i class="fa fa-expand"></i></span>
</div>
<div class="m-t-10 m-l-5"></div>
</div>
</div>
<div class="accordion mt-4">
  <div class="card">
    <div class="card-header" role="tab">
      <div class="card-title">
        <div class="node" id="40"><span class="badge log pass-bg mr-2">Pass</span>Verify that all products are displayed</div>
      </div>
    </div>
        <div class="scenario_outline collapse">
            <div class="card-body l1">
              <div class="card-header">
                <div class="card-title outline-child">
                  <div class="node" id="41"><span class="badge log pass-bg mr-2">Pass</span>Verify that all products are displayed</div>
                </div>
              </div>
              <div class="card-body mt-3 collapse">
                  <div class="step pass-bg">
                    <span>Given I am in sauce demo web page</span>
      <div>
      </div>
                  </div>
                  <div class="step pass-bg">
                    <span>When I set the user name text box with "standard_user"</span>
      <div>
      </div>
                  </div>
                  <div class="step pass-bg">
                    <span>And I set the password text box with "secret_sauce"</span>
      <div>
      </div>
                  </div>
                  <div class="step pass-bg">
                    <span>And I click on the login button</span>
      <div>
      </div>
                  </div>
                  <div class="step pass-bg">
                    <span>When The home page should be displayed</span>
      <div>
      </div>
                  </div>
                  <div class="step pass-bg">
                    <span>Then The product "Sauce Labs Backpack" should be displayed in the home page</span>
      <div>
      </div>
                  </div>
              </div>
            </div>
            <div class="card-body l1">
              <div class="card-header">
                <div class="card-title outline-child">
                  <div class="node" id="48"><span class="badge log pass-bg mr-2">Pass</span>Verify that all products are displayed</div>
                </div>
              </div>
              <div class="card-body mt-3 collapse">
                  <div class="step pass-bg">
                    <span>Given I am in sauce demo web page</span>
      <div>
      </div>
                  </div>
                  <div class="step pass-bg">
                    <span>When I set the user name text box with "standard_user"</span>
      <div>
      </div>
                  </div>
                  <div class="step pass-bg">
                    <span>And I set the password text box with "secret_sauce"</span>
      <div>
      </div>
                  </div>
                  <div class="step pass-bg">
                    <span>And I click on the login button</span>
      <div>
      </div>
                  </div>
                  <div class="step pass-bg">
                    <span>When The home page should be displayed</span>
      <div>
      </div>
                  </div>
                  <div class="step pass-bg">
                    <span>Then The product "Sauce Labs Bike Light" should be displayed in the home page</span>
      <div>
      </div>
                  </div>
              </div>
            </div>
            <div class="card-body l1">
              <div class="card-header">
                <div class="card-title outline-child">
                  <div class="node" id="55"><span class="badge log pass-bg mr-2">Pass</span>Verify that all products are displayed</div>
                </div>
              </div>
              <div class="card-body mt-3 collapse">
                  <div class="step pass-bg">
                    <span>Given I am in sauce demo web page</span>
      <div>
      </div>
                  </div>
                  <div class="step pass-bg">
                    <span>When I set the user name text box with "standard_user"</span>
      <div>
      </div>
                  </div>
                  <div class="step pass-bg">
                    <span>And I set the password text box with "secret_sauce"</span>
      <div>
      </div>
                  </div>
                  <div class="step pass-bg">
                    <span>And I click on the login button</span>
      <div>
      </div>
                  </div>
                  <div class="step pass-bg">
                    <span>When The home page should be displayed</span>
      <div>
      </div>
                  </div>
                  <div class="step pass-bg">
                    <span>Then The product "Sauce Labs Bolt T-Shirt" should be displayed in the home page</span>
      <div>
      </div>
                  </div>
              </div>
            </div>
            <div class="card-body l1">
              <div class="card-header">
                <div class="card-title outline-child">
                  <div class="node" id="62"><span class="badge log pass-bg mr-2">Pass</span>Verify that all products are displayed</div>
                </div>
              </div>
              <div class="card-body mt-3 collapse">
                  <div class="step pass-bg">
                    <span>Given I am in sauce demo web page</span>
      <div>
      </div>
                  </div>
                  <div class="step pass-bg">
                    <span>When I set the user name text box with "standard_user"</span>
      <div>
      </div>
                  </div>
                  <div class="step pass-bg">
                    <span>And I set the password text box with "secret_sauce"</span>
      <div>
      </div>
                  </div>
                  <div class="step pass-bg">
                    <span>And I click on the login button</span>
      <div>
      </div>
                  </div>
                  <div class="step pass-bg">
                    <span>When The home page should be displayed</span>
      <div>
      </div>
                  </div>
                  <div class="step pass-bg">
                    <span>Then The product "Sauce Labs Onesie" should be displayed in the home page</span>
      <div>
      </div>
                  </div>
              </div>
            </div>
        </div>
  </div>
  <div class="card">
    <div class="card-header" role="tab">
      <div class="card-title">
        <div class="node" id="69"><span class="badge log pass-bg mr-2">Pass</span>Verify filter high to low price works</div>
      </div>
    </div>
        <div class="collapse">
          <div class="card-body">
              <div class="step pass-bg" title="stepDefinitions.CommonSteps.goToSauceDemoPage()">
                <span>Given I am in sauce demo web page</span>
      <div>
      </div>
              </div>
              <div class="step pass-bg" title="stepDefinitions.LoginSteps.setUserName(java.lang.String)">
                <span>When I set the user name text box with "standard_user"</span>
      <div>
      </div>
              </div>
              <div class="step pass-bg" title="stepDefinitions.LoginSteps.setPassword(java.lang.String)">
                <span>And I set the password text box with "secret_sauce"</span>
      <div>
      </div>
              </div>
              <div class="step pass-bg" title="stepDefinitions.LoginSteps.clickOnLogin()">
                <span>And I click on the login button</span>
      <div>
      </div>
              </div>
              <div class="step pass-bg" title="stepDefinitions.HomeSteps.clickOnFilter()">
                <span>When I select high to low on the filter</span>
      <div>
      </div>
              </div>
              <div class="step pass-bg" title="stepDefinitions.HomeSteps.verifyOrderOfProducts()">
                <span>Then The products should be in order from high to low</span>
      <div>
      </div>
              </div>
          </div>
        </div>
  </div>
  <div class="card">
    <div class="card-header" role="tab">
      <div class="card-title">
        <div class="node" id="76"><span class="badge log pass-bg mr-2">Pass</span>Verify filter Z to A price works</div>
      </div>
    </div>
        <div class="collapse">
          <div class="card-body">
              <div class="step pass-bg" title="stepDefinitions.CommonSteps.goToSauceDemoPage()">
                <span>Given I am in sauce demo web page</span>
      <div>
      </div>
              </div>
              <div class="step pass-bg" title="stepDefinitions.LoginSteps.setUserName(java.lang.String)">
                <span>When I set the user name text box with "standard_user"</span>
      <div>
      </div>
              </div>
              <div class="step pass-bg" title="stepDefinitions.LoginSteps.setPassword(java.lang.String)">
                <span>And I set the password text box with "secret_sauce"</span>
      <div>
      </div>
              </div>
              <div class="step pass-bg" title="stepDefinitions.LoginSteps.clickOnLogin()">
                <span>And I click on the login button</span>
      <div>
      </div>
              </div>
              <div class="step pass-bg" title="stepDefinitions.HomeSteps.clickOnFilterZtoA()">
                <span>When I select Z to A on the filter</span>
      <div>
      </div>
              </div>
              <div class="step pass-bg" title="stepDefinitions.HomeSteps.verifyOrderOfProductsZtoA()">
                <span>Then The products should be in order from Z to A</span>
      <div>
      </div>
              </div>
          </div>
        </div>
  </div>
  <div class="card">
    <div class="card-header" role="tab">
      <div class="card-title">
        <div class="node" id="83"><span class="badge log fail-bg mr-2">Fail</span>Verify that all products can be added to the cart</div>
      </div>
    </div>
        <div class="scenario_outline ">
            <div class="card-body l1">
              <div class="card-header">
                <div class="card-title outline-child">
                  <div class="node" id="84"><span class="badge log fail-bg mr-2">Fail</span>Verify that all products can be added to the cart</div>
                </div>
              </div>
              <div class="card-body mt-3 ">
                  <div class="step pass-bg">
                    <span>Given I am in sauce demo web page</span>
      <div>
      </div>
                  </div>
                  <div class="step pass-bg">
                    <span>When I set the user name text box with "standard_user"</span>
      <div>
      </div>
                  </div>
                  <div class="step pass-bg">
                    <span>And I set the password text box with "secret_sauce"</span>
      <div>
      </div>
                  </div>
                  <div class="step pass-bg">
                    <span>And I click on the login button</span>
      <div>
      </div>
                  </div>
                  <div class="step pass-bg">
                    <span>When The home page should be displayed</span>
      <div>
      </div>
                  </div>
                  <div class="step fail-bg">
                    <span>And I add to the cart the product "Sauce Labs Backpack"</span>
      <div>
        <textarea disabled class="code-block">org.openqa.selenium.NoSuchElementException: no such element: Unable to locate element: {"method":"css selector","selector":"#add\-to\-cart\-sauce\-labs\-backpack"}
  (Session info: chrome=128.0.6613.137)
For documentation on this error, please visit: https://www.selenium.dev/documentation/webdriver/troubleshooting/errors#no-such-element-exception
Build info: version: '4.24.0', revision: '748ffc9bc3'
System info: os.name: 'Windows 11', os.arch: 'amd64', os.version: '10.0', java.version: '17.0.12'
Driver info: org.openqa.selenium.chrome.ChromeDriver
Command: [f84048ad9640a85113507f9a6fdfa9a4, findElement {using=id, value=add-to-cart-sauce-labs-backpack}]
Capabilities {acceptInsecureCerts: false, browserName: chrome, browserVersion: 128.0.6613.137, chrome: {chromedriverVersion: 128.0.6613.137 (fe621c5aa2d..., userDataDir: C:\Users\Sebas\AppData\Loca...}, fedcm:accounts: true, goog:chromeOptions: {debuggerAddress: localhost:61217}, networkConnectionEnabled: false, pageLoadStrategy: normal, platformName: windows, proxy: Proxy(), se:cdp: ws://localhost:61217/devtoo..., se:cdpVersion: 128.0.6613.137, setWindowRect: true, strictFileInteractability: false, timeouts: {implicit: 0, pageLoad: 300000, script: 30000}, unhandledPromptBehavior: dismiss and notify, webauthn:extension:credBlob: true, webauthn:extension:largeBlob: true, webauthn:extension:minPinLength: true, webauthn:extension:prf: true, webauthn:virtualAuthenticators: true}
Session ID: f84048ad9640a85113507f9a6fdfa9a4
	at java.base/jdk.internal.reflect.NativeConstructorAccessorImpl.newInstance0(Native Method)
	at java.base/jdk.internal.reflect.NativeConstructorAccessorImpl.newInstance(NativeConstructorAccessorImpl.java:77)
	at java.base/jdk.internal.reflect.DelegatingConstructorAccessorImpl.newInstance(DelegatingConstructorAccessorImpl.java:45)
	at java.base/java.lang.reflect.Constructor.newInstanceWithCaller(Constructor.java:500)
	at java.base/java.lang.reflect.Constructor.newInstance(Constructor.java:481)
	at org.openqa.selenium.remote.ErrorCodec.decode(ErrorCodec.java:167)
	at org.openqa.selenium.remote.codec.w3c.W3CHttpResponseCodec.decode(W3CHttpResponseCodec.java:138)
	at org.openqa.selenium.remote.codec.w3c.W3CHttpResponseCodec.decode(W3CHttpResponseCodec.java:50)
	at org.openqa.selenium.remote.HttpCommandExecutor.execute(HttpCommandExecutor.java:190)
	at org.openqa.selenium.remote.service.DriverCommandExecutor.invokeExecute(DriverCommandExecutor.java:216)
	at org.openqa.selenium.remote.service.DriverCommandExecutor.execute(DriverCommandExecutor.java:174)
	at org.openqa.selenium.remote.RemoteWebDriver.execute(RemoteWebDriver.java:545)
	at org.openqa.selenium.remote.ElementLocation$ElementFinder$2.findElement(ElementLocation.java:165)
	at org.openqa.selenium.remote.ElementLocation.findElement(ElementLocation.java:59)
	at org.openqa.selenium.remote.RemoteWebDriver.findElement(RemoteWebDriver.java:368)
	at org.openqa.selenium.remote.RemoteWebDriver.findElement(RemoteWebDriver.java:362)
	at pages.HomePage.addProductToCart(HomePage.java:47)
	at stepDefinitions.HomeSteps.addProductToCart(HomeSteps.java:24)
	at ✽.I add to the cart the product "Sauce Labs Backpack"(file:///C:/Users/Sebas/Downloads/SauceDemoAuto/src/test/resources/home.feature:28)
</textarea>
      
      </div>
                  </div>
                  <div class="step skip-bg">
                    <span>Then The cart icon should display "1"</span>
      <div>Step skipped
      </div>
                  </div>
                  <div class="step skip-bg">
                    <span>And I remove the product "Sauce Labs Backpack" from the cart</span>
      <div>Step skipped
      </div>
                  </div>
              </div>
            </div>
            <div class="card-body l1">
              <div class="card-header">
                <div class="card-title outline-child">
                  <div class="node" id="93"><span class="badge log fail-bg mr-2">Fail</span>Verify that all products can be added to the cart</div>
                </div>
              </div>
              <div class="card-body mt-3 ">
                  <div class="step pass-bg">
                    <span>Given I am in sauce demo web page</span>
      <div>
      </div>
                  </div>
                  <div class="step pass-bg">
                    <span>When I set the user name text box with "standard_user"</span>
      <div>
      </div>
                  </div>
                  <div class="step pass-bg">
                    <span>And I set the password text box with "secret_sauce"</span>
      <div>
      </div>
                  </div>
                  <div class="step pass-bg">
                    <span>And I click on the login button</span>
      <div>
      </div>
                  </div>
                  <div class="step pass-bg">
                    <span>When The home page should be displayed</span>
      <div>
      </div>
                  </div>
                  <div class="step pass-bg">
                    <span>And I add to the cart the product "Sauce Labs Bike Light"</span>
      <div>
      </div>
                  </div>
                  <div class="step fail-bg">
                    <span>Then The cart icon should display "1"</span>
      <div>
        <textarea disabled class="code-block">org.opentest4j.AssertionFailedError: expected: <true> but was: <false>
	at org.junit.jupiter.api.AssertionFailureBuilder.build(AssertionFailureBuilder.java:151)
	at org.junit.jupiter.api.AssertionFailureBuilder.buildAndThrow(AssertionFailureBuilder.java:132)
	at org.junit.jupiter.api.AssertTrue.failNotTrue(AssertTrue.java:63)
	at org.junit.jupiter.api.AssertTrue.assertTrue(AssertTrue.java:36)
	at org.junit.jupiter.api.AssertTrue.assertTrue(AssertTrue.java:31)
	at org.junit.jupiter.api.Assertions.assertTrue(Assertions.java:183)
	at stepDefinitions.HomeSteps.verifyCartIconNumber(HomeSteps.java:29)
	at ✽.The cart icon should display "1"(file:///C:/Users/Sebas/Downloads/SauceDemoAuto/src/test/resources/home.feature:29)
</textarea>
      
      </div>
                  </div>
                  <div class="step skip-bg">
                    <span>And I remove the product "Sauce Labs Bike Light" from the cart</span>
      <div>Step skipped
      </div>
                  </div>
              </div>
            </div>
            <div class="card-body l1">
              <div class="card-header">
                <div class="card-title outline-child">
                  <div class="node" id="102"><span class="badge log fail-bg mr-2">Fail</span>Verify that all products can be added to the cart</div>
                </div>
              </div>
              <div class="card-body mt-3 ">
                  <div class="step pass-bg">
                    <span>Given I am in sauce demo web page</span>
      <div>
      </div>
                  </div>
                  <div class="step pass-bg">
                    <span>When I set the user name text box with "standard_user"</span>
      <div>
      </div>
                  </div>
                  <div class="step pass-bg">
                    <span>And I set the password text box with "secret_sauce"</span>
      <div>
      </div>
                  </div>
                  <div class="step pass-bg">
                    <span>And I click on the login button</span>
      <div>
      </div>
                  </div>
                  <div class="step pass-bg">
                    <span>When The home page should be displayed</span>
      <div>
      </div>
                  </div>
                  <div class="step pass-bg">
                    <span>And I add to the cart the product "Sauce Labs Bolt T-Shirt"</span>
      <div>
      </div>
                  </div>
                  <div class="step fail-bg">
                    <span>Then The cart icon should display "1"</span>
      <div>
        <textarea disabled class="code-block">org.opentest4j.AssertionFailedError: expected: <true> but was: <false>
	at org.junit.jupiter.api.AssertionFailureBuilder.build(AssertionFailureBuilder.java:151)
	at org.junit.jupiter.api.AssertionFailureBuilder.buildAndThrow(AssertionFailureBuilder.java:132)
	at org.junit.jupiter.api.AssertTrue.failNotTrue(AssertTrue.java:63)
	at org.junit.jupiter.api.AssertTrue.assertTrue(AssertTrue.java:36)
	at org.junit.jupiter.api.AssertTrue.assertTrue(AssertTrue.java:31)
	at org.junit.jupiter.api.Assertions.assertTrue(Assertions.java:183)
	at stepDefinitions.HomeSteps.verifyCartIconNumber(HomeSteps.java:29)
	at ✽.The cart icon should display "1"(file:///C:/Users/Sebas/Downloads/SauceDemoAuto/src/test/resources/home.feature:29)
</textarea>
      
      </div>
                  </div>
                  <div class="step skip-bg">
                    <span>And I remove the product "Sauce Labs Bolt T-Shirt" from the cart</span>
      <div>Step skipped
      </div>
                  </div>
              </div>
            </div>
            <div class="card-body l1">
              <div class="card-header">
                <div class="card-title outline-child">
                  <div class="node" id="111"><span class="badge log fail-bg mr-2">Fail</span>Verify that all products can be added to the cart</div>
                </div>
              </div>
              <div class="card-body mt-3 ">
                  <div class="step pass-bg">
                    <span>Given I am in sauce demo web page</span>
      <div>
      </div>
                  </div>
                  <div class="step pass-bg">
                    <span>When I set the user name text box with "standard_user"</span>
      <div>
      </div>
                  </div>
                  <div class="step pass-bg">
                    <span>And I set the password text box with "secret_sauce"</span>
      <div>
      </div>
                  </div>
                  <div class="step pass-bg">
                    <span>And I click on the login button</span>
      <div>
      </div>
                  </div>
                  <div class="step pass-bg">
                    <span>When The home page should be displayed</span>
      <div>
      </div>
                  </div>
                  <div class="step fail-bg">
                    <span>And I add to the cart the product "Sauce Labs Onesie"</span>
      <div>
        <textarea disabled class="code-block">org.openqa.selenium.NoSuchElementException: no such element: Unable to locate element: {"method":"css selector","selector":"#add\-to\-cart\-sauce\-labs\-onesie"}
  (Session info: chrome=128.0.6613.137)
For documentation on this error, please visit: https://www.selenium.dev/documentation/webdriver/troubleshooting/errors#no-such-element-exception
Build info: version: '4.24.0', revision: '748ffc9bc3'
System info: os.name: 'Windows 11', os.arch: 'amd64', os.version: '10.0', java.version: '17.0.12'
Driver info: org.openqa.selenium.chrome.ChromeDriver
Command: [f84048ad9640a85113507f9a6fdfa9a4, findElement {using=id, value=add-to-cart-sauce-labs-onesie}]
Capabilities {acceptInsecureCerts: false, browserName: chrome, browserVersion: 128.0.6613.137, chrome: {chromedriverVersion: 128.0.6613.137 (fe621c5aa2d..., userDataDir: C:\Users\Sebas\AppData\Loca...}, fedcm:accounts: true, goog:chromeOptions: {debuggerAddress: localhost:61217}, networkConnectionEnabled: false, pageLoadStrategy: normal, platformName: windows, proxy: Proxy(), se:cdp: ws://localhost:61217/devtoo..., se:cdpVersion: 128.0.6613.137, setWindowRect: true, strictFileInteractability: false, timeouts: {implicit: 0, pageLoad: 300000, script: 30000}, unhandledPromptBehavior: dismiss and notify, webauthn:extension:credBlob: true, webauthn:extension:largeBlob: true, webauthn:extension:minPinLength: true, webauthn:extension:prf: true, webauthn:virtualAuthenticators: true}
Session ID: f84048ad9640a85113507f9a6fdfa9a4
	at java.base/jdk.internal.reflect.NativeConstructorAccessorImpl.newInstance0(Native Method)
	at java.base/jdk.internal.reflect.NativeConstructorAccessorImpl.newInstance(NativeConstructorAccessorImpl.java:77)
	at java.base/jdk.internal.reflect.DelegatingConstructorAccessorImpl.newInstance(DelegatingConstructorAccessorImpl.java:45)
	at java.base/java.lang.reflect.Constructor.newInstanceWithCaller(Constructor.java:500)
	at java.base/java.lang.reflect.Constructor.newInstance(Constructor.java:481)
	at org.openqa.selenium.remote.ErrorCodec.decode(ErrorCodec.java:167)
	at org.openqa.selenium.remote.codec.w3c.W3CHttpResponseCodec.decode(W3CHttpResponseCodec.java:138)
	at org.openqa.selenium.remote.codec.w3c.W3CHttpResponseCodec.decode(W3CHttpResponseCodec.java:50)
	at org.openqa.selenium.remote.HttpCommandExecutor.execute(HttpCommandExecutor.java:190)
	at org.openqa.selenium.remote.service.DriverCommandExecutor.invokeExecute(DriverCommandExecutor.java:216)
	at org.openqa.selenium.remote.service.DriverCommandExecutor.execute(DriverCommandExecutor.java:174)
	at org.openqa.selenium.remote.RemoteWebDriver.execute(RemoteWebDriver.java:545)
	at org.openqa.selenium.remote.ElementLocation$ElementFinder$2.findElement(ElementLocation.java:165)
	at org.openqa.selenium.remote.ElementLocation.findElement(ElementLocation.java:59)
	at org.openqa.selenium.remote.RemoteWebDriver.findElement(RemoteWebDriver.java:368)
	at org.openqa.selenium.remote.RemoteWebDriver.findElement(RemoteWebDriver.java:362)
	at pages.HomePage.addProductToCart(HomePage.java:47)
	at stepDefinitions.HomeSteps.addProductToCart(HomeSteps.java:24)
	at ✽.I add to the cart the product "Sauce Labs Onesie"(file:///C:/Users/Sebas/Downloads/SauceDemoAuto/src/test/resources/home.feature:28)
</textarea>
      
      </div>
                  </div>
                  <div class="step skip-bg">
                    <span>Then The cart icon should display "1"</span>
      <div>Step skipped
      </div>
                  </div>
                  <div class="step skip-bg">
                    <span>And I remove the product "Sauce Labs Onesie" from the cart</span>
      <div>Step skipped
      </div>
                  </div>
              </div>
            </div>
        </div>
  </div>
</div>
          </div>
        </li>
        <li class="test-item"  status="pass" test-id="120"
          author=""
          tag=""
          device="">
          <div class="test-detail">
            <p class="name">Login Sauce Demo App</p>
            <p class="text-sm">
              <span>02:40:43</span> / <span>00:00:01:184</span>
              <span class="badge pass-bg log float-right">Pass</span>
            </p>
          </div>
          <div class="test-contents d-none">
<div class="detail-head">
<div class="p-v-10">
<div class="info">
<h5 class="test-status text-pass">Login Sauce Demo App</h5>
<span class='badge badge-success'>09.12.2024 02:40:43</span>
<span class='badge badge-danger'>09.12.2024 02:40:44</span>
<span class='badge badge-default'>00:00:01:184</span>
&middot; <span class='uri-anchor badge badge-default'>#test-id=120</span>
<span title='Skip to the next failed step' class='badge badge-danger pointer float-right ne ml-1'><i class="fa fa-fast-forward"></i></span>
<span title='Collapse all nodes' class='badge badge-default pointer float-right ct ml-1'><i class="fa fa-compress"></i></span>
<span title='Expand all nodes' class='badge badge-default pointer float-right et'><i class="fa fa-expand"></i></span>
</div>
<div class="m-t-10 m-l-5"></div>
</div>
</div>
<div class="accordion mt-4">
  <div class="card">
    <div class="card-header" role="tab">
      <div class="card-title">
        <div class="node" id="121"><span class="badge log pass-bg mr-2">Pass</span>Login into Sauce Demo with valid credentials</div>
      </div>
    </div>
        <div class="collapse">
          <div class="card-body">
              <div class="step pass-bg" title="stepDefinitions.CommonSteps.goToSauceDemoPage()">
                <span>Given I am in sauce demo web page</span>
      <div>
      </div>
              </div>
              <div class="step pass-bg" title="stepDefinitions.LoginSteps.setUserName(java.lang.String)">
                <span>Given I set the user name text box with "standard_user"</span>
      <div>
      </div>
              </div>
              <div class="step pass-bg" title="stepDefinitions.LoginSteps.setPassword(java.lang.String)">
                <span>And I set the password text box with "secret_sauce"</span>
      <div>
      </div>
              </div>
              <div class="step pass-bg" title="stepDefinitions.LoginSteps.clickOnLogin()">
                <span>When I click on the login button</span>
      <div>
      </div>
              </div>
              <div class="step pass-bg" title="stepDefinitions.HomeSteps.verifyHomePageIsDisplayed()">
                <span>Then The home page should be displayed</span>
      <div>
      </div>
              </div>
          </div>
        </div>
  </div>
  <div class="card">
    <div class="card-header" role="tab">
      <div class="card-title">
        <div class="node" id="127"><span class="badge log pass-bg mr-2">Pass</span>Login into Sauce Demo with invalid credentials</div>
      </div>
    </div>
        <div class="collapse">
          <div class="card-body">
              <div class="step pass-bg" title="stepDefinitions.CommonSteps.goToSauceDemoPage()">
                <span>Given I am in sauce demo web page</span>
      <div>
      </div>
              </div>
              <div class="step pass-bg" title="stepDefinitions.LoginSteps.setUserName(java.lang.String)">
                <span>Given I set the user name text box with "invalid_user"</span>
      <div>
      </div>
              </div>
              <div class="step pass-bg" title="stepDefinitions.LoginSteps.setPassword(java.lang.String)">
                <span>And I set the password text box with "invalid_password"</span>
      <div>
      </div>
              </div>
              <div class="step pass-bg" title="stepDefinitions.LoginSteps.clickOnLogin()">
                <span>When I click on the login button</span>
      <div>
      </div>
              </div>
              <div class="step pass-bg" title="stepDefinitions.LoginSteps.verifyErrorMessage(java.lang.String)">
                <span>Then A error message that says "Epic sadface: Username and password do not match any user in this service" should be displayed</span>
      <div>
      </div>
              </div>
          </div>
        </div>
  </div>
  <div class="card">
    <div class="card-header" role="tab">
      <div class="card-title">
        <div class="node" id="133"><span class="badge log pass-bg mr-2">Pass</span>Login into Sauce Demo with valid credentials</div>
      </div>
    </div>
        <div class="scenario_outline collapse">
            <div class="card-body l1">
              <div class="card-header">
                <div class="card-title outline-child">
                  <div class="node" id="134"><span class="badge log pass-bg mr-2">Pass</span>Login into Sauce Demo with valid credentials</div>
                </div>
              </div>
              <div class="card-body mt-3 collapse">
                  <div class="step pass-bg">
                    <span>Given I am in sauce demo web page</span>
      <div>
      </div>
                  </div>
                  <div class="step pass-bg">
                    <span>Given I set the user name text box with "standard_user"</span>
      <div>
      </div>
                  </div>
                  <div class="step pass-bg">
                    <span>And I set the password text box with "secret_sauce"</span>
      <div>
      </div>
                  </div>
                  <div class="step pass-bg">
                    <span>When I click on the login button</span>
      <div>
      </div>
                  </div>
                  <div class="step pass-bg">
                    <span>Then The home page should be displayed</span>
      <div>
      </div>
                  </div>
              </div>
            </div>
            <div class="card-body l1">
              <div class="card-header">
                <div class="card-title outline-child">
                  <div class="node" id="140"><span class="badge log pass-bg mr-2">Pass</span>Login into Sauce Demo with valid credentials</div>
                </div>
              </div>
              <div class="card-body mt-3 collapse">
                  <div class="step pass-bg">
                    <span>Given I am in sauce demo web page</span>
      <div>
      </div>
                  </div>
                  <div class="step pass-bg">
                    <span>Given I set the user name text box with "problem_user"</span>
      <div>
      </div>
                  </div>
                  <div class="step pass-bg">
                    <span>And I set the password text box with "secret_sauce"</span>
      <div>
      </div>
                  </div>
                  <div class="step pass-bg">
                    <span>When I click on the login button</span>
      <div>
      </div>
                  </div>
                  <div class="step pass-bg">
                    <span>Then The home page should be displayed</span>
      <div>
      </div>
                  </div>
              </div>
            </div>
        </div>
  </div>
  <div class="card">
    <div class="card-header" role="tab">
      <div class="card-title">
        <div class="node" id="146"><span class="badge log pass-bg mr-2">Pass</span>Login into Sauce Demo with invalid credentials</div>
      </div>
    </div>
        <div class="scenario_outline collapse">
            <div class="card-body l1">
              <div class="card-header">
                <div class="card-title outline-child">
                  <div class="node" id="147"><span class="badge log pass-bg mr-2">Pass</span>Login into Sauce Demo with invalid credentials</div>
                </div>
              </div>
              <div class="card-body mt-3 collapse">
                  <div class="step pass-bg">
                    <span>Given I am in sauce demo web page</span>
      <div>
      </div>
                  </div>
                  <div class="step pass-bg">
                    <span>Given I set the user name text box with "standard_user1"</span>
      <div>
      </div>
                  </div>
                  <div class="step pass-bg">
                    <span>And I set the password text box with "secret_sauce3"</span>
      <div>
      </div>
                  </div>
                  <div class="step pass-bg">
                    <span>When I click on the login button</span>
      <div>
      </div>
                  </div>
                  <div class="step pass-bg">
                    <span>Then A error message that says "Epic sadface: Username and password do not match any user in this service" should be displayed</span>
      <div>
      </div>
                  </div>
              </div>
            </div>
            <div class="card-body l1">
              <div class="card-header">
                <div class="card-title outline-child">
                  <div class="node" id="153"><span class="badge log pass-bg mr-2">Pass</span>Login into Sauce Demo with invalid credentials</div>
                </div>
              </div>
              <div class="card-body mt-3 collapse">
                  <div class="step pass-bg">
                    <span>Given I am in sauce demo web page</span>
      <div>
      </div>
                  </div>
                  <div class="step pass-bg">
                    <span>Given I set the user name text box with "problem_user2"</span>
      <div>
      </div>
                  </div>
                  <div class="step pass-bg">
                    <span>And I set the password text box with "secret_sauce4"</span>
      <div>
      </div>
                  </div>
                  <div class="step pass-bg">
                    <span>When I click on the login button</span>
      <div>
      </div>
                  </div>
                  <div class="step pass-bg">
                    <span>Then A error message that says "Epic sadface: Username and password do not match any user in this service" should be displayed</span>
      <div>
      </div>
                  </div>
              </div>
            </div>
            <div class="card-body l1">
              <div class="card-header">
                <div class="card-title outline-child">
                  <div class="node" id="159"><span class="badge log pass-bg mr-2">Pass</span>Login into Sauce Demo with invalid credentials</div>
                </div>
              </div>
              <div class="card-body mt-3 collapse">
                  <div class="step pass-bg">
                    <span>Given I am in sauce demo web page</span>
      <div>
      </div>
                  </div>
                  <div class="step pass-bg">
                    <span>Given I set the user name text box with "standard_user9"</span>
      <div>
      </div>
                  </div>
                  <div class="step pass-bg">
                    <span>And I set the password text box with "secret_sauce"</span>
      <div>
      </div>
                  </div>
                  <div class="step pass-bg">
                    <span>When I click on the login button</span>
      <div>
      </div>
                  </div>
                  <div class="step pass-bg">
                    <span>Then A error message that says "Epic sadface: Username and password do not match any user in this service" should be displayed</span>
      <div>
      </div>
                  </div>
              </div>
            </div>
            <div class="card-body l1">
              <div class="card-header">
                <div class="card-title outline-child">
                  <div class="node" id="165"><span class="badge log pass-bg mr-2">Pass</span>Login into Sauce Demo with invalid credentials</div>
                </div>
              </div>
              <div class="card-body mt-3 collapse">
                  <div class="step pass-bg">
                    <span>Given I am in sauce demo web page</span>
      <div>
      </div>
                  </div>
                  <div class="step pass-bg">
                    <span>Given I set the user name text box with "problem_user8"</span>
      <div>
      </div>
                  </div>
                  <div class="step pass-bg">
                    <span>And I set the password text box with "secret_sauce9"</span>
      <div>
      </div>
                  </div>
                  <div class="step pass-bg">
                    <span>When I click on the login button</span>
      <div>
      </div>
                  </div>
                  <div class="step pass-bg">
                    <span>Then A error message that says "Epic sadface: Username and password do not match any user in this service" should be displayed</span>
      <div>
      </div>
                  </div>
              </div>
            </div>
        </div>
  </div>
</div>
          </div>
        </li>
        <li class="test-item"  status="fail" test-id="171"
          author=""
          tag=""
          device="">
          <div class="test-detail">
            <p class="name">Product page</p>
            <p class="text-sm">
              <span>02:40:44</span> / <span>00:00:01:793</span>
              <span class="badge fail-bg log float-right">Fail</span>
            </p>
          </div>
          <div class="test-contents d-none">
<div class="detail-head">
<div class="p-v-10">
<div class="info">
<h5 class="test-status text-fail">Product page</h5>
<span class='badge badge-success'>09.12.2024 02:40:44</span>
<span class='badge badge-danger'>09.12.2024 02:40:46</span>
<span class='badge badge-default'>00:00:01:793</span>
&middot; <span class='uri-anchor badge badge-default'>#test-id=171</span>
<span title='Skip to the next failed step' class='badge badge-danger pointer float-right ne ml-1'><i class="fa fa-fast-forward"></i></span>
<span title='Collapse all nodes' class='badge badge-default pointer float-right ct ml-1'><i class="fa fa-compress"></i></span>
<span title='Expand all nodes' class='badge badge-default pointer float-right et'><i class="fa fa-expand"></i></span>
</div>
<div class="m-t-10 m-l-5"></div>
</div>
</div>
<div class="accordion mt-4">
  <div class="card">
    <div class="card-header" role="tab">
      <div class="card-title">
        <div class="node" id="172"><span class="badge log fail-bg mr-2">Fail</span>Verify add product to cart from the product page</div>
      </div>
    </div>
        <div class="scenario_outline ">
            <div class="card-body l1">
              <div class="card-header">
                <div class="card-title outline-child">
                  <div class="node" id="173"><span class="badge log fail-bg mr-2">Fail</span>Verify add product to cart from the product page</div>
                </div>
              </div>
              <div class="card-body mt-3 ">
                  <div class="step pass-bg">
                    <span>Given I am in sauce demo web page</span>
      <div>
      </div>
                  </div>
                  <div class="step pass-bg">
                    <span>When I set the user name text box with "standard_user"</span>
      <div>
      </div>
                  </div>
                  <div class="step pass-bg">
                    <span>And I set the password text box with "secret_sauce"</span>
      <div>
      </div>
                  </div>
                  <div class="step pass-bg">
                    <span>And I click on the login button</span>
      <div>
      </div>
                  </div>
                  <div class="step pass-bg">
                    <span>Given The home page should be displayed</span>
      <div>
      </div>
                  </div>
                  <div class="step pass-bg">
                    <span>And i click on "Sauce Labs Bike Light"</span>
      <div>
      </div>
                  </div>
                  <div class="step pass-bg">
                    <span>Then the product page of "Sauce Labs Bike Light" should be displayed</span>
      <div>
      </div>
                  </div>
                  <div class="step fail-bg">
                    <span>When I click on add product button</span>
      <div>
        <textarea disabled class="code-block">org.openqa.selenium.NoSuchElementException: no such element: Unable to locate element: {"method":"css selector","selector":"#add\-to\-cart"}
  (Session info: chrome=128.0.6613.137)
For documentation on this error, please visit: https://www.selenium.dev/documentation/webdriver/troubleshooting/errors#no-such-element-exception
Build info: version: '4.24.0', revision: '748ffc9bc3'
System info: os.name: 'Windows 11', os.arch: 'amd64', os.version: '10.0', java.version: '17.0.12'
Driver info: org.openqa.selenium.chrome.ChromeDriver
Command: [f84048ad9640a85113507f9a6fdfa9a4, findElement {using=id, value=add-to-cart}]
Capabilities {acceptInsecureCerts: false, browserName: chrome, browserVersion: 128.0.6613.137, chrome: {chromedriverVersion: 128.0.6613.137 (fe621c5aa2d..., userDataDir: C:\Users\Sebas\AppData\Loca...}, fedcm:accounts: true, goog:chromeOptions: {debuggerAddress: localhost:61217}, networkConnectionEnabled: false, pageLoadStrategy: normal, platformName: windows, proxy: Proxy(), se:cdp: ws://localhost:61217/devtoo..., se:cdpVersion: 128.0.6613.137, setWindowRect: true, strictFileInteractability: false, timeouts: {implicit: 0, pageLoad: 300000, script: 30000}, unhandledPromptBehavior: dismiss and notify, webauthn:extension:credBlob: true, webauthn:extension:largeBlob: true, webauthn:extension:minPinLength: true, webauthn:extension:prf: true, webauthn:virtualAuthenticators: true}
Session ID: f84048ad9640a85113507f9a6fdfa9a4
	at java.base/jdk.internal.reflect.NativeConstructorAccessorImpl.newInstance0(Native Method)
	at java.base/jdk.internal.reflect.NativeConstructorAccessorImpl.newInstance(NativeConstructorAccessorImpl.java:77)
	at java.base/jdk.internal.reflect.DelegatingConstructorAccessorImpl.newInstance(DelegatingConstructorAccessorImpl.java:45)
	at java.base/java.lang.reflect.Constructor.newInstanceWithCaller(Constructor.java:500)
	at java.base/java.lang.reflect.Constructor.newInstance(Constructor.java:481)
	at org.openqa.selenium.remote.ErrorCodec.decode(ErrorCodec.java:167)
	at org.openqa.selenium.remote.codec.w3c.W3CHttpResponseCodec.decode(W3CHttpResponseCodec.java:138)
	at org.openqa.selenium.remote.codec.w3c.W3CHttpResponseCodec.decode(W3CHttpResponseCodec.java:50)
	at org.openqa.selenium.remote.HttpCommandExecutor.execute(HttpCommandExecutor.java:190)
	at org.openqa.selenium.remote.service.DriverCommandExecutor.invokeExecute(DriverCommandExecutor.java:216)
	at org.openqa.selenium.remote.service.DriverCommandExecutor.execute(DriverCommandExecutor.java:174)
	at org.openqa.selenium.remote.RemoteWebDriver.execute(RemoteWebDriver.java:545)
	at org.openqa.selenium.remote.ElementLocation$ElementFinder$2.findElement(ElementLocation.java:165)
	at org.openqa.selenium.remote.ElementLocation.findElement(ElementLocation.java:59)
	at org.openqa.selenium.remote.RemoteWebDriver.findElement(RemoteWebDriver.java:368)
	at org.openqa.selenium.remote.RemoteWebDriver.findElement(RemoteWebDriver.java:362)
	at org.openqa.selenium.support.pagefactory.DefaultElementLocator.findElement(DefaultElementLocator.java:68)
	at org.openqa.selenium.support.pagefactory.internal.LocatingElementHandler.invoke(LocatingElementHandler.java:38)
	at jdk.proxy2/jdk.proxy2.$Proxy18.click(Unknown Source)
	at pages.ProductPage.ClickAddToCart(ProductPage.java:28)
	at stepDefinitions.ProductSteps.clickOnAddProduct(ProductSteps.java:17)
	at ✽.I click on add product button(file:///C:/Users/Sebas/Downloads/SauceDemoAuto/src/test/resources/product.feature:13)
</textarea>
      
      </div>
                  </div>
                  <div class="step skip-bg">
                    <span>Then The cart icon should display "1"</span>
      <div>Step skipped
      </div>
                  </div>
                  <div class="step skip-bg">
                    <span>And I click on remove product button</span>
      <div>Step skipped
      </div>
                  </div>
              </div>
            </div>
            <div class="card-body l1">
              <div class="card-header">
                <div class="card-title outline-child">
                  <div class="node" id="184"><span class="badge log fail-bg mr-2">Fail</span>Verify add product to cart from the product page</div>
                </div>
              </div>
              <div class="card-body mt-3 ">
                  <div class="step pass-bg">
                    <span>Given I am in sauce demo web page</span>
      <div>
      </div>
                  </div>
                  <div class="step pass-bg">
                    <span>When I set the user name text box with "standard_user"</span>
      <div>
      </div>
                  </div>
                  <div class="step pass-bg">
                    <span>And I set the password text box with "secret_sauce"</span>
      <div>
      </div>
                  </div>
                  <div class="step pass-bg">
                    <span>And I click on the login button</span>
      <div>
      </div>
                  </div>
                  <div class="step pass-bg">
                    <span>Given The home page should be displayed</span>
      <div>
      </div>
                  </div>
                  <div class="step pass-bg">
                    <span>And i click on "Sauce Labs Bolt T-Shirt"</span>
      <div>
      </div>
                  </div>
                  <div class="step pass-bg">
                    <span>Then the product page of "Sauce Labs Bolt T-Shirt" should be displayed</span>
      <div>
      </div>
                  </div>
                  <div class="step fail-bg">
                    <span>When I click on add product button</span>
      <div>
        <textarea disabled class="code-block">org.openqa.selenium.NoSuchElementException: no such element: Unable to locate element: {"method":"css selector","selector":"#add\-to\-cart"}
  (Session info: chrome=128.0.6613.137)
For documentation on this error, please visit: https://www.selenium.dev/documentation/webdriver/troubleshooting/errors#no-such-element-exception
Build info: version: '4.24.0', revision: '748ffc9bc3'
System info: os.name: 'Windows 11', os.arch: 'amd64', os.version: '10.0', java.version: '17.0.12'
Driver info: org.openqa.selenium.chrome.ChromeDriver
Command: [f84048ad9640a85113507f9a6fdfa9a4, findElement {using=id, value=add-to-cart}]
Capabilities {acceptInsecureCerts: false, browserName: chrome, browserVersion: 128.0.6613.137, chrome: {chromedriverVersion: 128.0.6613.137 (fe621c5aa2d..., userDataDir: C:\Users\Sebas\AppData\Loca...}, fedcm:accounts: true, goog:chromeOptions: {debuggerAddress: localhost:61217}, networkConnectionEnabled: false, pageLoadStrategy: normal, platformName: windows, proxy: Proxy(), se:cdp: ws://localhost:61217/devtoo..., se:cdpVersion: 128.0.6613.137, setWindowRect: true, strictFileInteractability: false, timeouts: {implicit: 0, pageLoad: 300000, script: 30000}, unhandledPromptBehavior: dismiss and notify, webauthn:extension:credBlob: true, webauthn:extension:largeBlob: true, webauthn:extension:minPinLength: true, webauthn:extension:prf: true, webauthn:virtualAuthenticators: true}
Session ID: f84048ad9640a85113507f9a6fdfa9a4
	at java.base/jdk.internal.reflect.NativeConstructorAccessorImpl.newInstance0(Native Method)
	at java.base/jdk.internal.reflect.NativeConstructorAccessorImpl.newInstance(NativeConstructorAccessorImpl.java:77)
	at java.base/jdk.internal.reflect.DelegatingConstructorAccessorImpl.newInstance(DelegatingConstructorAccessorImpl.java:45)
	at java.base/java.lang.reflect.Constructor.newInstanceWithCaller(Constructor.java:500)
	at java.base/java.lang.reflect.Constructor.newInstance(Constructor.java:481)
	at org.openqa.selenium.remote.ErrorCodec.decode(ErrorCodec.java:167)
	at org.openqa.selenium.remote.codec.w3c.W3CHttpResponseCodec.decode(W3CHttpResponseCodec.java:138)
	at org.openqa.selenium.remote.codec.w3c.W3CHttpResponseCodec.decode(W3CHttpResponseCodec.java:50)
	at org.openqa.selenium.remote.HttpCommandExecutor.execute(HttpCommandExecutor.java:190)
	at org.openqa.selenium.remote.service.DriverCommandExecutor.invokeExecute(DriverCommandExecutor.java:216)
	at org.openqa.selenium.remote.service.DriverCommandExecutor.execute(DriverCommandExecutor.java:174)
	at org.openqa.selenium.remote.RemoteWebDriver.execute(RemoteWebDriver.java:545)
	at org.openqa.selenium.remote.ElementLocation$ElementFinder$2.findElement(ElementLocation.java:165)
	at org.openqa.selenium.remote.ElementLocation.findElement(ElementLocation.java:59)
	at org.openqa.selenium.remote.RemoteWebDriver.findElement(RemoteWebDriver.java:368)
	at org.openqa.selenium.remote.RemoteWebDriver.findElement(RemoteWebDriver.java:362)
	at org.openqa.selenium.support.pagefactory.DefaultElementLocator.findElement(DefaultElementLocator.java:68)
	at org.openqa.selenium.support.pagefactory.internal.LocatingElementHandler.invoke(LocatingElementHandler.java:38)
	at jdk.proxy2/jdk.proxy2.$Proxy18.click(Unknown Source)
	at pages.ProductPage.ClickAddToCart(ProductPage.java:28)
	at stepDefinitions.ProductSteps.clickOnAddProduct(ProductSteps.java:17)
	at ✽.I click on add product button(file:///C:/Users/Sebas/Downloads/SauceDemoAuto/src/test/resources/product.feature:13)
</textarea>
      
      </div>
                  </div>
                  <div class="step skip-bg">
                    <span>Then The cart icon should display "1"</span>
      <div>Step skipped
      </div>
                  </div>
                  <div class="step skip-bg">
                    <span>And I click on remove product button</span>
      <div>Step skipped
      </div>
                  </div>
              </div>
            </div>
            <div class="card-body l1">
              <div class="card-header">
                <div class="card-title outline-child">
                  <div class="node" id="195"><span class="badge log fail-bg mr-2">Fail</span>Verify add product to cart from the product page</div>
                </div>
              </div>
              <div class="card-body mt-3 ">
                  <div class="step pass-bg">
                    <span>Given I am in sauce demo web page</span>
      <div>
      </div>
                  </div>
                  <div class="step pass-bg">
                    <span>When I set the user name text box with "standard_user"</span>
      <div>
      </div>
                  </div>
                  <div class="step pass-bg">
                    <span>And I set the password text box with "secret_sauce"</span>
      <div>
      </div>
                  </div>
                  <div class="step pass-bg">
                    <span>And I click on the login button</span>
      <div>
      </div>
                  </div>
                  <div class="step pass-bg">
                    <span>Given The home page should be displayed</span>
      <div>
      </div>
                  </div>
                  <div class="step pass-bg">
                    <span>And i click on "Sauce Labs Onesie"</span>
      <div>
      </div>
                  </div>
                  <div class="step pass-bg">
                    <span>Then the product page of "Sauce Labs Onesie" should be displayed</span>
      <div>
      </div>
                  </div>
                  <div class="step fail-bg">
                    <span>When I click on add product button</span>
      <div>
        <textarea disabled class="code-block">org.openqa.selenium.NoSuchElementException: no such element: Unable to locate element: {"method":"css selector","selector":"#add\-to\-cart"}
  (Session info: chrome=128.0.6613.137)
For documentation on this error, please visit: https://www.selenium.dev/documentation/webdriver/troubleshooting/errors#no-such-element-exception
Build info: version: '4.24.0', revision: '748ffc9bc3'
System info: os.name: 'Windows 11', os.arch: 'amd64', os.version: '10.0', java.version: '17.0.12'
Driver info: org.openqa.selenium.chrome.ChromeDriver
Command: [f84048ad9640a85113507f9a6fdfa9a4, findElement {using=id, value=add-to-cart}]
Capabilities {acceptInsecureCerts: false, browserName: chrome, browserVersion: 128.0.6613.137, chrome: {chromedriverVersion: 128.0.6613.137 (fe621c5aa2d..., userDataDir: C:\Users\Sebas\AppData\Loca...}, fedcm:accounts: true, goog:chromeOptions: {debuggerAddress: localhost:61217}, networkConnectionEnabled: false, pageLoadStrategy: normal, platformName: windows, proxy: Proxy(), se:cdp: ws://localhost:61217/devtoo..., se:cdpVersion: 128.0.6613.137, setWindowRect: true, strictFileInteractability: false, timeouts: {implicit: 0, pageLoad: 300000, script: 30000}, unhandledPromptBehavior: dismiss and notify, webauthn:extension:credBlob: true, webauthn:extension:largeBlob: true, webauthn:extension:minPinLength: true, webauthn:extension:prf: true, webauthn:virtualAuthenticators: true}
Session ID: f84048ad9640a85113507f9a6fdfa9a4
	at java.base/jdk.internal.reflect.NativeConstructorAccessorImpl.newInstance0(Native Method)
	at java.base/jdk.internal.reflect.NativeConstructorAccessorImpl.newInstance(NativeConstructorAccessorImpl.java:77)
	at java.base/jdk.internal.reflect.DelegatingConstructorAccessorImpl.newInstance(DelegatingConstructorAccessorImpl.java:45)
	at java.base/java.lang.reflect.Constructor.newInstanceWithCaller(Constructor.java:500)
	at java.base/java.lang.reflect.Constructor.newInstance(Constructor.java:481)
	at org.openqa.selenium.remote.ErrorCodec.decode(ErrorCodec.java:167)
	at org.openqa.selenium.remote.codec.w3c.W3CHttpResponseCodec.decode(W3CHttpResponseCodec.java:138)
	at org.openqa.selenium.remote.codec.w3c.W3CHttpResponseCodec.decode(W3CHttpResponseCodec.java:50)
	at org.openqa.selenium.remote.HttpCommandExecutor.execute(HttpCommandExecutor.java:190)
	at org.openqa.selenium.remote.service.DriverCommandExecutor.invokeExecute(DriverCommandExecutor.java:216)
	at org.openqa.selenium.remote.service.DriverCommandExecutor.execute(DriverCommandExecutor.java:174)
	at org.openqa.selenium.remote.RemoteWebDriver.execute(RemoteWebDriver.java:545)
	at org.openqa.selenium.remote.ElementLocation$ElementFinder$2.findElement(ElementLocation.java:165)
	at org.openqa.selenium.remote.ElementLocation.findElement(ElementLocation.java:59)
	at org.openqa.selenium.remote.RemoteWebDriver.findElement(RemoteWebDriver.java:368)
	at org.openqa.selenium.remote.RemoteWebDriver.findElement(RemoteWebDriver.java:362)
	at org.openqa.selenium.support.pagefactory.DefaultElementLocator.findElement(DefaultElementLocator.java:68)
	at org.openqa.selenium.support.pagefactory.internal.LocatingElementHandler.invoke(LocatingElementHandler.java:38)
	at jdk.proxy2/jdk.proxy2.$Proxy18.click(Unknown Source)
	at pages.ProductPage.ClickAddToCart(ProductPage.java:28)
	at stepDefinitions.ProductSteps.clickOnAddProduct(ProductSteps.java:17)
	at ✽.I click on add product button(file:///C:/Users/Sebas/Downloads/SauceDemoAuto/src/test/resources/product.feature:13)
</textarea>
      
      </div>
                  </div>
                  <div class="step skip-bg">
                    <span>Then The cart icon should display "1"</span>
      <div>Step skipped
      </div>
                  </div>
                  <div class="step skip-bg">
                    <span>And I click on remove product button</span>
      <div>Step skipped
      </div>
                  </div>
              </div>
            </div>
            <div class="card-body l1">
              <div class="card-header">
                <div class="card-title outline-child">
                  <div class="node" id="206"><span class="badge log fail-bg mr-2">Fail</span>Verify add product to cart from the product page</div>
                </div>
              </div>
              <div class="card-body mt-3 ">
                  <div class="step pass-bg">
                    <span>Given I am in sauce demo web page</span>
      <div>
      </div>
                  </div>
                  <div class="step pass-bg">
                    <span>When I set the user name text box with "standard_user"</span>
      <div>
      </div>
                  </div>
                  <div class="step pass-bg">
                    <span>And I set the password text box with "secret_sauce"</span>
      <div>
      </div>
                  </div>
                  <div class="step pass-bg">
                    <span>And I click on the login button</span>
      <div>
      </div>
                  </div>
                  <div class="step pass-bg">
                    <span>Given The home page should be displayed</span>
      <div>
      </div>
                  </div>
                  <div class="step pass-bg">
                    <span>And i click on "Sauce Labs Backpack"</span>
      <div>
      </div>
                  </div>
                  <div class="step pass-bg">
                    <span>Then the product page of "Sauce Labs Backpack" should be displayed</span>
      <div>
      </div>
                  </div>
                  <div class="step fail-bg">
                    <span>When I click on add product button</span>
      <div>
        <textarea disabled class="code-block">org.openqa.selenium.NoSuchElementException: no such element: Unable to locate element: {"method":"css selector","selector":"#add\-to\-cart"}
  (Session info: chrome=128.0.6613.137)
For documentation on this error, please visit: https://www.selenium.dev/documentation/webdriver/troubleshooting/errors#no-such-element-exception
Build info: version: '4.24.0', revision: '748ffc9bc3'
System info: os.name: 'Windows 11', os.arch: 'amd64', os.version: '10.0', java.version: '17.0.12'
Driver info: org.openqa.selenium.chrome.ChromeDriver
Command: [f84048ad9640a85113507f9a6fdfa9a4, findElement {using=id, value=add-to-cart}]
Capabilities {acceptInsecureCerts: false, browserName: chrome, browserVersion: 128.0.6613.137, chrome: {chromedriverVersion: 128.0.6613.137 (fe621c5aa2d..., userDataDir: C:\Users\Sebas\AppData\Loca...}, fedcm:accounts: true, goog:chromeOptions: {debuggerAddress: localhost:61217}, networkConnectionEnabled: false, pageLoadStrategy: normal, platformName: windows, proxy: Proxy(), se:cdp: ws://localhost:61217/devtoo..., se:cdpVersion: 128.0.6613.137, setWindowRect: true, strictFileInteractability: false, timeouts: {implicit: 0, pageLoad: 300000, script: 30000}, unhandledPromptBehavior: dismiss and notify, webauthn:extension:credBlob: true, webauthn:extension:largeBlob: true, webauthn:extension:minPinLength: true, webauthn:extension:prf: true, webauthn:virtualAuthenticators: true}
Session ID: f84048ad9640a85113507f9a6fdfa9a4
	at java.base/jdk.internal.reflect.NativeConstructorAccessorImpl.newInstance0(Native Method)
	at java.base/jdk.internal.reflect.NativeConstructorAccessorImpl.newInstance(NativeConstructorAccessorImpl.java:77)
	at java.base/jdk.internal.reflect.DelegatingConstructorAccessorImpl.newInstance(DelegatingConstructorAccessorImpl.java:45)
	at java.base/java.lang.reflect.Constructor.newInstanceWithCaller(Constructor.java:500)
	at java.base/java.lang.reflect.Constructor.newInstance(Constructor.java:481)
	at org.openqa.selenium.remote.ErrorCodec.decode(ErrorCodec.java:167)
	at org.openqa.selenium.remote.codec.w3c.W3CHttpResponseCodec.decode(W3CHttpResponseCodec.java:138)
	at org.openqa.selenium.remote.codec.w3c.W3CHttpResponseCodec.decode(W3CHttpResponseCodec.java:50)
	at org.openqa.selenium.remote.HttpCommandExecutor.execute(HttpCommandExecutor.java:190)
	at org.openqa.selenium.remote.service.DriverCommandExecutor.invokeExecute(DriverCommandExecutor.java:216)
	at org.openqa.selenium.remote.service.DriverCommandExecutor.execute(DriverCommandExecutor.java:174)
	at org.openqa.selenium.remote.RemoteWebDriver.execute(RemoteWebDriver.java:545)
	at org.openqa.selenium.remote.ElementLocation$ElementFinder$2.findElement(ElementLocation.java:165)
	at org.openqa.selenium.remote.ElementLocation.findElement(ElementLocation.java:59)
	at org.openqa.selenium.remote.RemoteWebDriver.findElement(RemoteWebDriver.java:368)
	at org.openqa.selenium.remote.RemoteWebDriver.findElement(RemoteWebDriver.java:362)
	at org.openqa.selenium.support.pagefactory.DefaultElementLocator.findElement(DefaultElementLocator.java:68)
	at org.openqa.selenium.support.pagefactory.internal.LocatingElementHandler.invoke(LocatingElementHandler.java:38)
	at jdk.proxy2/jdk.proxy2.$Proxy18.click(Unknown Source)
	at pages.ProductPage.ClickAddToCart(ProductPage.java:28)
	at stepDefinitions.ProductSteps.clickOnAddProduct(ProductSteps.java:17)
	at ✽.I click on add product button(file:///C:/Users/Sebas/Downloads/SauceDemoAuto/src/test/resources/product.feature:13)
</textarea>
      
      </div>
                  </div>
                  <div class="step skip-bg">
                    <span>Then The cart icon should display "1"</span>
      <div>Step skipped
      </div>
                  </div>
                  <div class="step skip-bg">
                    <span>And I click on remove product button</span>
      <div>Step skipped
      </div>
                  </div>
              </div>
            </div>
        </div>
  </div>
  <div class="card">
    <div class="card-header" role="tab">
      <div class="card-title">
        <div class="node" id="217"><span class="badge log pass-bg mr-2">Pass</span>Verify Back to products button</div>
      </div>
    </div>
        <div class="scenario_outline collapse">
            <div class="card-body l1">
              <div class="card-header">
                <div class="card-title outline-child">
                  <div class="node" id="218"><span class="badge log pass-bg mr-2">Pass</span>Verify Back to products button</div>
                </div>
              </div>
              <div class="card-body mt-3 collapse">
                  <div class="step pass-bg">
                    <span>Given I am in sauce demo web page</span>
      <div>
      </div>
                  </div>
                  <div class="step pass-bg">
                    <span>When I set the user name text box with "standard_user"</span>
      <div>
      </div>
                  </div>
                  <div class="step pass-bg">
                    <span>And I set the password text box with "secret_sauce"</span>
      <div>
      </div>
                  </div>
                  <div class="step pass-bg">
                    <span>And I click on the login button</span>
      <div>
      </div>
                  </div>
                  <div class="step pass-bg">
                    <span>Given The home page should be displayed</span>
      <div>
      </div>
                  </div>
                  <div class="step pass-bg">
                    <span>And i click on "Sauce Labs Bike Light"</span>
      <div>
      </div>
                  </div>
                  <div class="step pass-bg">
                    <span>Then the product page of "Sauce Labs Bike Light" should be displayed</span>
      <div>
      </div>
                  </div>
                  <div class="step pass-bg">
                    <span>And I return to home page</span>
      <div>
      </div>
                  </div>
                  <div class="step pass-bg">
                    <span>Given The home page should be displayed</span>
      <div>
      </div>
                  </div>
              </div>
            </div>
            <div class="card-body l1">
              <div class="card-header">
                <div class="card-title outline-child">
                  <div class="node" id="228"><span class="badge log pass-bg mr-2">Pass</span>Verify Back to products button</div>
                </div>
              </div>
              <div class="card-body mt-3 collapse">
                  <div class="step pass-bg">
                    <span>Given I am in sauce demo web page</span>
      <div>
      </div>
                  </div>
                  <div class="step pass-bg">
                    <span>When I set the user name text box with "standard_user"</span>
      <div>
      </div>
                  </div>
                  <div class="step pass-bg">
                    <span>And I set the password text box with "secret_sauce"</span>
      <div>
      </div>
                  </div>
                  <div class="step pass-bg">
                    <span>And I click on the login button</span>
      <div>
      </div>
                  </div>
                  <div class="step pass-bg">
                    <span>Given The home page should be displayed</span>
      <div>
      </div>
                  </div>
                  <div class="step pass-bg">
                    <span>And i click on "Sauce Labs Bolt T-Shirt"</span>
      <div>
      </div>
                  </div>
                  <div class="step pass-bg">
                    <span>Then the product page of "Sauce Labs Bolt T-Shirt" should be displayed</span>
      <div>
      </div>
                  </div>
                  <div class="step pass-bg">
                    <span>And I return to home page</span>
      <div>
      </div>
                  </div>
                  <div class="step pass-bg">
                    <span>Given The home page should be displayed</span>
      <div>
      </div>
                  </div>
              </div>
            </div>
            <div class="card-body l1">
              <div class="card-header">
                <div class="card-title outline-child">
                  <div class="node" id="238"><span class="badge log pass-bg mr-2">Pass</span>Verify Back to products button</div>
                </div>
              </div>
              <div class="card-body mt-3 collapse">
                  <div class="step pass-bg">
                    <span>Given I am in sauce demo web page</span>
      <div>
      </div>
                  </div>
                  <div class="step pass-bg">
                    <span>When I set the user name text box with "standard_user"</span>
      <div>
      </div>
                  </div>
                  <div class="step pass-bg">
                    <span>And I set the password text box with "secret_sauce"</span>
      <div>
      </div>
                  </div>
                  <div class="step pass-bg">
                    <span>And I click on the login button</span>
      <div>
      </div>
                  </div>
                  <div class="step pass-bg">
                    <span>Given The home page should be displayed</span>
      <div>
      </div>
                  </div>
                  <div class="step pass-bg">
                    <span>And i click on "Sauce Labs Onesie"</span>
      <div>
      </div>
                  </div>
                  <div class="step pass-bg">
                    <span>Then the product page of "Sauce Labs Onesie" should be displayed</span>
      <div>
      </div>
                  </div>
                  <div class="step pass-bg">
                    <span>And I return to home page</span>
      <div>
      </div>
                  </div>
                  <div class="step pass-bg">
                    <span>Given The home page should be displayed</span>
      <div>
      </div>
                  </div>
              </div>
            </div>
            <div class="card-body l1">
              <div class="card-header">
                <div class="card-title outline-child">
                  <div class="node" id="248"><span class="badge log pass-bg mr-2">Pass</span>Verify Back to products button</div>
                </div>
              </div>
              <div class="card-body mt-3 collapse">
                  <div class="step pass-bg">
                    <span>Given I am in sauce demo web page</span>
      <div>
      </div>
                  </div>
                  <div class="step pass-bg">
                    <span>When I set the user name text box with "standard_user"</span>
      <div>
      </div>
                  </div>
                  <div class="step pass-bg">
                    <span>And I set the password text box with "secret_sauce"</span>
      <div>
      </div>
                  </div>
                  <div class="step pass-bg">
                    <span>And I click on the login button</span>
      <div>
      </div>
                  </div>
                  <div class="step pass-bg">
                    <span>Given The home page should be displayed</span>
      <div>
      </div>
                  </div>
                  <div class="step pass-bg">
                    <span>And i click on "Sauce Labs Backpack"</span>
      <div>
      </div>
                  </div>
                  <div class="step pass-bg">
                    <span>Then the product page of "Sauce Labs Backpack" should be displayed</span>
      <div>
      </div>
                  </div>
                  <div class="step pass-bg">
                    <span>And I return to home page</span>
      <div>
      </div>
                  </div>
                  <div class="step pass-bg">
                    <span>Given The home page should be displayed</span>
      <div>
      </div>
                  </div>
              </div>
            </div>
        </div>
  </div>
</div>
          </div>
        </li>
      </ul>
    </div>
  </div>
<div class="test-content scrollable">
<div class="test-content-tools">
<ul><li><a class="back-to-test" href="#"><i class="fa fa-arrow-left"></i></a></li></ul>
</div>
<div class="test-content-detail"><div class="detail-body"></div></div>
</div></div>
<div class="test-wrapper row view exception-view attributes-view">
<div class="test-list">
<div class="test-list-tools">
<ul class="tools pull-left"><li><a href=""><span class="font-size-14">Exception</span></a></li></ul>
<ul class="tools text-right"><li><a href="#"><span class="badge badge-primary">2</span></a></li></ul>
</div>
<div class="test-list-wrapper scrollable">
<ul class="test-list-item">
<li class="test-item">
<div class="test-detail">
<span class="meta">
<span class='badge log badge-danger'>2</span>
</span>
<p class="name">org.opentest4j.AssertionFailedError</p>
<p class="duration text-sm">2 tests</p>
</div>
<div class="test-contents d-none">
<div class="info">
<h4>org.opentest4j.AssertionFailedError</h4>
<span status="fail" class='badge log badge-danger'>2 failed</span>
</div>
<table class='table table-sm mt-4'>
<thead>
<tr>
<th class="status-col">Status</th>
<th class="timestamp-col">Timestamp</th>
<th>TestName</th>
</tr>
</thead>
<tbody>
<tr class="tag-test-status" status="fail">
<td><span class="badge log fail-bg">Fail</span></td>
<td>02:40:42 a. m.</td>
<td>
<a href="#" class="linked" test-id='39' id='100'>Then The cart icon should display "1"</a>
<div class="">
<span class="badge badge-default">Home page.Verify that all products can be added to the cart.Then The cart icon should display "1"</span>
</div>
</td>
</tr>
<tr class="tag-test-status" status="fail">
<td><span class="badge log fail-bg">Fail</span></td>
<td>02:40:43 a. m.</td>
<td>
<a href="#" class="linked" test-id='39' id='109'>Then The cart icon should display "1"</a>
<div class="">
<span class="badge badge-default">Home page.Verify that all products can be added to the cart.Then The cart icon should display "1"</span>
</div>
</td>
</tr>
</tbody>
</table>
</div>
</li>
<li class="test-item">
<div class="test-detail">
<span class="meta">
<span class='badge log badge-danger'>6</span>
</span>
<p class="name">org.openqa.selenium.NoSuchElementException</p>
<p class="duration text-sm">6 tests</p>
</div>
<div class="test-contents d-none">
<div class="info">
<h4>org.openqa.selenium.NoSuchElementException</h4>
<span status="fail" class='badge log badge-danger'>6 failed</span>
</div>
<table class='table table-sm mt-4'>
<thead>
<tr>
<th class="status-col">Status</th>
<th class="timestamp-col">Timestamp</th>
<th>TestName</th>
</tr>
</thead>
<tbody>
<tr class="tag-test-status" status="fail">
<td><span class="badge log fail-bg">Fail</span></td>
<td>02:40:42 a. m.</td>
<td>
<a href="#" class="linked" test-id='39' id='90'>And I add to the cart the product "Sauce Labs Backpack"</a>
<div class="">
<span class="badge badge-default">Home page.Verify that all products can be added to the cart.And I add to the cart the product "Sauce Labs Backpack"</span>
</div>
</td>
</tr>
<tr class="tag-test-status" status="fail">
<td><span class="badge log fail-bg">Fail</span></td>
<td>02:40:43 a. m.</td>
<td>
<a href="#" class="linked" test-id='39' id='117'>And I add to the cart the product "Sauce Labs Onesie"</a>
<div class="">
<span class="badge badge-default">Home page.Verify that all products can be added to the cart.And I add to the cart the product "Sauce Labs Onesie"</span>
</div>
</td>
</tr>
<tr class="tag-test-status" status="fail">
<td><span class="badge log fail-bg">Fail</span></td>
<td>02:40:44 a. m.</td>
<td>
<a href="#" class="linked" test-id='171' id='181'>When I click on add product button</a>
<div class="">
<span class="badge badge-default">Product page.Verify add product to cart from the product page.When I click on add product button</span>
</div>
</td>
</tr>
<tr class="tag-test-status" status="fail">
<td><span class="badge log fail-bg">Fail</span></td>
<td>02:40:44 a. m.</td>
<td>
<a href="#" class="linked" test-id='171' id='192'>When I click on add product button</a>
<div class="">
<span class="badge badge-default">Product page.Verify add product to cart from the product page.When I click on add product button</span>
</div>
</td>
</tr>
<tr class="tag-test-status" status="fail">
<td><span class="badge log fail-bg">Fail</span></td>
<td>02:40:45 a. m.</td>
<td>
<a href="#" class="linked" test-id='171' id='203'>When I click on add product button</a>
<div class="">
<span class="badge badge-default">Product page.Verify add product to cart from the product page.When I click on add product button</span>
</div>
</td>
</tr>
<tr class="tag-test-status" status="fail">
<td><span class="badge log fail-bg">Fail</span></td>
<td>02:40:45 a. m.</td>
<td>
<a href="#" class="linked" test-id='171' id='214'>When I click on add product button</a>
<div class="">
<span class="badge badge-default">Product page.Verify add product to cart from the product page.When I click on add product button</span>
</div>
</td>
</tr>
</tbody>
</table>
</div>
</li>
</ul>
</div>
</div>
<div class="test-content scrollable">
<div class="test-content-detail">
<div class="detail-body"></div>
</div>
</div>
</div><div class="test-wrapper row view category-view attributes-view">
<div class="test-list">
<div class="test-list-tools">
<ul class="tools pull-left"><li><a href=""><span class="font-size-14">Category</span></a></li></ul>
<ul class="tools text-right"><li><a href="#"><span class="badge badge-primary">1</span></a></li></ul>
</div>
<div class="test-list-wrapper scrollable">
<ul class="test-list-item">
<li class="test-item">
<div class="test-detail">
<span class="meta">
<span class='badge log pass-bg'>4</span>
<span class='badge log badge-danger'>4</span>
</span>
<p class="name">@run</p>
<p class="duration text-sm">8 tests</p>
</div>
<div class="test-contents d-none">
<div class="info">
<h4>@run</h4>
<span status="pass" class='badge log pass-bg'>4 passed</span>
<span status="fail" class='badge log badge-danger'>4 failed</span>
</div>
<table class='table table-sm mt-4'>
<thead>
<tr>
<th class="status-col">Status</th>
<th class="timestamp-col">Timestamp</th>
<th>TestName</th>
</tr>
</thead>
<tbody>
<tr class="tag-test-status" status="fail">
<td><span class="badge log fail-bg">Fail</span></td>
<td>02:40:42 a. m.</td>
<td>
<a href="#" class="linked" test-id='39' id='84'>Verify that all products can be added to the cart</a>
<div class="">
<span class="badge badge-default">Home page.Verify that all products can be added to the cart</span>
</div>
</td>
</tr>
<tr class="tag-test-status" status="fail">
<td><span class="badge log fail-bg">Fail</span></td>
<td>02:40:42 a. m.</td>
<td>
<a href="#" class="linked" test-id='39' id='93'>Verify that all products can be added to the cart</a>
<div class="">
<span class="badge badge-default">Home page.Verify that all products can be added to the cart</span>
</div>
</td>
</tr>
<tr class="tag-test-status" status="fail">
<td><span class="badge log fail-bg">Fail</span></td>
<td>02:40:42 a. m.</td>
<td>
<a href="#" class="linked" test-id='39' id='102'>Verify that all products can be added to the cart</a>
<div class="">
<span class="badge badge-default">Home page.Verify that all products can be added to the cart</span>
</div>
</td>
</tr>
<tr class="tag-test-status" status="fail">
<td><span class="badge log fail-bg">Fail</span></td>
<td>02:40:43 a. m.</td>
<td>
<a href="#" class="linked" test-id='39' id='111'>Verify that all products can be added to the cart</a>
<div class="">
<span class="badge badge-default">Home page.Verify that all products can be added to the cart</span>
</div>
</td>
</tr>
<tr class="tag-test-status" status="pass">
<td><span class="badge log pass-bg">Pass</span></td>
<td>02:40:43 a. m.</td>
<td>
<a href="#" class="linked" test-id='120' id='147'>Login into Sauce Demo with invalid credentials</a>
<div class="">
<span class="badge badge-default">Login Sauce Demo App.Login into Sauce Demo with invalid credentials</span>
</div>
</td>
</tr>
<tr class="tag-test-status" status="pass">
<td><span class="badge log pass-bg">Pass</span></td>
<td>02:40:44 a. m.</td>
<td>
<a href="#" class="linked" test-id='120' id='153'>Login into Sauce Demo with invalid credentials</a>
<div class="">
<span class="badge badge-default">Login Sauce Demo App.Login into Sauce Demo with invalid credentials</span>
</div>
</td>
</tr>
<tr class="tag-test-status" status="pass">
<td><span class="badge log pass-bg">Pass</span></td>
<td>02:40:44 a. m.</td>
<td>
<a href="#" class="linked" test-id='120' id='159'>Login into Sauce Demo with invalid credentials</a>
<div class="">
<span class="badge badge-default">Login Sauce Demo App.Login into Sauce Demo with invalid credentials</span>
</div>
</td>
</tr>
<tr class="tag-test-status" status="pass">
<td><span class="badge log pass-bg">Pass</span></td>
<td>02:40:44 a. m.</td>
<td>
<a href="#" class="linked" test-id='120' id='165'>Login into Sauce Demo with invalid credentials</a>
<div class="">
<span class="badge badge-default">Login Sauce Demo App.Login into Sauce Demo with invalid credentials</span>
</div>
</td>
</tr>
</tbody>
</table>
</div>
</li>
</ul>
</div>
</div>
<div class="test-content scrollable">
<div class="test-content-detail">
<div class="detail-body"></div>
</div>
</div>
</div><div class="container-fluid p-4 view dashboard-view">
<div class="row">
<div class="col-md-3">
<div class="card"><div class="card-body">
<p class="m-b-0">Started</p>
<h3>sep. 12, 2024 02:40:38 a. m.</h3>
</div></div>
</div>
<div class="col-md-3">
<div class="card"><div class="card-body">
<p class="m-b-0">Ended</p>
<h3>sep. 12, 2024 02:40:46 a. m.</h3>
</div></div>
</div>
<div class="col-md-3">
<div class="card"><div class="card-body">
<p class="m-b-0 text-pass">Features Passed</p>
<h3>2</h3>
</div></div>
</div>
<div class="col-md-3">
<div class="card"><div class="card-body">
<p class="m-b-0 text-fail">Features Failed</p>
<h3>2</h3>
</div></div>
</div>
</div>
<div class="row">
<div class="col-md-4">
<div class="card">
<div class="card-header">
<h6 class="card-title">Features</h6>
</div>
<div class="card-body">
<div class="">
<canvas id='parent-analysis' width='115' height='90'></canvas>
</div>
</div>
<div class="card-footer">
<div><small data-tooltip='50%'>
<b>2</b> features passed
</small>
</div>
<div>
<small data-tooltip='50%'><b>2</b> features failed,
<b>0</b> skipped, <b data-tooltip='0%'>0</b> others
</small>
</div>
</div>
</div>
</div>
<div class="col-md-4">
<div class="card">
<div class="card-header">
<h6 class="card-title">Scenarios</h6>
</div>
<div class="card-body">
<div class="">
<canvas id='child-analysis' width='115' height='90'></canvas>
</div>
</div>
<div class="card-footer">
<div><small data-tooltip='72%'><b>21</b> scenarios passed</small></div>
<div>
<small data-tooltip='27%'><b>8</b> scenarios failed,
<b>0</b> skipped, <b data-tooltip='%'>0</b> others
</small>
</div>
</div>
</div>
</div>
<div class="col-md-4">
<div class="card">
<div class="card-header">
<h6 class="card-title">Steps</h6>
</div>
<div class="card-body">
<div class="">
<canvas id='grandchild-analysis' width='115' height='90'></canvas>
</div>
</div>
<div class="card-footer">
<div><small data-tooltip='89%'><b>196</b> steps passed</small></div>
<div>
<small data-tooltip='3%'><b>8</b> steps failed,
<b>14</b> skipped, <b data-tooltip='%'>0</b> others
</small>
</div>
</div>
</div>
</div>
</div>
<div class="row"><div class="col-md-12">
<div class="card"><div class="card-header"><p>Timeline</p></div>
<div class="card-body pt-0"><div>
<canvas id="timeline" height="120"></canvas>
</div></div>
</div>
</div></div>
<script>
var timeline = {
"Checkout feature":2.98,"Home page":1.832,"Login Sauce Demo App":1.184,"Product page":1.793
};
</script>
<div class="row">
<div class="col-lg-6 col-md-12 category-container">
<div class="card">
<div class="card-header"><p>Tags</p></div>
<div class="card-body pb-0 pt-0"><table class="table table-sm table-bordered">
<thead><tr class="bg-gray"><th>Name</th><th>Passed</th><th>Failed</th><th>Skipped</th><th>Others</th><th>Passed %</th></tr></thead><tbody>
<tr>
<td>@run</td>
<td>4</td>
<td>4</td>
<td>0</td>
<td>0</td>
<td>50%</td>
</tr>
</tbody>
</table></div>
</div>
</div>
</div>
</div>
<script>
var statusGroup = {
parentCount: 5,
passParent: 2,
failParent: 2,
warningParent: 0,
skipParent: 0,
childCount: 5,
passChild: 21,
failChild: 8,
warningChild: 0,
skipChild: 0,
infoChild: 0,
grandChildCount: 5,
passGrandChild: 196,
failGrandChild: 8,
warningGrandChild: 0,
skipGrandChild: 14,
infoGrandChild: 0,
eventsCount: 5,
};
</script>        </div>
      </div>
    </div>
  </div>
<script src="https://cdn.jsdelivr.net/gh/extent-framework/extent-github-cdn@c05cd28cde1617b9d0c05a831daff6cb97fd9fd5/spark/js/spark-script.js"></script>
<script type="text/javascript"></script></body>
</html>